#
# A fatal error has been detected by the Java Runtime Environment:
#
#  EXCEPTION_ACCESS_VIOLATION (0xc0000005) at pc=0x00007ff87e49449c, pid=9676, tid=0x0000000000000594
#
# JRE version: Java(TM) SE Runtime Environment (8.0_181-b13) (build 1.8.0_181-b13)
# Java VM: Java HotSpot(TM) 64-Bit Server VM (25.181-b13 mixed mode windows-amd64 compressed oops)
# Problematic frame:
# C  [avformat-58.dll+0xc449c]
#
# Failed to write core dump. Minidumps are not enabled by default on client versions of Windows
#
# If you would like to submit a bug report, please visit:
#   http://bugreport.java.com/bugreport/crash.jsp
# The crash happened outside the Java Virtual Machine in native code.
# See problematic frame for where to report the bug.
#

---------------  T H R E A D  ---------------

Current thread (0x000000001aae5800):  JavaThread "Thread-4" [_thread_in_native, id=1428, stack(0x0000000023b10000,0x0000000023c10000)]

siginfo: ExceptionCode=0xc0000005, reading address 0x0000000000000040

Registers:
RAX=0x00007ff87e7642e0, RBX=0x0000000000000001, RCX=0x000000002a445040, RDX=0x0000000000000001
RSP=0x0000000023c0f240, RBP=0x0000000000000000, RSI=0x0000000000000000, RDI=0x0000000003248180
R8 =0x0000000000000000, R9 =0x000000010035f008, R10=0x0000000003261dc4, R11=0x000000005bd1c6a0
R12=0x0000000000000000, R13=0x000000002a445040, R14=0x0000000023c0f558, R15=0x0000000000000000
RIP=0x00007ff87e49449c, EFLAGS=0x0000000000010202

Top of Stack: (sp=0x0000000023c0f240)
0x0000000023c0f240:   0000000000000000 0000000000000000
0x0000000023c0f250:   0000000000000000 0000000000000000
0x0000000023c0f260:   0000000000000000 0000000000000000
0x0000000023c0f270:   0000000000000000 0000000000000000
0x0000000023c0f280:   0000000000000000 00007ff8c6546ff8
0x0000000023c0f290:   0000000000000000 0000000000000000
0x0000000023c0f2a0:   3fed9d9d9d9d9d9e 0000000000000000
0x0000000023c0f2b0:   0000000000000000 00007ff867e92365
0x0000000023c0f2c0:   0000000022d0fc30 0000000000000020
0x0000000023c0f2d0:   000000001acc1290 0000000000000000
0x0000000023c0f2e0:   000000002ab57ac0 0000000022d0fc30
0x0000000023c0f2f0:   000000001aae5800 0000000023c0f4b0
0x0000000023c0f300:   0000000022d0fc30 000000001acc1530
0x0000000023c0f310:   000000001acc1530 0000000000000000
0x0000000023c0f320:   0000000023c0f498 000000005e1c8d94
0x0000000023c0f330:   000000001aae5800 000000002a445040 

Instructions: (pc=0x00007ff87e49449c)
0x00007ff87e49447c:   00 00 00 00 41 57 41 56 41 55 41 54 55 57 56 53
0x00007ff87e49448c:   48 81 ec f8 00 00 00 4c 8b 79 18 49 89 cd 89 d3
0x00007ff87e49449c:   41 f6 47 40 02 0f 84 b9 08 00 00 8b 41 2c 85 c0
0x00007ff87e4944ac:   0f 84 a9 00 00 00 31 ff 31 f6 4c 8d a4 24 90 00 


Register to memory mapping:

RAX=0x00007ff87e7642e0 is an unknown value
RBX=0x0000000000000001 is an unknown value
RCX=0x000000002a445040 is an unknown value
RDX=0x0000000000000001 is an unknown value
RSP=0x0000000023c0f240 is pointing into the stack for thread: 0x000000001aae5800
RBP=0x0000000000000000 is an unknown value
RSI=0x0000000000000000 is an unknown value
RDI=0x0000000003248180 is at code_begin+1664 in an Interpreter codelet
invoke return entry points  [0x0000000003247b00, 0x00000000032484e0]  2528 bytes
R8 =0x0000000000000000 is an unknown value
R9 =0x000000010035f008 is pointing into metadata
R10=0x0000000003261dc4 is at code_begin+1700 in an Interpreter codelet
method entry point (kind = native)  [0x0000000003261720, 0x00000000032627e0]  4288 bytes
R11=0x000000005bd1c6a0 is an unknown value
R12=0x0000000000000000 is an unknown value
R13=0x000000002a445040 is an unknown value
R14=0x0000000023c0f558 is pointing into the stack for thread: 0x000000001aae5800
R15=0x0000000000000000 is an unknown value


Stack: [0x0000000023b10000,0x0000000023c10000],  sp=0x0000000023c0f240,  free space=1020k
Native frames: (J=compiled Java code, j=interpreted, Vv=VM code, C=native code)

Java frames: (J=compiled Java code, j=interpreted, Vv=VM code)
j  org.bytedeco.javacpp.avformat.av_write_frame(Lorg/bytedeco/javacpp/avformat$AVFormatContext;Lorg/bytedeco/javacpp/avcodec$AVPacket;)I+0
j  org.bytedeco.javacv.FFmpegFrameRecorder.stop()V+116
j  org.deeplearning4j.rl4j.learning.HistoryProcessor.stopMonitor()V+11
j  org.deeplearning4j.rl4j.learning.async.AsyncThread.postEpoch()V+11
j  org.deeplearning4j.rl4j.TimeLimitThread.run()V+366
v  ~StubRoutines::call_stub

---------------  P R O C E S S  ---------------

Java Threads: ( => current thread )
  0x000000001bffe000 JavaThread "Thread-5" [_thread_blocked, id=6532, stack(0x0000000024940000,0x0000000024a40000)]
=>0x000000001aae5800 JavaThread "Thread-4" [_thread_in_native, id=1428, stack(0x0000000023b10000,0x0000000023c10000)]
  0x000000001b223800 JavaThread "Workspace deallocator thread" daemon [_thread_blocked, id=5832, stack(0x000000001d000000,0x000000001d100000)]
  0x000000001c06e800 JavaThread "JavaCPP Deallocator" daemon [_thread_blocked, id=18296, stack(0x000000001b820000,0x000000001b920000)]
  0x000000001a266000 JavaThread "Service Thread" daemon [_thread_blocked, id=16000, stack(0x000000001a650000,0x000000001a750000)]
  0x000000001a231000 JavaThread "C1 CompilerThread2" daemon [_thread_blocked, id=14724, stack(0x000000001a550000,0x000000001a650000)]
  0x000000001a230800 JavaThread "C2 CompilerThread1" daemon [_thread_blocked, id=13996, stack(0x000000001a450000,0x000000001a550000)]
  0x000000001a22f800 JavaThread "C2 CompilerThread0" daemon [_thread_blocked, id=7152, stack(0x000000001a350000,0x000000001a450000)]
  0x0000000017e30800 JavaThread "JDWP Command Reader" daemon [_thread_in_native, id=2912, stack(0x0000000019650000,0x0000000019750000)]
  0x0000000017e23800 JavaThread "JDWP Event Helper Thread" daemon [_thread_blocked, id=15476, stack(0x0000000019550000,0x0000000019650000)]
  0x0000000017e18000 JavaThread "JDWP Transport Listener: dt_socket" daemon [_thread_blocked, id=7464, stack(0x0000000019450000,0x0000000019550000)]
  0x0000000017e09800 JavaThread "Attach Listener" daemon [_thread_blocked, id=7644, stack(0x0000000019350000,0x0000000019450000)]
  0x0000000017e08000 JavaThread "Signal Dispatcher" daemon [_thread_blocked, id=6500, stack(0x0000000019250000,0x0000000019350000)]
  0x0000000017de6000 JavaThread "Finalizer" daemon [_thread_blocked, id=6744, stack(0x0000000019050000,0x0000000019150000)]
  0x0000000017dbb000 JavaThread "Reference Handler" daemon [_thread_blocked, id=13156, stack(0x0000000018f50000,0x0000000019050000)]
  0x0000000002fba000 JavaThread "main" [_thread_in_native, id=10944, stack(0x0000000002e70000,0x0000000002f70000)]

Other Threads:
  0x0000000017db8800 VMThread [stack: 0x0000000018e50000,0x0000000018f50000] [id=4256]
  0x000000001a81a800 WatcherThread [stack: 0x000000001b720000,0x000000001b820000] [id=13920]

VM state:not at safepoint (normal execution)

VM Mutex/Monitor currently owned by a thread: None

Heap:
 PSYoungGen      total 93184K, used 28972K [0x00000000d5980000, 0x00000000dba80000, 0x0000000100000000)
  eden space 89088K, 32% used [0x00000000d5980000,0x00000000d759b078,0x00000000db080000)
  from space 4096K, 4% used [0x00000000db680000,0x00000000db6b0000,0x00000000dba80000)
  to   space 5120K, 0% used [0x00000000db080000,0x00000000db080000,0x00000000db580000)
 ParOldGen       total 39936K, used 13904K [0x0000000080c00000, 0x0000000083300000, 0x00000000d5980000)
  object space 39936K, 34% used [0x0000000080c00000,0x00000000819941c0,0x0000000083300000)
 Metaspace       used 27828K, capacity 28052K, committed 28416K, reserved 1073152K
  class space    used 3671K, capacity 3738K, committed 3840K, reserved 1048576K

Card table byte_map: [0x0000000012600000,0x0000000012a00000] byte_map_base: 0x00000000121fa000

Marking Bits: (ParMarkBitMap*) 0x000000005c312d00
 Begin Bits: [0x00000000130b0000, 0x0000000015080000)
 End Bits:   [0x0000000015080000, 0x0000000017050000)

Polling page: 0x0000000000df0000

CodeCache: size=245760Kb used=8629Kb max_used=8648Kb free=237130Kb
 bounds [0x0000000003240000, 0x0000000003ac0000, 0x0000000012240000]
 total_blobs=2830 nmethods=2082 adapters=668
 compilation: enabled

Compilation events (10 events):
Event: 9.205 Thread 0x000000001a231000 2288       3       sun.util.calendar.BaseCalendar::normalizeMonth (117 bytes)
Event: 9.205 Thread 0x000000001a231000 nmethod 2288 0x0000000003479e50 code [0x000000000347a020, 0x000000000347a9a8]
Event: 9.205 Thread 0x000000001a231000 2289       3       sun.util.calendar.AbstractCalendar::getTimeOfDayValue (50 bytes)
Event: 9.205 Thread 0x000000001a22f800 2291       4       org.bytedeco.javacpp.ClassProperties::get (30 bytes)
Event: 9.205 Thread 0x000000001a231000 nmethod 2289 0x00000000035824d0 code [0x0000000003582640, 0x0000000003582a30]
Event: 9.205 Thread 0x000000001a231000 2290       3       sun.util.calendar.Gregorian::getCalendarDate (7 bytes)
Event: 9.206 Thread 0x000000001a231000 nmethod 2290 0x000000000347f3d0 code [0x000000000347f540, 0x000000000347f848]
Event: 9.206 Thread 0x000000001a231000 2286       3       java.util.zip.ZipUtils::extendedDosToJavaTime (12 bytes)
Event: 9.206 Thread 0x000000001a231000 nmethod 2286 0x00000000036b8cd0 code [0x00000000036b8e40, 0x00000000036b8fc8]
Event: 9.225 Thread 0x000000001a22f800 nmethod 2291 0x00000000036df790 code [0x00000000036df960, 0x00000000036e09d8]

GC Heap History (10 events):
Event: 8.491 GC heap before
{Heap before GC invocations=31 (full 1):
 PSYoungGen      total 55296K, used 49449K [0x00000000d5980000, 0x00000000da100000, 0x0000000100000000)
  eden space 48640K, 99% used [0x00000000d5980000,0x00000000d88b5778,0x00000000d8900000)
  from space 6656K, 16% used [0x00000000d8900000,0x00000000d8a14e10,0x00000000d8f80000)
  to   space 6144K, 0% used [0x00000000d9b00000,0x00000000d9b00000,0x00000000da100000)
 ParOldGen       total 39936K, used 13675K [0x0000000080c00000, 0x0000000083300000, 0x00000000d5980000)
  object space 39936K, 34% used [0x0000000080c00000,0x000000008195aec0,0x0000000083300000)
 Metaspace       used 27416K, capacity 27636K, committed 27776K, reserved 1073152K
  class space    used 3640K, capacity 3706K, committed 3712K, reserved 1048576K
Event: 8.492 GC heap after
Heap after GC invocations=31 (full 1):
 PSYoungGen      total 67072K, used 192K [0x00000000d5980000, 0x00000000da100000, 0x0000000100000000)
  eden space 60928K, 0% used [0x00000000d5980000,0x00000000d5980000,0x00000000d9500000)
  from space 6144K, 3% used [0x00000000d9b00000,0x00000000d9b30000,0x00000000da100000)
  to   space 6144K, 0% used [0x00000000d9500000,0x00000000d9500000,0x00000000d9b00000)
 ParOldGen       total 39936K, used 13739K [0x0000000080c00000, 0x0000000083300000, 0x00000000d5980000)
  object space 39936K, 34% used [0x0000000080c00000,0x000000008196aec0,0x0000000083300000)
 Metaspace       used 27416K, capacity 27636K, committed 27776K, reserved 1073152K
  class space    used 3640K, capacity 3706K, committed 3712K, reserved 1048576K
}
Event: 8.619 GC heap before
{Heap before GC invocations=32 (full 1):
 PSYoungGen      total 67072K, used 61058K [0x00000000d5980000, 0x00000000da100000, 0x0000000100000000)
  eden space 60928K, 99% used [0x00000000d5980000,0x00000000d94f09a0,0x00000000d9500000)
  from space 6144K, 3% used [0x00000000d9b00000,0x00000000d9b30000,0x00000000da100000)
  to   space 6144K, 0% used [0x00000000d9500000,0x00000000d9500000,0x00000000d9b00000)
 ParOldGen       total 39936K, used 13739K [0x0000000080c00000, 0x0000000083300000, 0x00000000d5980000)
  object space 39936K, 34% used [0x0000000080c00000,0x000000008196aec0,0x0000000083300000)
 Metaspace       used 27542K, capacity 27700K, committed 27776K, reserved 1073152K
  class space    used 3653K, capacity 3706K, committed 3712K, reserved 1048576K
Event: 8.620 GC heap after
Heap after GC invocations=32 (full 1):
 PSYoungGen      total 67072K, used 224K [0x00000000d5980000, 0x00000000daf80000, 0x0000000100000000)
  eden space 60928K, 0% used [0x00000000d5980000,0x00000000d5980000,0x00000000d9500000)
  from space 6144K, 3% used [0x00000000d9500000,0x00000000d9538000,0x00000000d9b00000)
  to   space 6144K, 0% used [0x00000000da980000,0x00000000da980000,0x00000000daf80000)
 ParOldGen       total 39936K, used 13787K [0x0000000080c00000, 0x0000000083300000, 0x00000000d5980000)
  object space 39936K, 34% used [0x0000000080c00000,0x0000000081976ec0,0x0000000083300000)
 Metaspace       used 27542K, capacity 27700K, committed 27776K, reserved 1073152K
  class space    used 3653K, capacity 3706K, committed 3712K, reserved 1048576K
}
Event: 8.759 GC heap before
{Heap before GC invocations=33 (full 1):
 PSYoungGen      total 67072K, used 61119K [0x00000000d5980000, 0x00000000daf80000, 0x0000000100000000)
  eden space 60928K, 99% used [0x00000000d5980000,0x00000000d94f7ff0,0x00000000d9500000)
  from space 6144K, 3% used [0x00000000d9500000,0x00000000d9538000,0x00000000d9b00000)
  to   space 6144K, 0% used [0x00000000da980000,0x00000000da980000,0x00000000daf80000)
 ParOldGen       total 39936K, used 13787K [0x0000000080c00000, 0x0000000083300000, 0x00000000d5980000)
  object space 39936K, 34% used [0x0000000080c00000,0x0000000081976ec0,0x0000000083300000)
 Metaspace       used 27606K, capacity 27764K, committed 28032K, reserved 1073152K
  class space    used 3663K, capacity 3706K, committed 3712K, reserved 1048576K
Event: 8.760 GC heap after
Heap after GC invocations=33 (full 1):
 PSYoungGen      total 79872K, used 1011K [0x00000000d5980000, 0x00000000dae00000, 0x0000000100000000)
  eden space 75264K, 0% used [0x00000000d5980000,0x00000000d5980000,0x00000000da300000)
  from space 4608K, 21% used [0x00000000da980000,0x00000000daa7ce10,0x00000000dae00000)
  to   space 5632K, 0% used [0x00000000da300000,0x00000000da300000,0x00000000da880000)
 ParOldGen       total 39936K, used 13832K [0x0000000080c00000, 0x0000000083300000, 0x00000000d5980000)
  object space 39936K, 34% used [0x0000000080c00000,0x00000000819821c0,0x0000000083300000)
 Metaspace       used 27606K, capacity 27764K, committed 28032K, reserved 1073152K
  class space    used 3663K, capacity 3706K, committed 3712K, reserved 1048576K
}
Event: 8.913 GC heap before
{Heap before GC invocations=34 (full 1):
 PSYoungGen      total 79872K, used 75643K [0x00000000d5980000, 0x00000000dae00000, 0x0000000100000000)
  eden space 75264K, 99% used [0x00000000d5980000,0x00000000da262058,0x00000000da300000)
  from space 4608K, 21% used [0x00000000da980000,0x00000000daa7ce10,0x00000000dae00000)
  to   space 5632K, 0% used [0x00000000da300000,0x00000000da300000,0x00000000da880000)
 ParOldGen       total 39936K, used 13832K [0x0000000080c00000, 0x0000000083300000, 0x00000000d5980000)
  object space 39936K, 34% used [0x0000000080c00000,0x00000000819821c0,0x0000000083300000)
 Metaspace       used 27665K, capacity 27828K, committed 28032K, reserved 1073152K
  class space    used 3664K, capacity 3706K, committed 3712K, reserved 1048576K
Event: 8.914 GC heap after
Heap after GC invocations=34 (full 1):
 PSYoungGen      total 80896K, used 224K [0x00000000d5980000, 0x00000000dbc00000, 0x0000000100000000)
  eden space 75264K, 0% used [0x00000000d5980000,0x00000000d5980000,0x00000000da300000)
  from space 5632K, 3% used [0x00000000da300000,0x00000000da338000,0x00000000da880000)
  to   space 5632K, 0% used [0x00000000db680000,0x00000000db680000,0x00000000dbc00000)
 ParOldGen       total 39936K, used 13872K [0x0000000080c00000, 0x0000000083300000, 0x00000000d5980000)
  object space 39936K, 34% used [0x0000000080c00000,0x000000008198c1c0,0x0000000083300000)
 Metaspace       used 27665K, capacity 27828K, committed 28032K, reserved 1073152K
  class space    used 3664K, capacity 3706K, committed 3712K, reserved 1048576K
}
Event: 9.086 GC heap before
{Heap before GC invocations=35 (full 1):
 PSYoungGen      total 80896K, used 75488K [0x00000000d5980000, 0x00000000dbc00000, 0x0000000100000000)
  eden space 75264K, 100% used [0x00000000d5980000,0x00000000da300000,0x00000000da300000)
  from space 5632K, 3% used [0x00000000da300000,0x00000000da338000,0x00000000da880000)
  to   space 5632K, 0% used [0x00000000db680000,0x00000000db680000,0x00000000dbc00000)
 ParOldGen       total 39936K, used 13872K [0x0000000080c00000, 0x0000000083300000, 0x00000000d5980000)
  object space 39936K, 34% used [0x0000000080c00000,0x000000008198c1c0,0x0000000083300000)
 Metaspace       used 27738K, capacity 27924K, committed 28160K, reserved 1073152K
  class space    used 3666K, capacity 3738K, committed 3840K, reserved 1048576K
Event: 9.087 GC heap after
Heap after GC invocations=35 (full 1):
 PSYoungGen      total 93184K, used 192K [0x00000000d5980000, 0x00000000dba80000, 0x0000000100000000)
  eden space 89088K, 0% used [0x00000000d5980000,0x00000000d5980000,0x00000000db080000)
  from space 4096K, 4% used [0x00000000db680000,0x00000000db6b0000,0x00000000dba80000)
  to   space 5120K, 0% used [0x00000000db080000,0x00000000db080000,0x00000000db580000)
 ParOldGen       total 39936K, used 13904K [0x0000000080c00000, 0x0000000083300000, 0x00000000d5980000)
  object space 39936K, 34% used [0x0000000080c00000,0x00000000819941c0,0x0000000083300000)
 Metaspace       used 27738K, capacity 27924K, committed 28160K, reserved 1073152K
  class space    used 3666K, capacity 3738K, committed 3840K, reserved 1048576K
}

Deoptimization events (10 events):
Event: 4.731 Thread 0x0000000002fba000 Uncommon trap: reason=bimorphic action=maybe_recompile pc=0x0000000003582e90 method=java.util.HashMap.putVal(ILjava/lang/Object;Ljava/lang/Object;ZZ)Ljava/lang/Object; @ 203
Event: 4.945 Thread 0x0000000002fba000 Uncommon trap: reason=unstable_if action=reinterpret pc=0x00000000034ab224 method=java.lang.String.indexOf([CII[CIII)I @ 3
Event: 5.214 Thread 0x0000000002fba000 Uncommon trap: reason=unstable_if action=reinterpret pc=0x0000000003784e30 method=org.nd4j.linalg.indexing.IntervalIndex.init(JJ)V @ 60
Event: 5.607 Thread 0x000000001c450800 Uncommon trap: reason=unstable_if action=reinterpret pc=0x00000000037739a4 method=java.lang.ThreadLocal.get()Ljava/lang/Object; @ 11
Event: 5.798 Thread 0x000000001c450800 Uncommon trap: reason=unstable_if action=reinterpret pc=0x0000000003580598 method=java.net.URI.match(CJJ)Z @ 19
Event: 5.798 Thread 0x000000001c450800 Uncommon trap: reason=unstable_if action=reinterpret pc=0x00000000035edeb4 method=java.net.URI.match(CJJ)Z @ 19
Event: 7.884 Thread 0x000000001c4b3800 Uncommon trap: reason=unstable_if action=reinterpret pc=0x00000000037abfb4 method=org.deeplearning4j.rl4j.learning.async.AsyncGlobal.run()V @ 11
Event: 9.161 Thread 0x000000001bffe000 Uncommon trap: reason=unstable_if action=reinterpret pc=0x0000000003697738 method=java.lang.ThreadLocal$ThreadLocalMap.getEntry(Ljava/lang/ThreadLocal;)Ljava/lang/ThreadLocal$ThreadLocalMap$Entry; @ 29
Event: 9.161 Thread 0x000000001c450800 Uncommon trap: reason=unstable_if action=reinterpret pc=0x0000000003697738 method=java.lang.ThreadLocal$ThreadLocalMap.getEntry(Ljava/lang/ThreadLocal;)Ljava/lang/ThreadLocal$ThreadLocalMap$Entry; @ 29
Event: 9.161 Thread 0x000000001aae5800 Uncommon trap: reason=unstable_if action=reinterpret pc=0x00000000035b8970 method=java.lang.ThreadLocal$ThreadLocalMap.getEntry(Ljava/lang/ThreadLocal;)Ljava/lang/ThreadLocal$ThreadLocalMap$Entry; @ 29

Classes redefined (0 events):
No events

Internal exceptions (10 events):
Event: 3.389 Thread 0x0000000002fba000 Exception <a 'sun/nio/fs/WindowsException'> (0x00000000d750b290) thrown at [C:\re\workspace\8-2-build-windows-amd64-cygwin\jdk8u181\11358\hotspot\src\share\vm\prims\jni.cpp, line 709]
Event: 3.458 Thread 0x0000000002fba000 Exception <a 'sun/nio/fs/WindowsException'> (0x00000000d59fddc0) thrown at [C:\re\workspace\8-2-build-windows-amd64-cygwin\jdk8u181\11358\hotspot\src\share\vm\prims\jni.cpp, line 709]
Event: 3.526 Thread 0x0000000002fba000 Exception <a 'sun/nio/fs/WindowsException'> (0x00000000d5ef04c0) thrown at [C:\re\workspace\8-2-build-windows-amd64-cygwin\jdk8u181\11358\hotspot\src\share\vm\prims\jni.cpp, line 709]
Event: 3.594 Thread 0x0000000002fba000 Exception <a 'sun/nio/fs/WindowsException'> (0x00000000d63e2be8) thrown at [C:\re\workspace\8-2-build-windows-amd64-cygwin\jdk8u181\11358\hotspot\src\share\vm\prims\jni.cpp, line 709]
Event: 4.535 Thread 0x0000000002fba000 Exception <a 'java/lang/ArrayIndexOutOfBoundsException': 485> (0x00000000d6c90490) thrown at [C:\re\workspace\8-2-build-windows-amd64-cygwin\jdk8u181\11358\hotspot\src\share\vm\interpreter\interpreterRuntime.cpp, line 366]
Event: 4.536 Thread 0x0000000002fba000 Exception <a 'java/lang/ArrayIndexOutOfBoundsException': 18> (0x00000000d6c92b98) thrown at [C:\re\workspace\8-2-build-windows-amd64-cygwin\jdk8u181\11358\hotspot\src\share\vm\interpreter\interpreterRuntime.cpp, line 366]
Event: 4.537 Thread 0x0000000002fba000 Exception <a 'java/lang/ArrayIndexOutOfBoundsException': 60> (0x00000000d6c94218) thrown at [C:\re\workspace\8-2-build-windows-amd64-cygwin\jdk8u181\11358\hotspot\src\share\vm\interpreter\interpreterRuntime.cpp, line 366]
Event: 5.607 Thread 0x000000001c450800 Implicit null exception at 0x0000000003773811 to 0x0000000003773989
Event: 7.883 Thread 0x000000001c139800 Exception <a 'java/lang/ArrayIndexOutOfBoundsException': 4> (0x00000000d5a44e40) thrown at [C:\re\workspace\8-2-build-windows-amd64-cygwin\jdk8u181\11358\hotspot\src\share\vm\interpreter\interpreterRuntime.cpp, line 366]
Event: 9.129 Thread 0x0000000002fba000 Exception <a 'java/lang/NullPointerException'> (0x00000000d67a8c10) thrown at [C:\re\workspace\8-2-build-windows-amd64-cygwin\jdk8u181\11358\hotspot\src\share\vm\interpreter\linkResolver.cpp, line 1185]

Events (10 events):
Event: 9.242 Thread 0x000000001c450800 DEOPT PACKING pc=0x00000000034f3304 sp=0x0000000022c8ea50
Event: 9.242 Thread 0x000000001c450800 DEOPT UNPACKING pc=0x0000000003287890 sp=0x0000000022c8e7e0 mode 1
Event: 9.242 Thread 0x000000001c450800 DEOPT PACKING pc=0x00000000038a117c sp=0x0000000022c8eb10
Event: 9.242 Thread 0x000000001c450800 DEOPT UNPACKING pc=0x0000000003287890 sp=0x0000000022c8eab8 mode 1
Event: 9.242 Thread 0x000000001c450800 DEOPT PACKING pc=0x00000000034f3304 sp=0x0000000022c8e5e0
Event: 9.242 Thread 0x000000001c450800 DEOPT UNPACKING pc=0x0000000003287890 sp=0x0000000022c8e370 mode 1
Event: 9.242 Thread 0x000000001c450800 DEOPT PACKING pc=0x0000000003a4a04c sp=0x0000000022c8e6a0
Event: 9.242 Thread 0x000000001c450800 DEOPT UNPACKING pc=0x0000000003287890 sp=0x0000000022c8e990 mode 1
Event: 9.244 Executing VM operation: RevokeBias
Event: 9.245 Executing VM operation: RevokeBias done


Dynamic libraries:
0x00007ff68ba00000 - 0x00007ff68ba37000 	C:\Program Files\Java\jdk1.8.0_181\bin\java.exe
0x00007ff8c6530000 - 0x00007ff8c6711000 	C:\Windows\SYSTEM32\ntdll.dll
0x00007ff8c5800000 - 0x00007ff8c58b2000 	C:\Windows\System32\KERNEL32.DLL
0x00007ff8c2b50000 - 0x00007ff8c2dc3000 	C:\Windows\System32\KERNELBASE.dll
0x00007ff8c5920000 - 0x00007ff8c59c1000 	C:\Windows\System32\ADVAPI32.dll
0x00007ff8c55f0000 - 0x00007ff8c568e000 	C:\Windows\System32\msvcrt.dll
0x00007ff8c5b60000 - 0x00007ff8c5bbb000 	C:\Windows\System32\sechost.dll
0x00007ff8c5360000 - 0x00007ff8c5484000 	C:\Windows\System32\RPCRT4.dll
0x00007ff8c59d0000 - 0x00007ff8c5b60000 	C:\Windows\System32\USER32.dll
0x00007ff8c3040000 - 0x00007ff8c3060000 	C:\Windows\System32\win32u.dll
0x00007ff8c6140000 - 0x00007ff8c6168000 	C:\Windows\System32\GDI32.dll
0x00007ff8c2e50000 - 0x00007ff8c2fe2000 	C:\Windows\System32\gdi32full.dll
0x00007ff8c2900000 - 0x00007ff8c299f000 	C:\Windows\System32\msvcp_win.dll
0x00007ff8c29a0000 - 0x00007ff8c2a9a000 	C:\Windows\System32\ucrtbase.dll
0x00007ff8b7cb0000 - 0x00007ff8b7f19000 	C:\Windows\WinSxS\amd64_microsoft.windows.common-controls_6595b64144ccf1df_6.0.17134.590_none_fb3d9bff3069e088\COMCTL32.dll
0x00007ff8c5020000 - 0x00007ff8c5342000 	C:\Windows\System32\combase.dll
0x00007ff8c2dd0000 - 0x00007ff8c2e4a000 	C:\Windows\System32\bcryptPrimitives.dll
0x00007ff8c3a30000 - 0x00007ff8c3a5d000 	C:\Windows\System32\IMM32.DLL
0x000000005e160000 - 0x000000005e232000 	C:\Program Files\Java\jdk1.8.0_181\jre\bin\msvcr100.dll
0x000000005baf0000 - 0x000000005c392000 	C:\Program Files\Java\jdk1.8.0_181\jre\bin\server\jvm.dll
0x00007ff8c39c0000 - 0x00007ff8c39c8000 	C:\Windows\System32\PSAPI.DLL
0x00007ff8bf770000 - 0x00007ff8bf779000 	C:\Windows\SYSTEM32\WSOCK32.dll
0x00007ff8b2630000 - 0x00007ff8b2653000 	C:\Windows\SYSTEM32\WINMM.dll
0x00007ff8c60d0000 - 0x00007ff8c613c000 	C:\Windows\System32\WS2_32.dll
0x00007ff8bde90000 - 0x00007ff8bde9a000 	C:\Windows\SYSTEM32\VERSION.dll
0x00007ff8b2560000 - 0x00007ff8b258a000 	C:\Windows\SYSTEM32\WINMMBASE.dll
0x00007ff8c2ff0000 - 0x00007ff8c3039000 	C:\Windows\System32\cfgmgr32.dll
0x000000005e150000 - 0x000000005e15f000 	C:\Program Files\Java\jdk1.8.0_181\jre\bin\verify.dll
0x000000005e120000 - 0x000000005e149000 	C:\Program Files\Java\jdk1.8.0_181\jre\bin\java.dll
0x000000005df90000 - 0x000000005dfc5000 	C:\Program Files\Java\jdk1.8.0_181\jre\bin\jdwp.dll
0x000000005e0b0000 - 0x000000005e0b8000 	C:\Program Files\Java\jdk1.8.0_181\jre\bin\npt.dll
0x000000005df60000 - 0x000000005df83000 	C:\Program Files\Java\jdk1.8.0_181\jre\bin\instrument.dll
0x000000005e100000 - 0x000000005e116000 	C:\Program Files\Java\jdk1.8.0_181\jre\bin\zip.dll
0x00007ff8c3a60000 - 0x00007ff8c4ea0000 	C:\Windows\System32\SHELL32.dll
0x00007ff8c6450000 - 0x00007ff8c64f9000 	C:\Windows\System32\shcore.dll
0x00007ff8c3060000 - 0x00007ff8c376d000 	C:\Windows\System32\windows.storage.dll
0x00007ff8c39d0000 - 0x00007ff8c3a21000 	C:\Windows\System32\shlwapi.dll
0x00007ff8c2840000 - 0x00007ff8c2851000 	C:\Windows\System32\kernel.appcore.dll
0x00007ff8c2870000 - 0x00007ff8c288f000 	C:\Windows\System32\profapi.dll
0x00007ff8c28b0000 - 0x00007ff8c28fc000 	C:\Windows\System32\powrprof.dll
0x00007ff8c2860000 - 0x00007ff8c286a000 	C:\Windows\System32\FLTLIB.DLL
0x000000005df50000 - 0x000000005df59000 	C:\Program Files\Java\jdk1.8.0_181\jre\bin\dt_socket.dll
0x00007ff8c20c0000 - 0x00007ff8c2126000 	C:\Windows\system32\mswsock.dll
0x0000000068100000 - 0x0000000068171000 	C:\Users\serpi\.javacpp\cache\ale-0.6.0-1.4.1-windows-x86_64.jar\org\bytedeco\javacpp\windows-x86_64\SDL.dll
0x000000005e0e0000 - 0x000000005e0fa000 	C:\Program Files\Java\jdk1.8.0_181\jre\bin\net.dll
0x000000005e0c0000 - 0x000000005e0d1000 	C:\Program Files\Java\jdk1.8.0_181\jre\bin\nio.dll
0x00000000683c0000 - 0x0000000068725000 	C:\Users\serpi\.javacpp\cache\ale-0.6.0-1.4.1-windows-x86_64.jar\org\bytedeco\javacpp\windows-x86_64\libale.dll
0x00000000624c0000 - 0x00000000625bb000 	C:\Users\serpi\.javacpp\cache\ale-0.6.0-1.4.1-windows-x86_64.jar\org\bytedeco\javacpp\windows-x86_64\jniale.dll
0x0000000064940000 - 0x0000000064955000 	C:\Users\serpi\.javacpp\cache\mkl-dnn-0.16-1.4.3-windows-x86_64.jar\org\bytedeco\javacpp\windows-x86_64\libwinpthread-1.dll
0x0000000061440000 - 0x000000006145c000 	C:\Users\serpi\.javacpp\cache\mkl-dnn-0.16-1.4.3-windows-x86_64.jar\org\bytedeco\javacpp\windows-x86_64\libgcc_s_seh-1.dll
0x0000000063600000 - 0x000000006362f000 	C:\Users\serpi\.javacpp\cache\mkl-dnn-0.16-1.4.3-windows-x86_64.jar\org\bytedeco\javacpp\windows-x86_64\libgomp-1.dll
0x000000006fc40000 - 0x000000006fda6000 	C:\Users\serpi\.javacpp\cache\mkl-dnn-0.16-1.4.3-windows-x86_64.jar\org\bytedeco\javacpp\windows-x86_64\libstdc++-6.dll
0x00007ff8b42d0000 - 0x00007ff8b43bf000 	C:\Users\serpi\.javacpp\cache\mkl-dnn-0.16-1.4.3-windows-x86_64.jar\org\bytedeco\javacpp\windows-x86_64\msvcr120.dll
0x00007ff89d560000 - 0x00007ff89d729000 	C:\Users\serpi\.javacpp\cache\mkl-dnn-0.16-1.4.3-windows-x86_64.jar\org\bytedeco\javacpp\windows-x86_64\libiomp5md.dll
0x00007ff85c400000 - 0x00007ff86395a000 	C:\Users\serpi\.javacpp\cache\mkl-dnn-0.16-1.4.3-windows-x86_64.jar\org\bytedeco\javacpp\windows-x86_64\mklml.dll
0x000000001d500000 - 0x000000001da46000 	C:\Users\serpi\.javacpp\cache\mkl-dnn-0.16-1.4.3-windows-x86_64.jar\org\bytedeco\javacpp\windows-x86_64\libmkldnn.dll
0x0000000069480000 - 0x000000006a651000 	C:\Users\serpi\.javacpp\cache\nd4j-native-1.0.0-beta3-windows-x86_64.jar\org\nd4j\nativeblas\windows-x86_64\libnd4jcpu.dll
0x0000000066880000 - 0x0000000066e14000 	C:\Users\serpi\.javacpp\cache\nd4j-native-1.0.0-beta3-windows-x86_64.jar\org\nd4j\nativeblas\windows-x86_64\jnind4jcpu.dll
0x00007ff854ea0000 - 0x00007ff85c3fa000 	C:\Users\serpi\.javacpp\cache\mkl-dnn-0.16-1.4.3-windows-x86_64.jar\org\bytedeco\javacpp\windows-x86_64\libopenblas_nolapack.dll
0x0000000071000000 - 0x000000007105c000 	C:\Users\serpi\.javacpp\cache\openblas-0.3.3-1.4.3-windows-x86_64.jar\org\bytedeco\javacpp\windows-x86_64\jniopenblas_nolapack.dll
0x00007ff8c2270000 - 0x00007ff8c2287000 	C:\Windows\SYSTEM32\CRYPTSP.dll
0x00007ff8c1ca0000 - 0x00007ff8c1cd3000 	C:\Windows\system32\rsaenh.dll
0x00007ff8c23a0000 - 0x00007ff8c23c5000 	C:\Windows\SYSTEM32\bcrypt.dll
0x00007ff8c2770000 - 0x00007ff8c2798000 	C:\Windows\SYSTEM32\USERENV.dll
0x00007ff8c2290000 - 0x00007ff8c229b000 	C:\Windows\SYSTEM32\CRYPTBASE.dll
0x00007ff8c1e40000 - 0x00007ff8c1e78000 	C:\Windows\SYSTEM32\IPHLPAPI.DLL
0x00007ff8c62a0000 - 0x00007ff8c62a8000 	C:\Windows\System32\NSI.dll
0x00007ff8bd960000 - 0x00007ff8bd976000 	C:\Windows\SYSTEM32\dhcpcsvc6.DLL
0x00007ff8bd8c0000 - 0x00007ff8bd8da000 	C:\Windows\SYSTEM32\dhcpcsvc.DLL
0x0000000002f90000 - 0x0000000002f93000 	C:\Users\serpi\.javacpp\cache\opencv-3.4.3-1.4.3-windows-x86_64.jar\org\bytedeco\javacpp\windows-x86_64\api-ms-win-crt-locale-l1-1-0.dll
0x00000000030b0000 - 0x00000000030b4000 	C:\Users\serpi\.javacpp\cache\opencv-3.4.3-1.4.3-windows-x86_64.jar\org\bytedeco\javacpp\windows-x86_64\api-ms-win-crt-string-l1-1-0.dll
0x00000000030c0000 - 0x00000000030c4000 	C:\Users\serpi\.javacpp\cache\opencv-3.4.3-1.4.3-windows-x86_64.jar\org\bytedeco\javacpp\windows-x86_64\api-ms-win-crt-stdio-l1-1-0.dll
0x00000000030d0000 - 0x00000000030d5000 	C:\Users\serpi\.javacpp\cache\opencv-3.4.3-1.4.3-windows-x86_64.jar\org\bytedeco\javacpp\windows-x86_64\api-ms-win-crt-math-l1-1-0.dll
0x00000000030e0000 - 0x00000000030e3000 	C:\Users\serpi\.javacpp\cache\opencv-3.4.3-1.4.3-windows-x86_64.jar\org\bytedeco\javacpp\windows-x86_64\api-ms-win-crt-heap-l1-1-0.dll
0x00000000030f0000 - 0x00000000030f4000 	C:\Users\serpi\.javacpp\cache\opencv-3.4.3-1.4.3-windows-x86_64.jar\org\bytedeco\javacpp\windows-x86_64\api-ms-win-crt-runtime-l1-1-0.dll
0x0000000003100000 - 0x0000000003104000 	C:\Users\serpi\.javacpp\cache\opencv-3.4.3-1.4.3-windows-x86_64.jar\org\bytedeco\javacpp\windows-x86_64\api-ms-win-crt-convert-l1-1-0.dll
0x0000000003110000 - 0x0000000003113000 	C:\Users\serpi\.javacpp\cache\opencv-3.4.3-1.4.3-windows-x86_64.jar\org\bytedeco\javacpp\windows-x86_64\api-ms-win-crt-environment-l1-1-0.dll
0x0000000003120000 - 0x0000000003123000 	C:\Users\serpi\.javacpp\cache\opencv-3.4.3-1.4.3-windows-x86_64.jar\org\bytedeco\javacpp\windows-x86_64\api-ms-win-crt-time-l1-1-0.dll
0x000000001ba20000 - 0x000000001ba23000 	C:\Users\serpi\.javacpp\cache\opencv-3.4.3-1.4.3-windows-x86_64.jar\org\bytedeco\javacpp\windows-x86_64\api-ms-win-crt-filesystem-l1-1-0.dll
0x000000001ba30000 - 0x000000001ba33000 	C:\Users\serpi\.javacpp\cache\opencv-3.4.3-1.4.3-windows-x86_64.jar\org\bytedeco\javacpp\windows-x86_64\api-ms-win-crt-utility-l1-1-0.dll
0x000000001ba40000 - 0x000000001ba45000 	C:\Users\serpi\.javacpp\cache\opencv-3.4.3-1.4.3-windows-x86_64.jar\org\bytedeco\javacpp\windows-x86_64\api-ms-win-crt-multibyte-l1-1-0.dll
0x00007ff8b9840000 - 0x00007ff8b9857000 	C:\Users\serpi\.javacpp\cache\opencv-3.4.3-1.4.3-windows-x86_64.jar\org\bytedeco\javacpp\windows-x86_64\vcruntime140.dll
0x00007ff8af390000 - 0x00007ff8af42d000 	C:\Users\serpi\.javacpp\cache\opencv-3.4.3-1.4.3-windows-x86_64.jar\org\bytedeco\javacpp\windows-x86_64\msvcp140.dll
0x00007ff8b87e0000 - 0x00007ff8b8831000 	C:\Users\serpi\.javacpp\cache\opencv-3.4.3-1.4.3-windows-x86_64.jar\org\bytedeco\javacpp\windows-x86_64\concrt140.dll
0x00007ff8b86f0000 - 0x00007ff8b871e000 	C:\Users\serpi\.javacpp\cache\opencv-3.4.3-1.4.3-windows-x86_64.jar\org\bytedeco\javacpp\windows-x86_64\vcomp140.dll
0x00007ff894540000 - 0x00007ff894847000 	C:\Users\serpi\.javacpp\cache\opencv-3.4.3-1.4.3-windows-x86_64.jar\org\bytedeco\javacpp\windows-x86_64\opencv_core343.dll
0x00007ff88ed20000 - 0x00007ff88f13c000 	C:\Users\serpi\.javacpp\cache\opencv-3.4.3-1.4.3-windows-x86_64.jar\org\bytedeco\javacpp\windows-x86_64\opencv_imgproc343.dll
0x00007ff87e8a0000 - 0x00007ff87ec4a000 	C:\Users\serpi\.javacpp\cache\opencv-3.4.3-1.4.3-windows-x86_64.jar\org\bytedeco\javacpp\windows-x86_64\jniopencv_core.dll
0x00007ff893a90000 - 0x00007ff893be8000 	C:\Users\serpi\.javacpp\cache\opencv-3.4.3-1.4.3-windows-x86_64.jar\org\bytedeco\javacpp\windows-x86_64\jniopencv_imgproc.dll
0x00007ff89f1b0000 - 0x00007ff89f26b000 	C:\Users\serpi\.javacpp\cache\ffmpeg-4.0.2-1.4.3-windows-x86_64.jar\org\bytedeco\javacpp\windows-x86_64\avutil-56.dll
0x000000006fe00000 - 0x000000006fee7000 	C:\Users\serpi\.javacpp\cache\ffmpeg-4.0.2-1.4.3-windows-x86_64.jar\org\bytedeco\javacpp\windows-x86_64\jniavutil.dll
0x00007ff8b71b0000 - 0x00007ff8b71d7000 	C:\Users\serpi\.javacpp\cache\ffmpeg-4.0.2-1.4.3-windows-x86_64.jar\org\bytedeco\javacpp\windows-x86_64\swresample-3.dll
0x0000000070080000 - 0x00000000700ae000 	C:\Users\serpi\.javacpp\cache\ffmpeg-4.0.2-1.4.3-windows-x86_64.jar\org\bytedeco\javacpp\windows-x86_64\jniswresample.dll
0x00007ff867dd0000 - 0x00007ff86a051000 	C:\Users\serpi\.javacpp\cache\ffmpeg-4.0.2-1.4.3-windows-x86_64.jar\org\bytedeco\javacpp\windows-x86_64\avcodec-58.dll
0x00007ff8c5490000 - 0x00007ff8c55e1000 	C:\Windows\System32\ole32.dll
0x0000000020830000 - 0x0000000020a94000 	C:\Users\serpi\.javacpp\cache\ffmpeg-4.0.2-1.4.3-windows-x86_64.jar\org\bytedeco\javacpp\windows-x86_64\jniavcodec.dll
0x00007ff87e3d0000 - 0x00007ff87e891000 	C:\Users\serpi\.javacpp\cache\ffmpeg-4.0.2-1.4.3-windows-x86_64.jar\org\bytedeco\javacpp\windows-x86_64\avformat-58.dll
0x00007ff8c37d0000 - 0x00007ff8c39b2000 	C:\Windows\System32\CRYPT32.dll
0x00007ff8c2890000 - 0x00007ff8c28a2000 	C:\Windows\System32\MSASN1.dll
0x000000006abc0000 - 0x000000006ad0a000 	C:\Users\serpi\.javacpp\cache\ffmpeg-4.0.2-1.4.3-windows-x86_64.jar\org\bytedeco\javacpp\windows-x86_64\jniavformat.dll
0x00007ff8a7830000 - 0x00007ff8a78c5000 	C:\Users\serpi\.javacpp\cache\ffmpeg-4.0.2-1.4.3-windows-x86_64.jar\org\bytedeco\javacpp\windows-x86_64\swscale-5.dll
0x0000000067cc0000 - 0x0000000067cf6000 	C:\Users\serpi\.javacpp\cache\ffmpeg-4.0.2-1.4.3-windows-x86_64.jar\org\bytedeco\javacpp\windows-x86_64\jniswscale.dll
0x00007ff8b4ed0000 - 0x00007ff8b4efa000 	C:\Users\serpi\.javacpp\cache\ffmpeg-4.0.2-1.4.3-windows-x86_64.jar\org\bytedeco\javacpp\windows-x86_64\postproc-55.dll
0x000000001dc50000 - 0x000000001dc7d000 	C:\Users\serpi\.javacpp\cache\ffmpeg-4.0.2-1.4.3-windows-x86_64.jar\org\bytedeco\javacpp\windows-x86_64\jnipostproc.dll
0x00007ff87b7f0000 - 0x00007ff87bb71000 	C:\Users\serpi\.javacpp\cache\ffmpeg-4.0.2-1.4.3-windows-x86_64.jar\org\bytedeco\javacpp\windows-x86_64\avfilter-7.dll
0x0000000064400000 - 0x0000000064477000 	C:\Users\serpi\.javacpp\cache\ffmpeg-4.0.2-1.4.3-windows-x86_64.jar\org\bytedeco\javacpp\windows-x86_64\jniavfilter.dll
0x00007ff8b4ea0000 - 0x00007ff8b4ecc000 	C:\Users\serpi\.javacpp\cache\ffmpeg-4.0.2-1.4.3-windows-x86_64.jar\org\bytedeco\javacpp\windows-x86_64\avdevice-58.dll
0x00007ff8c6170000 - 0x00007ff8c6233000 	C:\Windows\System32\OLEAUT32.dll
0x00007ff8b8ae0000 - 0x00007ff8b8af8000 	C:\Windows\SYSTEM32\AVICAP32.dll
0x00007ff8b4e70000 - 0x00007ff8b4e99000 	C:\Windows\SYSTEM32\MSVFW32.dll
0x000000001dc80000 - 0x000000001dcb9000 	C:\Users\serpi\.javacpp\cache\ffmpeg-4.0.2-1.4.3-windows-x86_64.jar\org\bytedeco\javacpp\windows-x86_64\jniavdevice.dll
0x00007ff8b63e0000 - 0x00007ff8b65a9000 	C:\Windows\SYSTEM32\dbghelp.dll

VM Arguments:
jvm_args: -agentlib:jdwp=transport=dt_socket,address=127.0.0.1:63024,suspend=y,server=n -javaagent:C:\Users\serpi\.IdeaIC2018.2\system\captureAgent\debugger-agent.jar=file:/C:/Users/serpi/AppData/Local/Temp/capture2.props -Dfile.encoding=UTF-8 
java_command: org.deeplearning4j.rl4j.A3CALE
java_class_path (initial): C:\Program Files\Java\jdk1.8.0_181\jre\lib\charsets.jar;C:\Program Files\Java\jdk1.8.0_181\jre\lib\deploy.jar;C:\Program Files\Java\jdk1.8.0_181\jre\lib\ext\access-bridge-64.jar;C:\Program Files\Java\jdk1.8.0_181\jre\lib\ext\cldrdata.jar;C:\Program Files\Java\jdk1.8.0_181\jre\lib\ext\dnsns.jar;C:\Program Files\Java\jdk1.8.0_181\jre\lib\ext\jaccess.jar;C:\Program Files\Java\jdk1.8.0_181\jre\lib\ext\jfxrt.jar;C:\Program Files\Java\jdk1.8.0_181\jre\lib\ext\localedata.jar;C:\Program Files\Java\jdk1.8.0_181\jre\lib\ext\nashorn.jar;C:\Program Files\Java\jdk1.8.0_181\jre\lib\ext\sunec.jar;C:\Program Files\Java\jdk1.8.0_181\jre\lib\ext\sunjce_provider.jar;C:\Program Files\Java\jdk1.8.0_181\jre\lib\ext\sunmscapi.jar;C:\Program Files\Java\jdk1.8.0_181\jre\lib\ext\sunpkcs11.jar;C:\Program Files\Java\jdk1.8.0_181\jre\lib\ext\zipfs.jar;C:\Program Files\Java\jdk1.8.0_181\jre\lib\javaws.jar;C:\Program Files\Java\jdk1.8.0_181\jre\lib\jce.jar;C:\Program Files\Java\jdk1.8.0_181\jre\lib\jfr.jar;C:\Program Files\Java\jdk1.8.0_181\jre\lib\jfxswt.jar;C:\Program Files\Java\jdk1.8.0_181\jre\lib\jsse.jar;C:\Program Files\Java\jdk1.8.0_181\jre\lib\management-agent.jar;C:\Program Files\Java\jdk1.8.0_181\jre\lib\plugin.jar;C:\Program Files\Java\jdk1.8.0_181\jre\lib\resources.jar;C:\Program Files\Java\jdk1.8.0_181\jre\lib\rt.jar;C:\Users\serpi\Documents\Java Projects\dl4j-quickstart\target\classes;C:\Users\serpi\.m2\repository\org\deeplearning4j\rl4j\1.0.0-beta2;C:\Users\serpi\.m2\repository\org\bytedeco\javacpp-presets\ale-platform\0.6.0-1.4.1\ale-platform-0.6.0-1.4.1.jar;C:\Users\serpi\.m2\repository\org\bytedeco\javacpp-presets\ale\0.6.0-1.4.1\ale-0.6.0-1.4.1.jar;C:\Users\serpi\.m2\repository\org\bytedeco\javacpp-presets\ale\0.6.0-1.4.1\ale-0.6.0-1.4.1-linux-x86.jar;C:\Users\serpi\.m2\repository\org\bytedeco\javacpp-presets\ale\0.6.0-1.4.1\ale-0.6.0-1.4.1-linux-x86_64.jar;C:\Users\serpi\.m2\repository\org\bytedeco\javacpp-presets\ale\0.6.0-1.4.1\ale-0.6.0-1.4.1-m
Launcher Type: SUN_STANDARD

Environment Variables:
JAVA_HOME=C:\Program Files\Java\jdk1.8.0_181
PATH=C:\Program Files\NVIDIA GPU Computing Toolkit\CUDA\v9.0\bin;C:\Program Files\NVIDIA GPU Computing Toolkit\CUDA\v9.0\libnvvp;C:\Program Files (x86)\Common Files\Oracle\Java\javapath;C:\Windows\system32;C:\Windows;C:\Windows\System32\Wbem;C:\Windows\System32\WindowsPowerShell\v1.0\;C:\Windows\System32\OpenSSH\;C:\Program Files\dotnet\;C:\Program Files\Microsoft SQL Server\130\Tools\Binn\;C:\Program Files\Git\cmd;C:\Program Files (x86)\NVIDIA Corporation\PhysX\Common;C:\Users\serpi\cuda;C:\Program Files\NVIDIA Corporation\NVIDIA NvDLISR;C:\Windows\System32\cmd.exe;C:\Program Files\PuTTY\;C:\Program Files\NVIDIA GPU Computing Toolkit\CUDA\v9.0\lib\x64;C:\Program Files (x86)\Maven\bin;C:\Program Files (x86)\Microsoft Visual Studio 14.0\Common7\Tools;C:\Users\serpi\AppData\Local\Microsoft\WindowsApps;C:\Users\serpi\cuda;C:\Program Files\heroku\bin;C:\Program Files\NVIDIA GPU Computing Toolkit\CUDA\v9.0\bin;C:\Users\serpi\AppData\Local\Programs\Python\Python35;C:\Users\serpi\AppData\Local\Programs\Python\Python35\Scripts;
USERNAME=serpi
OS=Windows_NT
PROCESSOR_IDENTIFIER=Intel64 Family 6 Model 58 Stepping 9, GenuineIntel



---------------  S Y S T E M  ---------------

OS: Windows 10.0 , 64 bit Build 17134 (10.0.17134.556)

CPU:total 4 (initial active 4) (4 cores per cpu, 1 threads per core) family 6 model 58 stepping 9, cmov, cx8, fxsr, mmx, sse, sse2, sse3, ssse3, sse4.1, sse4.2, popcnt, avx, aes, clmul, erms, tsc, tscinvbit, tscinv

Memory: 4k page, physical 8331436k(2669552k free), swap 19725440k(8731896k free)

vm_info: Java HotSpot(TM) 64-Bit Server VM (25.181-b13) for windows-amd64 JRE (1.8.0_181-b13), built on Jul  7 2018 04:01:33 by "java_re" with MS VC++ 10.0 (VS2010)

time: Sun Feb 24 11:52:29 2019
elapsed time: 9 seconds (0d 0h 0m 9s)

