#
# A fatal error has been detected by the Java Runtime Environment:
#
#  EXCEPTION_ACCESS_VIOLATION (0xc0000005) at pc=0x00007ff87e488046, pid=1240, tid=0x0000000000000c8c
#
# JRE version: Java(TM) SE Runtime Environment (8.0_181-b13) (build 1.8.0_181-b13)
# Java VM: Java HotSpot(TM) 64-Bit Server VM (25.181-b13 mixed mode windows-amd64 compressed oops)
# Problematic frame:
# C  [avformat-58.dll+0xb8046]
#
# Failed to write core dump. Minidumps are not enabled by default on client versions of Windows
#
# If you would like to submit a bug report, please visit:
#   http://bugreport.java.com/bugreport/crash.jsp
# The crash happened outside the Java Virtual Machine in native code.
# See problematic frame for where to report the bug.
#

---------------  T H R E A D  ---------------

Current thread (0x000000001c222800):  JavaThread "Thread-5" [_thread_in_native, id=3212, stack(0x0000000024500000,0x0000000024600000)]

siginfo: ExceptionCode=0xc0000005, reading address 0x0000000000000048

Registers:
RAX=0x0000000000000000, RBX=0x000000001ca9a700, RCX=0x0000000000000000, RDX=0x00007ff87e487fc0
RSP=0x00000000245ff010, RBP=0x0000000029a2e680, RSI=0x0000000000000000, RDI=0x0000000000000000
R8 =0x0000000000000006, R9 =0x00000000245feae4, R10=0x0000000000000007, R11=0x0000000000000246
R12=0x0000000000000002, R13=0x0000000000000001, R14=0x00000000245ff2b0, R15=0x0000000029a2ec80
RIP=0x00007ff87e488046, EFLAGS=0x0000000000010246

Top of Stack: (sp=0x00000000245ff010)
0x00000000245ff010:   00007ff87e7b3802 0000000029a2eb30
0x00000000245ff020:   0000000029a2e680 0000000000000002
0x00000000245ff030:   0000000000000000 00007ff87e7b3802
0x00000000245ff040:   0000000029a2eb30 00007ff87e4b33d6
0x00000000245ff050:   0000000000000000 000000000000000c
0x00000000245ff060:   0000000000000001 000000002af4eac0
0x00000000245ff070:   000000001c2229f8 00007ff8c6546ff8
0x00000000245ff080:   0000000029925e80 00007ff87e3fbaf9
0x00000000245ff090:   0000ce4cec9cfbe5 00007ff8ffffffea
0x00000000245ff0a0:   0000000000000000 00000000245ff0b8
0x00000000245ff0b0:   00000000245ff188 0000000000000000
0x00000000245ff0c0:   000000001ca7efe0 0000000000000000
0x00000000245ff0d0:   000000002b5e3d00 00000000245ff2b0
0x00000000245ff0e0:   0000000000000000 000000005bc38e90
0x00000000245ff0f0:   0000000000000000 0000000000000000
0x00000000245ff100:   3fed9d9d9d9d9d9e 0000000000000000 

Instructions: (pc=0x00007ff87e488046)
0x00007ff87e488026:   00 83 c7 01 48 81 c6 00 06 00 00 e8 7a 1c 01 00
0x00007ff87e488036:   39 7b 18 0f 8e a2 00 00 00 48 8b 4b 38 48 01 f1
0x00007ff87e488046:   8b 41 48 3d 72 74 70 20 0f 84 7c 00 00 00 3d 74
0x00007ff87e488056:   6d 63 64 74 55 48 83 c1 70 e8 74 27 0d 00 48 8b 


Register to memory mapping:

RAX=0x0000000000000000 is an unknown value
RBX=0x000000001ca9a700 is an unknown value
RCX=0x0000000000000000 is an unknown value
RDX=0x00007ff87e487fc0 is an unknown value
RSP=0x00000000245ff010 is pointing into the stack for thread: 0x000000001c222800
RBP=0x0000000029a2e680 is an unknown value
RSI=0x0000000000000000 is an unknown value
RDI=0x0000000000000000 is an unknown value
R8 =0x0000000000000006 is an unknown value
R9 =0x00000000245feae4 is pointing into the stack for thread: 0x000000001c222800
R10=0x0000000000000007 is an unknown value
R11=0x0000000000000246 is an unknown value
R12=0x0000000000000002 is an unknown value
R13=0x0000000000000001 is an unknown value
R14=0x00000000245ff2b0 is pointing into the stack for thread: 0x000000001c222800
R15=0x0000000029a2ec80 is an unknown value


Stack: [0x0000000024500000,0x0000000024600000],  sp=0x00000000245ff010,  free space=1020k
Native frames: (J=compiled Java code, j=interpreted, Vv=VM code, C=native code)
C  [avformat-58.dll+0xb8046]
C  [avformat-58.dll+0xe33d6]
C  [avformat-58.dll+0xe35ba]
C  [jniavformat.dll+0x32ead]
C  0x0000000003311df0

Java frames: (J=compiled Java code, j=interpreted, Vv=VM code)
j  org.bytedeco.javacpp.avformat.avformat_write_header(Lorg/bytedeco/javacpp/avformat$AVFormatContext;Lorg/bytedeco/javacpp/avutil$AVDictionary;)I+0
j  org.bytedeco.javacv.FFmpegFrameRecorder.startUnsafe()V+3856
j  org.bytedeco.javacv.FFmpegFrameRecorder.start()V+1
j  org.deeplearning4j.rl4j.learning.HistoryProcessor.startMonitor(Ljava/lang/String;[I)V+82
j  org.deeplearning4j.rl4j.learning.async.AsyncThread.preEpoch()V+121
j  org.deeplearning4j.rl4j.TimeLimitThread.run()V+44
v  ~StubRoutines::call_stub

---------------  P R O C E S S  ---------------

Java Threads: ( => current thread )
  0x000000001bb08800 JavaThread "Thread-6" [_thread_in_Java, id=10672, stack(0x0000000026590000,0x0000000026690000)]
=>0x000000001c222800 JavaThread "Thread-5" [_thread_in_native, id=3212, stack(0x0000000024500000,0x0000000024600000)]
  0x000000001ba9c800 JavaThread "Thread-4" [_thread_in_native, id=3744, stack(0x0000000023990000,0x0000000023a90000)]
  0x000000001b69f800 JavaThread "Thread-3" [_thread_in_native, id=4104, stack(0x0000000022a20000,0x0000000022b20000)]
  0x000000001c559800 JavaThread "Thread-2" [_thread_in_Java, id=13392, stack(0x0000000021c00000,0x0000000021d00000)]
  0x000000001c399800 JavaThread "Workspace deallocator thread" daemon [_thread_blocked, id=2856, stack(0x000000001caa0000,0x000000001cba0000)]
  0x000000001c0ff000 JavaThread "JavaCPP Deallocator" daemon [_thread_blocked, id=9552, stack(0x000000001c8a0000,0x000000001c9a0000)]
  0x000000001a39e000 JavaThread "Service Thread" daemon [_thread_blocked, id=4204, stack(0x000000001a700000,0x000000001a800000)]
  0x000000001a2f1800 JavaThread "C1 CompilerThread2" daemon [_thread_blocked, id=5064, stack(0x000000001a600000,0x000000001a700000)]
  0x000000001a2d7800 JavaThread "C2 CompilerThread1" daemon [_thread_in_native, id=17368, stack(0x000000001a500000,0x000000001a600000)]
  0x000000001a2d7000 JavaThread "C2 CompilerThread0" daemon [_thread_blocked, id=7836, stack(0x000000001a400000,0x000000001a500000)]
  0x0000000017ed6800 JavaThread "JDWP Command Reader" daemon [_thread_in_native, id=12268, stack(0x0000000019700000,0x0000000019800000)]
  0x0000000017ed1800 JavaThread "JDWP Event Helper Thread" daemon [_thread_blocked, id=8924, stack(0x0000000019600000,0x0000000019700000)]
  0x0000000017ec6000 JavaThread "JDWP Transport Listener: dt_socket" daemon [_thread_blocked, id=13852, stack(0x0000000019500000,0x0000000019600000)]
  0x0000000017eb7800 JavaThread "Attach Listener" daemon [_thread_blocked, id=4688, stack(0x0000000019400000,0x0000000019500000)]
  0x0000000017eb6000 JavaThread "Signal Dispatcher" daemon [_thread_blocked, id=9756, stack(0x0000000019300000,0x0000000019400000)]
  0x0000000017e95000 JavaThread "Finalizer" daemon [_thread_blocked, id=4356, stack(0x00000000190f0000,0x00000000191f0000)]
  0x0000000017e6a000 JavaThread "Reference Handler" daemon [_thread_blocked, id=7868, stack(0x0000000018ff0000,0x00000000190f0000)]
  0x00000000030ea000 JavaThread "main" [_thread_in_native, id=7368, stack(0x0000000002f80000,0x0000000003080000)]

Other Threads:
  0x0000000017e68800 VMThread [stack: 0x0000000018ef0000,0x0000000018ff0000] [id=188]
  0x000000001a324000 WatcherThread [stack: 0x000000001b7d0000,0x000000001b8d0000] [id=11628]

VM state:not at safepoint (normal execution)

VM Mutex/Monitor currently owned by a thread: None

Heap:
 PSYoungGen      total 75776K, used 49146K [0x00000000d5980000, 0x00000000db700000, 0x0000000100000000)
  eden space 70656K, 69% used [0x00000000d5980000,0x00000000d8946998,0x00000000d9e80000)
  from space 5120K, 4% used [0x00000000d9e80000,0x00000000d9eb8000,0x00000000da380000)
  to   space 4608K, 0% used [0x00000000db280000,0x00000000db280000,0x00000000db700000)
 ParOldGen       total 52736K, used 19853K [0x0000000080c00000, 0x0000000083f80000, 0x00000000d5980000)
  object space 52736K, 37% used [0x0000000080c00000,0x0000000081f634a8,0x0000000083f80000)
 Metaspace       used 27796K, capacity 27924K, committed 28160K, reserved 1073152K
  class space    used 3670K, capacity 3738K, committed 3840K, reserved 1048576K

Card table byte_map: [0x00000000126b0000,0x0000000012ab0000] byte_map_base: 0x00000000122aa000

Marking Bits: (ParMarkBitMap*) 0x000000005c312d00
 Begin Bits: [0x0000000013160000, 0x0000000015130000)
 End Bits:   [0x0000000015130000, 0x0000000017100000)

Polling page: 0x0000000001350000

CodeCache: size=245760Kb used=8667Kb max_used=8667Kb free=237092Kb
 bounds [0x00000000032f0000, 0x0000000003b80000, 0x00000000122f0000]
 total_blobs=2808 nmethods=2060 adapters=668
 compilation: enabled

Compilation events (10 events):
Event: 9.660 Thread 0x000000001a2f1800 2214       3       sun.util.calendar.AbstractCalendar::getTimeOfDay (28 bytes)
Event: 9.660 Thread 0x000000001a2f1800 nmethod 2214 0x0000000003b57c50 code [0x0000000003b57dc0, 0x0000000003b58308]
Event: 9.660 Thread 0x000000001a2f1800 2210       3       java.util.zip.ZipUtils::extendedDosToJavaTime (12 bytes)
Event: 9.661 Thread 0x000000001a2f1800 nmethod 2210 0x0000000003b58450 code [0x0000000003b585c0, 0x0000000003b58748]
Event: 9.661 Thread 0x000000001a2f1800 2211       3       java.util.zip.ZipUtils::dosToJavaTime (71 bytes)
Event: 9.661 Thread 0x000000001a2f1800 nmethod 2211 0x0000000003b587d0 code [0x0000000003b58960, 0x0000000003b58e98]
Event: 9.661 Thread 0x000000001a2f1800 2215   !   3       com.sun.proxy.$Proxy3::preload (29 bytes)
Event: 9.661 Thread 0x000000001a2f1800 nmethod 2215 0x0000000003b59050 code [0x0000000003b59200, 0x0000000003b59678]
Event: 9.661 Thread 0x000000001a2f1800 2216   !   3       com.sun.proxy.$Proxy3::link (29 bytes)
Event: 9.661 Thread 0x000000001a2f1800 nmethod 2216 0x0000000003b598d0 code [0x0000000003b59a80, 0x0000000003b59ef8]

GC Heap History (10 events):
Event: 8.811 GC heap before
{Heap before GC invocations=28 (full 1):
 PSYoungGen      total 51200K, used 46002K [0x00000000d5980000, 0x00000000d9180000, 0x0000000100000000)
  eden space 46080K, 99% used [0x00000000d5980000,0x00000000d86174d8,0x00000000d8680000)
  from space 5120K, 6% used [0x00000000d8c80000,0x00000000d8cd5620,0x00000000d9180000)
  to   space 5632K, 0% used [0x00000000d8680000,0x00000000d8680000,0x00000000d8c00000)
 ParOldGen       total 52736K, used 19581K [0x0000000080c00000, 0x0000000083f80000, 0x00000000d5980000)
  object space 52736K, 37% used [0x0000000080c00000,0x0000000081f1f498,0x0000000083f80000)
 Metaspace       used 27219K, capacity 27412K, committed 27520K, reserved 1073152K
  class space    used 3630K, capacity 3674K, committed 3712K, reserved 1048576K
Event: 8.812 GC heap after
Heap after GC invocations=28 (full 1):
 PSYoungGen      total 51712K, used 288K [0x00000000d5980000, 0x00000000d9d00000, 0x0000000100000000)
  eden space 46080K, 0% used [0x00000000d5980000,0x00000000d5980000,0x00000000d8680000)
  from space 5632K, 5% used [0x00000000d8680000,0x00000000d86c8000,0x00000000d8c00000)
  to   space 5632K, 0% used [0x00000000d9780000,0x00000000d9780000,0x00000000d9d00000)
 ParOldGen       total 52736K, used 19645K [0x0000000080c00000, 0x0000000083f80000, 0x00000000d5980000)
  object space 52736K, 37% used [0x0000000080c00000,0x0000000081f2f4a8,0x0000000083f80000)
 Metaspace       used 27219K, capacity 27412K, committed 27520K, reserved 1073152K
  class space    used 3630K, capacity 3674K, committed 3712K, reserved 1048576K
}
Event: 8.938 GC heap before
{Heap before GC invocations=29 (full 1):
 PSYoungGen      total 51712K, used 45976K [0x00000000d5980000, 0x00000000d9d00000, 0x0000000100000000)
  eden space 46080K, 99% used [0x00000000d5980000,0x00000000d861e0b8,0x00000000d8680000)
  from space 5632K, 5% used [0x00000000d8680000,0x00000000d86c8000,0x00000000d8c00000)
  to   space 5632K, 0% used [0x00000000d9780000,0x00000000d9780000,0x00000000d9d00000)
 ParOldGen       total 52736K, used 19645K [0x0000000080c00000, 0x0000000083f80000, 0x00000000d5980000)
  object space 52736K, 37% used [0x0000000080c00000,0x0000000081f2f4a8,0x0000000083f80000)
 Metaspace       used 27380K, capacity 27572K, committed 27776K, reserved 1073152K
  class space    used 3636K, capacity 3706K, committed 3712K, reserved 1048576K
Event: 8.940 GC heap after
Heap after GC invocations=29 (full 1):
 PSYoungGen      total 61440K, used 979K [0x00000000d5980000, 0x00000000d9b80000, 0x0000000100000000)
  eden space 57344K, 0% used [0x00000000d5980000,0x00000000d5980000,0x00000000d9180000)
  from space 4096K, 23% used [0x00000000d9780000,0x00000000d9874e10,0x00000000d9b80000)
  to   space 5120K, 0% used [0x00000000d9180000,0x00000000d9180000,0x00000000d9680000)
 ParOldGen       total 52736K, used 19725K [0x0000000080c00000, 0x0000000083f80000, 0x00000000d5980000)
  object space 52736K, 37% used [0x0000000080c00000,0x0000000081f434a8,0x0000000083f80000)
 Metaspace       used 27380K, capacity 27572K, committed 27776K, reserved 1073152K
  class space    used 3636K, capacity 3706K, committed 3712K, reserved 1048576K
}
Event: 9.091 GC heap before
{Heap before GC invocations=30 (full 1):
 PSYoungGen      total 61440K, used 58134K [0x00000000d5980000, 0x00000000d9b80000, 0x0000000100000000)
  eden space 57344K, 99% used [0x00000000d5980000,0x00000000d9150d18,0x00000000d9180000)
  from space 4096K, 23% used [0x00000000d9780000,0x00000000d9874e10,0x00000000d9b80000)
  to   space 5120K, 0% used [0x00000000d9180000,0x00000000d9180000,0x00000000d9680000)
 ParOldGen       total 52736K, used 19725K [0x0000000080c00000, 0x0000000083f80000, 0x00000000d5980000)
  object space 52736K, 37% used [0x0000000080c00000,0x0000000081f434a8,0x0000000083f80000)
 Metaspace       used 27543K, capacity 27700K, committed 27776K, reserved 1073152K
  class space    used 3656K, capacity 3706K, committed 3712K, reserved 1048576K
Event: 9.093 GC heap after
Heap after GC invocations=30 (full 1):
 PSYoungGen      total 62464K, used 288K [0x00000000d5980000, 0x00000000da900000, 0x0000000100000000)
  eden space 57344K, 0% used [0x00000000d5980000,0x00000000d5980000,0x00000000d9180000)
  from space 5120K, 5% used [0x00000000d9180000,0x00000000d91c8000,0x00000000d9680000)
  to   space 5120K, 0% used [0x00000000da400000,0x00000000da400000,0x00000000da900000)
 ParOldGen       total 52736K, used 19773K [0x0000000080c00000, 0x0000000083f80000, 0x00000000d5980000)
  object space 52736K, 37% used [0x0000000080c00000,0x0000000081f4f4a8,0x0000000083f80000)
 Metaspace       used 27543K, capacity 27700K, committed 27776K, reserved 1073152K
  class space    used 3656K, capacity 3706K, committed 3712K, reserved 1048576K
}
Event: 9.348 GC heap before
{Heap before GC invocations=31 (full 1):
 PSYoungGen      total 62464K, used 57632K [0x00000000d5980000, 0x00000000da900000, 0x0000000100000000)
  eden space 57344K, 100% used [0x00000000d5980000,0x00000000d9180000,0x00000000d9180000)
  from space 5120K, 5% used [0x00000000d9180000,0x00000000d91c8000,0x00000000d9680000)
  to   space 5120K, 0% used [0x00000000da400000,0x00000000da400000,0x00000000da900000)
 ParOldGen       total 52736K, used 19773K [0x0000000080c00000, 0x0000000083f80000, 0x00000000d5980000)
  object space 52736K, 37% used [0x0000000080c00000,0x0000000081f4f4a8,0x0000000083f80000)
 Metaspace       used 27605K, capacity 27764K, committed 28032K, reserved 1073152K
  class space    used 3661K, capacity 3706K, committed 3712K, reserved 1048576K
Event: 9.349 GC heap after
Heap after GC invocations=31 (full 1):
 PSYoungGen      total 75264K, used 192K [0x00000000d5980000, 0x00000000da880000, 0x0000000100000000)
  eden space 70656K, 0% used [0x00000000d5980000,0x00000000d5980000,0x00000000d9e80000)
  from space 4608K, 4% used [0x00000000da400000,0x00000000da430000,0x00000000da880000)
  to   space 5120K, 0% used [0x00000000d9e80000,0x00000000d9e80000,0x00000000da380000)
 ParOldGen       total 52736K, used 19821K [0x0000000080c00000, 0x0000000083f80000, 0x00000000d5980000)
  object space 52736K, 37% used [0x0000000080c00000,0x0000000081f5b4a8,0x0000000083f80000)
 Metaspace       used 27605K, capacity 27764K, committed 28032K, reserved 1073152K
  class space    used 3661K, capacity 3706K, committed 3712K, reserved 1048576K
}
Event: 9.523 GC heap before
{Heap before GC invocations=32 (full 1):
 PSYoungGen      total 75264K, used 70793K [0x00000000d5980000, 0x00000000da880000, 0x0000000100000000)
  eden space 70656K, 99% used [0x00000000d5980000,0x00000000d9e725a0,0x00000000d9e80000)
  from space 4608K, 4% used [0x00000000da400000,0x00000000da430000,0x00000000da880000)
  to   space 5120K, 0% used [0x00000000d9e80000,0x00000000d9e80000,0x00000000da380000)
 ParOldGen       total 52736K, used 19821K [0x0000000080c00000, 0x0000000083f80000, 0x00000000d5980000)
  object space 52736K, 37% used [0x0000000080c00000,0x0000000081f5b4a8,0x0000000083f80000)
 Metaspace       used 27676K, capacity 27828K, committed 28032K, reserved 1073152K
  class space    used 3663K, capacity 3706K, committed 3712K, reserved 1048576K
Event: 9.525 GC heap after
Heap after GC invocations=32 (full 1):
 PSYoungGen      total 75776K, used 224K [0x00000000d5980000, 0x00000000db700000, 0x0000000100000000)
  eden space 70656K, 0% used [0x00000000d5980000,0x00000000d5980000,0x00000000d9e80000)
  from space 5120K, 4% used [0x00000000d9e80000,0x00000000d9eb8000,0x00000000da380000)
  to   space 4608K, 0% used [0x00000000db280000,0x00000000db280000,0x00000000db700000)
 ParOldGen       total 52736K, used 19853K [0x0000000080c00000, 0x0000000083f80000, 0x00000000d5980000)
  object space 52736K, 37% used [0x0000000080c00000,0x0000000081f634a8,0x0000000083f80000)
 Metaspace       used 27676K, capacity 27828K, committed 28032K, reserved 1073152K
  class space    used 3663K, capacity 3706K, committed 3712K, reserved 1048576K
}

Deoptimization events (10 events):
Event: 5.087 Thread 0x00000000030ea000 Uncommon trap: reason=bimorphic action=maybe_recompile pc=0x000000000363a610 method=java.util.HashMap.putVal(ILjava/lang/Object;Ljava/lang/Object;ZZ)Ljava/lang/Object; @ 203
Event: 5.294 Thread 0x00000000030ea000 Uncommon trap: reason=unstable_if action=reinterpret pc=0x000000000357cca4 method=java.lang.String.indexOf([CII[CIII)I @ 3
Event: 5.569 Thread 0x00000000030ea000 Uncommon trap: reason=unstable_if action=reinterpret pc=0x0000000003857cf0 method=org.nd4j.linalg.indexing.IntervalIndex.init(JJ)V @ 60
Event: 5.964 Thread 0x000000001b69f800 Uncommon trap: reason=unstable_if action=reinterpret pc=0x0000000003845024 method=java.lang.ThreadLocal.get()Ljava/lang/Object; @ 11
Event: 6.166 Thread 0x000000001b69f800 Uncommon trap: reason=unstable_if action=reinterpret pc=0x000000000363f418 method=java.net.URI.match(CJJ)Z @ 19
Event: 6.166 Thread 0x000000001b69f800 Uncommon trap: reason=unstable_if action=reinterpret pc=0x00000000036b2d74 method=java.net.URI.match(CJJ)Z @ 19
Event: 9.618 Thread 0x000000001b69f800 Uncommon trap: reason=unstable_if action=reinterpret pc=0x00000000034153b8 method=java.lang.ThreadLocal$ThreadLocalMap.getEntry(Ljava/lang/ThreadLocal;)Ljava/lang/ThreadLocal$ThreadLocalMap$Entry; @ 29
Event: 9.618 Thread 0x000000001c222800 Uncommon trap: reason=unstable_if action=reinterpret pc=0x0000000003698030 method=java.lang.ThreadLocal$ThreadLocalMap.getEntry(Ljava/lang/ThreadLocal;)Ljava/lang/ThreadLocal$ThreadLocalMap$Entry; @ 29
Event: 9.618 Thread 0x000000001ba9c800 Uncommon trap: reason=unstable_if action=reinterpret pc=0x00000000034153b8 method=java.lang.ThreadLocal$ThreadLocalMap.getEntry(Ljava/lang/ThreadLocal;)Ljava/lang/ThreadLocal$ThreadLocalMap$Entry; @ 29
Event: 9.618 Thread 0x000000001bb08800 Uncommon trap: reason=unstable_if action=reinterpret pc=0x00000000034153b8 method=java.lang.ThreadLocal$ThreadLocalMap.getEntry(Ljava/lang/ThreadLocal;)Ljava/lang/ThreadLocal$ThreadLocalMap$Entry; @ 29

Classes redefined (0 events):
No events

Internal exceptions (10 events):
Event: 3.725 Thread 0x00000000030ea000 Exception <a 'sun/nio/fs/WindowsException'> (0x00000000d750a0f0) thrown at [C:\re\workspace\8-2-build-windows-amd64-cygwin\jdk8u181\11358\hotspot\src\share\vm\prims\jni.cpp, line 709]
Event: 3.795 Thread 0x00000000030ea000 Exception <a 'sun/nio/fs/WindowsException'> (0x00000000d59fcd30) thrown at [C:\re\workspace\8-2-build-windows-amd64-cygwin\jdk8u181\11358\hotspot\src\share\vm\prims\jni.cpp, line 709]
Event: 3.864 Thread 0x00000000030ea000 Exception <a 'sun/nio/fs/WindowsException'> (0x00000000d5eef3f0) thrown at [C:\re\workspace\8-2-build-windows-amd64-cygwin\jdk8u181\11358\hotspot\src\share\vm\prims\jni.cpp, line 709]
Event: 3.933 Thread 0x00000000030ea000 Exception <a 'sun/nio/fs/WindowsException'> (0x00000000d63e1cb0) thrown at [C:\re\workspace\8-2-build-windows-amd64-cygwin\jdk8u181\11358\hotspot\src\share\vm\prims\jni.cpp, line 709]
Event: 4.902 Thread 0x00000000030ea000 Exception <a 'java/lang/ArrayIndexOutOfBoundsException': 485> (0x00000000d6c8af00) thrown at [C:\re\workspace\8-2-build-windows-amd64-cygwin\jdk8u181\11358\hotspot\src\share\vm\interpreter\interpreterRuntime.cpp, line 366]
Event: 4.903 Thread 0x00000000030ea000 Exception <a 'java/lang/ArrayIndexOutOfBoundsException': 18> (0x00000000d6c8d608) thrown at [C:\re\workspace\8-2-build-windows-amd64-cygwin\jdk8u181\11358\hotspot\src\share\vm\interpreter\interpreterRuntime.cpp, line 366]
Event: 4.903 Thread 0x00000000030ea000 Exception <a 'java/lang/ArrayIndexOutOfBoundsException': 60> (0x00000000d6c8ec88) thrown at [C:\re\workspace\8-2-build-windows-amd64-cygwin\jdk8u181\11358\hotspot\src\share\vm\interpreter\interpreterRuntime.cpp, line 366]
Event: 4.904 Thread 0x00000000030ea000 Exception <a 'java/lang/ArrayIndexOutOfBoundsException': 67> (0x00000000d6c92a98) thrown at [C:\re\workspace\8-2-build-windows-amd64-cygwin\jdk8u181\11358\hotspot\src\share\vm\interpreter\interpreterRuntime.cpp, line 366]
Event: 5.964 Thread 0x000000001b69f800 Implicit null exception at 0x0000000003844e91 to 0x0000000003845009
Event: 9.589 Thread 0x00000000030ea000 Exception <a 'java/lang/NullPointerException'> (0x00000000d689f678) thrown at [C:\re\workspace\8-2-build-windows-amd64-cygwin\jdk8u181\11358\hotspot\src\share\vm\interpreter\linkResolver.cpp, line 1185]

Events (10 events):
Event: 9.695 Thread 0x000000001b69f800 DEOPT UNPACKING pc=0x0000000003337890 sp=0x0000000022b1e5d8 mode 1
Event: 9.695 Thread 0x000000001b69f800 DEOPT PACKING pc=0x00000000035ea0c4 sp=0x0000000022b1e100
Event: 9.695 Thread 0x000000001b69f800 DEOPT UNPACKING pc=0x0000000003337890 sp=0x0000000022b1de90 mode 1
Event: 9.695 Thread 0x000000001b69f800 DEOPT PACKING pc=0x0000000003ae88cc sp=0x0000000022b1e1c0
Event: 9.695 Thread 0x000000001b69f800 DEOPT UNPACKING pc=0x0000000003337890 sp=0x0000000022b1e4b0 mode 1
Event: 9.697 Executing VM operation: ForceSafepoint
Event: 9.697 Executing VM operation: ForceSafepoint done
Event: 9.702 Executing VM operation: GetOrSetLocal
Event: 9.702 Executing VM operation: GetOrSetLocal done
Event: 9.704 Executing VM operation: RevokeBias


Dynamic libraries:
0x00007ff68ba00000 - 0x00007ff68ba37000 	C:\Program Files\Java\jdk1.8.0_181\bin\java.exe
0x00007ff8c6530000 - 0x00007ff8c6711000 	C:\Windows\SYSTEM32\ntdll.dll
0x00007ff8c5800000 - 0x00007ff8c58b2000 	C:\Windows\System32\KERNEL32.DLL
0x00007ff8c2b50000 - 0x00007ff8c2dc3000 	C:\Windows\System32\KERNELBASE.dll
0x00007ff8c5920000 - 0x00007ff8c59c1000 	C:\Windows\System32\ADVAPI32.dll
0x00007ff8c55f0000 - 0x00007ff8c568e000 	C:\Windows\System32\msvcrt.dll
0x00007ff8c5b60000 - 0x00007ff8c5bbb000 	C:\Windows\System32\sechost.dll
0x00007ff8c5360000 - 0x00007ff8c5484000 	C:\Windows\System32\RPCRT4.dll
0x00007ff8c59d0000 - 0x00007ff8c5b60000 	C:\Windows\System32\USER32.dll
0x00007ff8c3040000 - 0x00007ff8c3060000 	C:\Windows\System32\win32u.dll
0x00007ff8c6140000 - 0x00007ff8c6168000 	C:\Windows\System32\GDI32.dll
0x00007ff8c2e50000 - 0x00007ff8c2fe2000 	C:\Windows\System32\gdi32full.dll
0x00007ff8c2900000 - 0x00007ff8c299f000 	C:\Windows\System32\msvcp_win.dll
0x00007ff8c29a0000 - 0x00007ff8c2a9a000 	C:\Windows\System32\ucrtbase.dll
0x00007ff8b7cb0000 - 0x00007ff8b7f19000 	C:\Windows\WinSxS\amd64_microsoft.windows.common-controls_6595b64144ccf1df_6.0.17134.590_none_fb3d9bff3069e088\COMCTL32.dll
0x00007ff8c5020000 - 0x00007ff8c5342000 	C:\Windows\System32\combase.dll
0x00007ff8c2dd0000 - 0x00007ff8c2e4a000 	C:\Windows\System32\bcryptPrimitives.dll
0x00007ff8c3a30000 - 0x00007ff8c3a5d000 	C:\Windows\System32\IMM32.DLL
0x000000005e160000 - 0x000000005e232000 	C:\Program Files\Java\jdk1.8.0_181\jre\bin\msvcr100.dll
0x000000005baf0000 - 0x000000005c392000 	C:\Program Files\Java\jdk1.8.0_181\jre\bin\server\jvm.dll
0x00007ff8c39c0000 - 0x00007ff8c39c8000 	C:\Windows\System32\PSAPI.DLL
0x00007ff8bf770000 - 0x00007ff8bf779000 	C:\Windows\SYSTEM32\WSOCK32.dll
0x00007ff8c60d0000 - 0x00007ff8c613c000 	C:\Windows\System32\WS2_32.dll
0x00007ff8b2630000 - 0x00007ff8b2653000 	C:\Windows\SYSTEM32\WINMM.dll
0x00007ff8bde90000 - 0x00007ff8bde9a000 	C:\Windows\SYSTEM32\VERSION.dll
0x00007ff8b2560000 - 0x00007ff8b258a000 	C:\Windows\SYSTEM32\WINMMBASE.dll
0x00007ff8c2ff0000 - 0x00007ff8c3039000 	C:\Windows\System32\cfgmgr32.dll
0x000000005e150000 - 0x000000005e15f000 	C:\Program Files\Java\jdk1.8.0_181\jre\bin\verify.dll
0x000000005e120000 - 0x000000005e149000 	C:\Program Files\Java\jdk1.8.0_181\jre\bin\java.dll
0x000000005df90000 - 0x000000005dfc5000 	C:\Program Files\Java\jdk1.8.0_181\jre\bin\jdwp.dll
0x000000005e0b0000 - 0x000000005e0b8000 	C:\Program Files\Java\jdk1.8.0_181\jre\bin\npt.dll
0x000000005df60000 - 0x000000005df83000 	C:\Program Files\Java\jdk1.8.0_181\jre\bin\instrument.dll
0x000000005e100000 - 0x000000005e116000 	C:\Program Files\Java\jdk1.8.0_181\jre\bin\zip.dll
0x00007ff8c3a60000 - 0x00007ff8c4ea0000 	C:\Windows\System32\SHELL32.dll
0x00007ff8c6450000 - 0x00007ff8c64f9000 	C:\Windows\System32\shcore.dll
0x00007ff8c3060000 - 0x00007ff8c376d000 	C:\Windows\System32\windows.storage.dll
0x00007ff8c39d0000 - 0x00007ff8c3a21000 	C:\Windows\System32\shlwapi.dll
0x00007ff8c2840000 - 0x00007ff8c2851000 	C:\Windows\System32\kernel.appcore.dll
0x00007ff8c2870000 - 0x00007ff8c288f000 	C:\Windows\System32\profapi.dll
0x00007ff8c28b0000 - 0x00007ff8c28fc000 	C:\Windows\System32\powrprof.dll
0x00007ff8c2860000 - 0x00007ff8c286a000 	C:\Windows\System32\FLTLIB.DLL
0x000000005df50000 - 0x000000005df59000 	C:\Program Files\Java\jdk1.8.0_181\jre\bin\dt_socket.dll
0x00007ff8c20c0000 - 0x00007ff8c2126000 	C:\Windows\system32\mswsock.dll
0x0000000068100000 - 0x0000000068171000 	C:\Users\serpi\.javacpp\cache\ale-0.6.0-1.4.1-windows-x86_64.jar\org\bytedeco\javacpp\windows-x86_64\SDL.dll
0x000000005e0e0000 - 0x000000005e0fa000 	C:\Program Files\Java\jdk1.8.0_181\jre\bin\net.dll
0x000000005e0c0000 - 0x000000005e0d1000 	C:\Program Files\Java\jdk1.8.0_181\jre\bin\nio.dll
0x00000000683c0000 - 0x0000000068725000 	C:\Users\serpi\.javacpp\cache\ale-0.6.0-1.4.1-windows-x86_64.jar\org\bytedeco\javacpp\windows-x86_64\libale.dll
0x00000000624c0000 - 0x00000000625bb000 	C:\Users\serpi\.javacpp\cache\ale-0.6.0-1.4.1-windows-x86_64.jar\org\bytedeco\javacpp\windows-x86_64\jniale.dll
0x0000000064940000 - 0x0000000064955000 	C:\Users\serpi\.javacpp\cache\mkl-dnn-0.16-1.4.3-windows-x86_64.jar\org\bytedeco\javacpp\windows-x86_64\libwinpthread-1.dll
0x0000000061440000 - 0x000000006145c000 	C:\Users\serpi\.javacpp\cache\mkl-dnn-0.16-1.4.3-windows-x86_64.jar\org\bytedeco\javacpp\windows-x86_64\libgcc_s_seh-1.dll
0x0000000063600000 - 0x000000006362f000 	C:\Users\serpi\.javacpp\cache\mkl-dnn-0.16-1.4.3-windows-x86_64.jar\org\bytedeco\javacpp\windows-x86_64\libgomp-1.dll
0x000000006fc40000 - 0x000000006fda6000 	C:\Users\serpi\.javacpp\cache\mkl-dnn-0.16-1.4.3-windows-x86_64.jar\org\bytedeco\javacpp\windows-x86_64\libstdc++-6.dll
0x00007ff8b42d0000 - 0x00007ff8b43bf000 	C:\Users\serpi\.javacpp\cache\mkl-dnn-0.16-1.4.3-windows-x86_64.jar\org\bytedeco\javacpp\windows-x86_64\msvcr120.dll
0x00007ff89d560000 - 0x00007ff89d729000 	C:\Users\serpi\.javacpp\cache\mkl-dnn-0.16-1.4.3-windows-x86_64.jar\org\bytedeco\javacpp\windows-x86_64\libiomp5md.dll
0x00007ff85c400000 - 0x00007ff86395a000 	C:\Users\serpi\.javacpp\cache\mkl-dnn-0.16-1.4.3-windows-x86_64.jar\org\bytedeco\javacpp\windows-x86_64\mklml.dll
0x000000001d5b0000 - 0x000000001daf6000 	C:\Users\serpi\.javacpp\cache\mkl-dnn-0.16-1.4.3-windows-x86_64.jar\org\bytedeco\javacpp\windows-x86_64\libmkldnn.dll
0x0000000069480000 - 0x000000006a651000 	C:\Users\serpi\.javacpp\cache\nd4j-native-1.0.0-beta3-windows-x86_64.jar\org\nd4j\nativeblas\windows-x86_64\libnd4jcpu.dll
0x0000000066880000 - 0x0000000066e14000 	C:\Users\serpi\.javacpp\cache\nd4j-native-1.0.0-beta3-windows-x86_64.jar\org\nd4j\nativeblas\windows-x86_64\jnind4jcpu.dll
0x00007ff854ea0000 - 0x00007ff85c3fa000 	C:\Users\serpi\.javacpp\cache\mkl-dnn-0.16-1.4.3-windows-x86_64.jar\org\bytedeco\javacpp\windows-x86_64\libopenblas_nolapack.dll
0x0000000071000000 - 0x000000007105c000 	C:\Users\serpi\.javacpp\cache\openblas-0.3.3-1.4.3-windows-x86_64.jar\org\bytedeco\javacpp\windows-x86_64\jniopenblas_nolapack.dll
0x00007ff8c2270000 - 0x00007ff8c2287000 	C:\Windows\SYSTEM32\CRYPTSP.dll
0x00007ff8c1ca0000 - 0x00007ff8c1cd3000 	C:\Windows\system32\rsaenh.dll
0x00007ff8c23a0000 - 0x00007ff8c23c5000 	C:\Windows\SYSTEM32\bcrypt.dll
0x00007ff8c2770000 - 0x00007ff8c2798000 	C:\Windows\SYSTEM32\USERENV.dll
0x00007ff8c2290000 - 0x00007ff8c229b000 	C:\Windows\SYSTEM32\CRYPTBASE.dll
0x00007ff8c1e40000 - 0x00007ff8c1e78000 	C:\Windows\SYSTEM32\IPHLPAPI.DLL
0x00007ff8c62a0000 - 0x00007ff8c62a8000 	C:\Windows\System32\NSI.dll
0x00007ff8bd960000 - 0x00007ff8bd976000 	C:\Windows\SYSTEM32\dhcpcsvc6.DLL
0x00007ff8bd8c0000 - 0x00007ff8bd8da000 	C:\Windows\SYSTEM32\dhcpcsvc.DLL
0x000000001cbe0000 - 0x000000001cbe3000 	C:\Users\serpi\.javacpp\cache\opencv-3.4.3-1.4.3-windows-x86_64.jar\org\bytedeco\javacpp\windows-x86_64\api-ms-win-crt-locale-l1-1-0.dll
0x000000001cbf0000 - 0x000000001cbf4000 	C:\Users\serpi\.javacpp\cache\opencv-3.4.3-1.4.3-windows-x86_64.jar\org\bytedeco\javacpp\windows-x86_64\api-ms-win-crt-string-l1-1-0.dll
0x000000001cc00000 - 0x000000001cc04000 	C:\Users\serpi\.javacpp\cache\opencv-3.4.3-1.4.3-windows-x86_64.jar\org\bytedeco\javacpp\windows-x86_64\api-ms-win-crt-stdio-l1-1-0.dll
0x000000001cc10000 - 0x000000001cc15000 	C:\Users\serpi\.javacpp\cache\opencv-3.4.3-1.4.3-windows-x86_64.jar\org\bytedeco\javacpp\windows-x86_64\api-ms-win-crt-math-l1-1-0.dll
0x000000001cc20000 - 0x000000001cc23000 	C:\Users\serpi\.javacpp\cache\opencv-3.4.3-1.4.3-windows-x86_64.jar\org\bytedeco\javacpp\windows-x86_64\api-ms-win-crt-heap-l1-1-0.dll
0x000000001cc30000 - 0x000000001cc34000 	C:\Users\serpi\.javacpp\cache\opencv-3.4.3-1.4.3-windows-x86_64.jar\org\bytedeco\javacpp\windows-x86_64\api-ms-win-crt-runtime-l1-1-0.dll
0x000000001cc40000 - 0x000000001cc44000 	C:\Users\serpi\.javacpp\cache\opencv-3.4.3-1.4.3-windows-x86_64.jar\org\bytedeco\javacpp\windows-x86_64\api-ms-win-crt-convert-l1-1-0.dll
0x000000001cc50000 - 0x000000001cc53000 	C:\Users\serpi\.javacpp\cache\opencv-3.4.3-1.4.3-windows-x86_64.jar\org\bytedeco\javacpp\windows-x86_64\api-ms-win-crt-environment-l1-1-0.dll
0x000000001dc00000 - 0x000000001dc03000 	C:\Users\serpi\.javacpp\cache\opencv-3.4.3-1.4.3-windows-x86_64.jar\org\bytedeco\javacpp\windows-x86_64\api-ms-win-crt-time-l1-1-0.dll
0x000000001dc10000 - 0x000000001dc13000 	C:\Users\serpi\.javacpp\cache\opencv-3.4.3-1.4.3-windows-x86_64.jar\org\bytedeco\javacpp\windows-x86_64\api-ms-win-crt-filesystem-l1-1-0.dll
0x000000001dc20000 - 0x000000001dc23000 	C:\Users\serpi\.javacpp\cache\opencv-3.4.3-1.4.3-windows-x86_64.jar\org\bytedeco\javacpp\windows-x86_64\api-ms-win-crt-utility-l1-1-0.dll
0x000000001dc30000 - 0x000000001dc35000 	C:\Users\serpi\.javacpp\cache\opencv-3.4.3-1.4.3-windows-x86_64.jar\org\bytedeco\javacpp\windows-x86_64\api-ms-win-crt-multibyte-l1-1-0.dll
0x00007ff8bf780000 - 0x00007ff8bf797000 	C:\Users\serpi\.javacpp\cache\opencv-3.4.3-1.4.3-windows-x86_64.jar\org\bytedeco\javacpp\windows-x86_64\vcruntime140.dll
0x00007ff8af390000 - 0x00007ff8af42d000 	C:\Users\serpi\.javacpp\cache\opencv-3.4.3-1.4.3-windows-x86_64.jar\org\bytedeco\javacpp\windows-x86_64\msvcp140.dll
0x00007ff8b87e0000 - 0x00007ff8b8831000 	C:\Users\serpi\.javacpp\cache\opencv-3.4.3-1.4.3-windows-x86_64.jar\org\bytedeco\javacpp\windows-x86_64\concrt140.dll
0x00007ff8b9830000 - 0x00007ff8b985e000 	C:\Users\serpi\.javacpp\cache\opencv-3.4.3-1.4.3-windows-x86_64.jar\org\bytedeco\javacpp\windows-x86_64\vcomp140.dll
0x00007ff894540000 - 0x00007ff894847000 	C:\Users\serpi\.javacpp\cache\opencv-3.4.3-1.4.3-windows-x86_64.jar\org\bytedeco\javacpp\windows-x86_64\opencv_core343.dll
0x00007ff88ed20000 - 0x00007ff88f13c000 	C:\Users\serpi\.javacpp\cache\opencv-3.4.3-1.4.3-windows-x86_64.jar\org\bytedeco\javacpp\windows-x86_64\opencv_imgproc343.dll
0x00007ff87e8a0000 - 0x00007ff87ec4a000 	C:\Users\serpi\.javacpp\cache\opencv-3.4.3-1.4.3-windows-x86_64.jar\org\bytedeco\javacpp\windows-x86_64\jniopencv_core.dll
0x00007ff893a90000 - 0x00007ff893be8000 	C:\Users\serpi\.javacpp\cache\opencv-3.4.3-1.4.3-windows-x86_64.jar\org\bytedeco\javacpp\windows-x86_64\jniopencv_imgproc.dll
0x00007ff89f1b0000 - 0x00007ff89f26b000 	C:\Users\serpi\.javacpp\cache\ffmpeg-4.0.2-1.4.3-windows-x86_64.jar\org\bytedeco\javacpp\windows-x86_64\avutil-56.dll
0x000000006fe00000 - 0x000000006fee7000 	C:\Users\serpi\.javacpp\cache\ffmpeg-4.0.2-1.4.3-windows-x86_64.jar\org\bytedeco\javacpp\windows-x86_64\jniavutil.dll
0x00007ff8b86f0000 - 0x00007ff8b8717000 	C:\Users\serpi\.javacpp\cache\ffmpeg-4.0.2-1.4.3-windows-x86_64.jar\org\bytedeco\javacpp\windows-x86_64\swresample-3.dll
0x0000000070080000 - 0x00000000700ae000 	C:\Users\serpi\.javacpp\cache\ffmpeg-4.0.2-1.4.3-windows-x86_64.jar\org\bytedeco\javacpp\windows-x86_64\jniswresample.dll
0x00007ff867dd0000 - 0x00007ff86a051000 	C:\Users\serpi\.javacpp\cache\ffmpeg-4.0.2-1.4.3-windows-x86_64.jar\org\bytedeco\javacpp\windows-x86_64\avcodec-58.dll
0x00007ff8c5490000 - 0x00007ff8c55e1000 	C:\Windows\System32\ole32.dll
0x0000000026250000 - 0x00000000264b4000 	C:\Users\serpi\.javacpp\cache\ffmpeg-4.0.2-1.4.3-windows-x86_64.jar\org\bytedeco\javacpp\windows-x86_64\jniavcodec.dll
0x00007ff87e3d0000 - 0x00007ff87e891000 	C:\Users\serpi\.javacpp\cache\ffmpeg-4.0.2-1.4.3-windows-x86_64.jar\org\bytedeco\javacpp\windows-x86_64\avformat-58.dll
0x00007ff8c37d0000 - 0x00007ff8c39b2000 	C:\Windows\System32\CRYPT32.dll
0x00007ff8c2890000 - 0x00007ff8c28a2000 	C:\Windows\System32\MSASN1.dll
0x000000006abc0000 - 0x000000006ad0a000 	C:\Users\serpi\.javacpp\cache\ffmpeg-4.0.2-1.4.3-windows-x86_64.jar\org\bytedeco\javacpp\windows-x86_64\jniavformat.dll
0x00007ff8a7830000 - 0x00007ff8a78c5000 	C:\Users\serpi\.javacpp\cache\ffmpeg-4.0.2-1.4.3-windows-x86_64.jar\org\bytedeco\javacpp\windows-x86_64\swscale-5.dll
0x0000000067cc0000 - 0x0000000067cf6000 	C:\Users\serpi\.javacpp\cache\ffmpeg-4.0.2-1.4.3-windows-x86_64.jar\org\bytedeco\javacpp\windows-x86_64\jniswscale.dll
0x00007ff8b71b0000 - 0x00007ff8b71da000 	C:\Users\serpi\.javacpp\cache\ffmpeg-4.0.2-1.4.3-windows-x86_64.jar\org\bytedeco\javacpp\windows-x86_64\postproc-55.dll
0x000000001eea0000 - 0x000000001eecd000 	C:\Users\serpi\.javacpp\cache\ffmpeg-4.0.2-1.4.3-windows-x86_64.jar\org\bytedeco\javacpp\windows-x86_64\jnipostproc.dll
0x00007ff87b7f0000 - 0x00007ff87bb71000 	C:\Users\serpi\.javacpp\cache\ffmpeg-4.0.2-1.4.3-windows-x86_64.jar\org\bytedeco\javacpp\windows-x86_64\avfilter-7.dll
0x0000000064400000 - 0x0000000064477000 	C:\Users\serpi\.javacpp\cache\ffmpeg-4.0.2-1.4.3-windows-x86_64.jar\org\bytedeco\javacpp\windows-x86_64\jniavfilter.dll
0x00007ff8b4ed0000 - 0x00007ff8b4efc000 	C:\Users\serpi\.javacpp\cache\ffmpeg-4.0.2-1.4.3-windows-x86_64.jar\org\bytedeco\javacpp\windows-x86_64\avdevice-58.dll
0x00007ff8c6170000 - 0x00007ff8c6233000 	C:\Windows\System32\OLEAUT32.dll
0x00007ff8b8ae0000 - 0x00007ff8b8af8000 	C:\Windows\SYSTEM32\AVICAP32.dll
0x00007ff8b4ea0000 - 0x00007ff8b4ec9000 	C:\Windows\SYSTEM32\MSVFW32.dll
0x00000000201f0000 - 0x0000000020229000 	C:\Users\serpi\.javacpp\cache\ffmpeg-4.0.2-1.4.3-windows-x86_64.jar\org\bytedeco\javacpp\windows-x86_64\jniavdevice.dll
0x00007ff8b63e0000 - 0x00007ff8b65a9000 	C:\Windows\SYSTEM32\dbghelp.dll

VM Arguments:
jvm_args: -agentlib:jdwp=transport=dt_socket,address=127.0.0.1:63826,suspend=y,server=n -javaagent:C:\Users\serpi\.IdeaIC2018.2\system\captureAgent\debugger-agent.jar=file:/C:/Users/serpi/AppData/Local/Temp/capture2.props -Dfile.encoding=UTF-8 
java_command: org.deeplearning4j.rl4j.A3CALE
java_class_path (initial): C:\Program Files\Java\jdk1.8.0_181\jre\lib\charsets.jar;C:\Program Files\Java\jdk1.8.0_181\jre\lib\deploy.jar;C:\Program Files\Java\jdk1.8.0_181\jre\lib\ext\access-bridge-64.jar;C:\Program Files\Java\jdk1.8.0_181\jre\lib\ext\cldrdata.jar;C:\Program Files\Java\jdk1.8.0_181\jre\lib\ext\dnsns.jar;C:\Program Files\Java\jdk1.8.0_181\jre\lib\ext\jaccess.jar;C:\Program Files\Java\jdk1.8.0_181\jre\lib\ext\jfxrt.jar;C:\Program Files\Java\jdk1.8.0_181\jre\lib\ext\localedata.jar;C:\Program Files\Java\jdk1.8.0_181\jre\lib\ext\nashorn.jar;C:\Program Files\Java\jdk1.8.0_181\jre\lib\ext\sunec.jar;C:\Program Files\Java\jdk1.8.0_181\jre\lib\ext\sunjce_provider.jar;C:\Program Files\Java\jdk1.8.0_181\jre\lib\ext\sunmscapi.jar;C:\Program Files\Java\jdk1.8.0_181\jre\lib\ext\sunpkcs11.jar;C:\Program Files\Java\jdk1.8.0_181\jre\lib\ext\zipfs.jar;C:\Program Files\Java\jdk1.8.0_181\jre\lib\javaws.jar;C:\Program Files\Java\jdk1.8.0_181\jre\lib\jce.jar;C:\Program Files\Java\jdk1.8.0_181\jre\lib\jfr.jar;C:\Program Files\Java\jdk1.8.0_181\jre\lib\jfxswt.jar;C:\Program Files\Java\jdk1.8.0_181\jre\lib\jsse.jar;C:\Program Files\Java\jdk1.8.0_181\jre\lib\management-agent.jar;C:\Program Files\Java\jdk1.8.0_181\jre\lib\plugin.jar;C:\Program Files\Java\jdk1.8.0_181\jre\lib\resources.jar;C:\Program Files\Java\jdk1.8.0_181\jre\lib\rt.jar;C:\Users\serpi\Documents\Java Projects\dl4j-quickstart\target\classes;C:\Users\serpi\.m2\repository\org\deeplearning4j\rl4j\1.0.0-beta2;C:\Users\serpi\.m2\repository\org\bytedeco\javacpp-presets\ale-platform\0.6.0-1.4.1\ale-platform-0.6.0-1.4.1.jar;C:\Users\serpi\.m2\repository\org\bytedeco\javacpp-presets\ale\0.6.0-1.4.1\ale-0.6.0-1.4.1.jar;C:\Users\serpi\.m2\repository\org\bytedeco\javacpp-presets\ale\0.6.0-1.4.1\ale-0.6.0-1.4.1-linux-x86.jar;C:\Users\serpi\.m2\repository\org\bytedeco\javacpp-presets\ale\0.6.0-1.4.1\ale-0.6.0-1.4.1-linux-x86_64.jar;C:\Users\serpi\.m2\repository\org\bytedeco\javacpp-presets\ale\0.6.0-1.4.1\ale-0.6.0-1.4.1-m
Launcher Type: SUN_STANDARD

Environment Variables:
JAVA_HOME=C:\Program Files\Java\jdk1.8.0_181
PATH=C:\Program Files\NVIDIA GPU Computing Toolkit\CUDA\v9.0\bin;C:\Program Files\NVIDIA GPU Computing Toolkit\CUDA\v9.0\libnvvp;C:\Program Files (x86)\Common Files\Oracle\Java\javapath;C:\Windows\system32;C:\Windows;C:\Windows\System32\Wbem;C:\Windows\System32\WindowsPowerShell\v1.0\;C:\Windows\System32\OpenSSH\;C:\Program Files\dotnet\;C:\Program Files\Microsoft SQL Server\130\Tools\Binn\;C:\Program Files\Git\cmd;C:\Program Files (x86)\NVIDIA Corporation\PhysX\Common;C:\Users\serpi\cuda;C:\Program Files\NVIDIA Corporation\NVIDIA NvDLISR;C:\Windows\System32\cmd.exe;C:\Program Files\PuTTY\;C:\Program Files\NVIDIA GPU Computing Toolkit\CUDA\v9.0\lib\x64;C:\Program Files (x86)\Maven\bin;C:\Program Files (x86)\Microsoft Visual Studio 14.0\Common7\Tools;C:\Users\serpi\AppData\Local\Microsoft\WindowsApps;C:\Users\serpi\cuda;C:\Program Files\heroku\bin;C:\Program Files\NVIDIA GPU Computing Toolkit\CUDA\v9.0\bin;C:\Users\serpi\AppData\Local\Programs\Python\Python35;C:\Users\serpi\AppData\Local\Programs\Python\Python35\Scripts;
USERNAME=serpi
OS=Windows_NT
PROCESSOR_IDENTIFIER=Intel64 Family 6 Model 58 Stepping 9, GenuineIntel



---------------  S Y S T E M  ---------------

OS: Windows 10.0 , 64 bit Build 17134 (10.0.17134.556)

CPU:total 4 (initial active 4) (4 cores per cpu, 1 threads per core) family 6 model 58 stepping 9, cmov, cx8, fxsr, mmx, sse, sse2, sse3, ssse3, sse4.1, sse4.2, popcnt, avx, aes, clmul, erms, tsc, tscinvbit, tscinv

Memory: 4k page, physical 8331436k(2643100k free), swap 19725440k(8657332k free)

vm_info: Java HotSpot(TM) 64-Bit Server VM (25.181-b13) for windows-amd64 JRE (1.8.0_181-b13), built on Jul  7 2018 04:01:33 by "java_re" with MS VC++ 10.0 (VS2010)

time: Sun Feb 24 11:53:38 2019
elapsed time: 9 seconds (0d 0h 0m 9s)

