#
# A fatal error has been detected by the Java Runtime Environment:
#
#  EXCEPTION_ACCESS_VIOLATION (0xc0000005) at pc=0x00007ffb56029f54, pid=5236, tid=0x0000000000000a70
#
# JRE version: Java(TM) SE Runtime Environment (8.0_181-b13) (build 1.8.0_181-b13)
# Java VM: Java HotSpot(TM) 64-Bit Server VM (25.181-b13 mixed mode windows-amd64 compressed oops)
# Problematic frame:
# C  [opencv_core343.dll+0x59f54]
#
# Failed to write core dump. Minidumps are not enabled by default on client versions of Windows
#
# If you would like to submit a bug report, please visit:
#   http://bugreport.java.com/bugreport/crash.jsp
# The crash happened outside the Java Virtual Machine in native code.
# See problematic frame for where to report the bug.
#

---------------  T H R E A D  ---------------

Current thread (0x00000000024ea000):  JavaThread "main" [_thread_in_native, id=2672, stack(0x00000000023e0000,0x00000000024e0000)]

siginfo: ExceptionCode=0xc0000005, reading address 0x00000000001ff000

Registers:
RAX=0x0000000000000250, RBX=0x00000000024deaa0, RCX=0x0000000000000258, RDX=0x0000000000000258
RSP=0x00000000024dea40, RBP=0x0000000000000960, RSI=0x0000000000000258, RDI=0x00000000001fe7d0
R8 =0x000000000000000a, R9 =0x00000000001feff0, R10=0x000000000074c6c8, R11=0x000000000074c4c2
R12=0x0000000000000003, R13=0x0000000000000000, R14=0x00000000000000ff, R15=0x00000000024ded60
RIP=0x00007ffb56029f54, EFLAGS=0x0000000000010206

Top of Stack: (sp=0x00000000024dea40)
0x00000000024dea40:   0000000000000000 0000000000000000
0x00000000024dea50:   00000000006f8660 00007ffb5602d36f
0x00000000024dea60:   00000000024debc0 00000000ffffffff
0x00000000024dea70:   0000000000000000 00007ffb5602d310
0x00000000024dea80:   00000000024deaa0 00000000437f0000
0x00000000024dea90:   ffffffff00000000 00000001000000c8
0x00000000024deaa0:   0000000000000258 fffffffffffffffe
0x00000000024deab0:   00000000006f8660 00007ffb56020963
0x00000000024deac0:   0000000000000000 00000000024dec30
0x00000000024dead0:   0000000000000010 000000000000006b
0x00000000024deae0:   000000000074c4c0 0000000000000258
0x00000000024deaf0:   00000000024deb38 00000000024deb58
0x00000000024deb00:   00000000024f5b00 0000000000000000
0x00000000024deb10:   0000000000000000 0000000100000258
0x00000000024deb20:   0000000021ae84c8 00000001000000c8
0x00000000024deb30:   0000000021ae84c8 0000000100000258 

Instructions: (pc=0x00007ffb56029f54)
0x00007ffb56029f34:   4c 8b cf 49 c1 e8 03 4d 8d 53 fe 42 8d 14 c5 00
0x00007ffb56029f44:   00 00 00 4a 8d 0c c5 00 00 00 00 90 41 0f 10 01
0x00007ffb56029f54:   41 0f 10 49 10 49 83 c1 20 0f 59 c6 0f 59 ce 0f
0x00007ffb56029f64:   58 c5 0f 58 cd 66 0f 5b d0 66 0f 5b c1 66 0f 6b 


Register to memory mapping:

RAX=0x0000000000000250 is an unknown value
RBX=0x00000000024deaa0 is pointing into the stack for thread: 0x00000000024ea000
RCX=0x0000000000000258 is an unknown value
RDX=0x0000000000000258 is an unknown value
RSP=0x00000000024dea40 is pointing into the stack for thread: 0x00000000024ea000
RBP=0x0000000000000960 is an unknown value
RSI=0x0000000000000258 is an unknown value
RDI=0x00000000001fe7d0 is an unknown value
R8 =0x000000000000000a is an unknown value
R9 =0x00000000001feff0 is an unknown value
R10=0x000000000074c6c8 is an unknown value
R11=0x000000000074c4c2 is an unknown value
R12=0x0000000000000003 is an unknown value
R13=0x0000000000000000 is an unknown value
R14=0x00000000000000ff is an unknown value
R15=0x00000000024ded60 is pointing into the stack for thread: 0x00000000024ea000


Stack: [0x00000000023e0000,0x00000000024e0000],  sp=0x00000000024dea40,  free space=1018k
Native frames: (J=compiled Java code, j=interpreted, Vv=VM code, C=native code)
C  [opencv_core343.dll+0x59f54]
C  [opencv_core343.dll+0x5d36f]
C  [opencv_core343.dll+0x50963]
C  [jniopencv_core.dll+0x46f2f]
C  0x0000000002801df0

Java frames: (J=compiled Java code, j=interpreted, Vv=VM code)
j  org.bytedeco.javacpp.opencv_core$Mat.convertTo(Lorg/bytedeco/javacpp/opencv_core$Mat;IDD)V+0
j  org.deeplearning4j.rl4j.learning.HistoryProcessor.transform(Lorg/nd4j/linalg/api/ndarray/INDArray;)Lorg/nd4j/linalg/api/ndarray/INDArray;+83
j  org.deeplearning4j.rl4j.learning.HistoryProcessor.add(Lorg/nd4j/linalg/api/ndarray/INDArray;)V+2
j  org.deeplearning4j.rl4j.learning.Learning.initMdp(Lorg/deeplearning4j/rl4j/mdp/MDP;Lorg/deeplearning4j/rl4j/learning/IHistoryProcessor;)Lorg/deeplearning4j/rl4j/learning/Learning$InitMdp;+130
j  org.deeplearning4j.rl4j.policy.Policy.play(Lorg/deeplearning4j/rl4j/mdp/MDP;Lorg/deeplearning4j/rl4j/learning/IHistoryProcessor;)D+11
j  org.deeplearning4j.rl4j.learning.async.AsyncLearning.train()V+55
j  org.deeplearning4j.tetris.Tetris.main([Ljava/lang/String;)V+37
v  ~StubRoutines::call_stub

---------------  P R O C E S S  ---------------

Java Threads: ( => current thread )
  0x000000001be80000 JavaThread "Thread-4" [_thread_in_native, id=3360, stack(0x0000000025c70000,0x0000000025d70000)]
  0x000000001a578000 JavaThread "Thread-3" [_thread_in_Java, id=10004, stack(0x0000000024bb0000,0x0000000024cb0000)]
  0x000000001beae800 JavaThread "NativeRandomDeallocator thread 0" daemon [_thread_blocked, id=7636, stack(0x0000000021850000,0x0000000021950000)]
  0x000000001a5be800 JavaThread "JavaCPP Deallocator" daemon [_thread_blocked, id=2760, stack(0x000000001c290000,0x000000001c390000)]
  0x000000001ba5e000 JavaThread "Workspace deallocator thread" daemon [_thread_blocked, id=11504, stack(0x000000001af10000,0x000000001b010000)]
  0x000000001981d000 JavaThread "Service Thread" daemon [_thread_blocked, id=12372, stack(0x0000000019bf0000,0x0000000019cf0000)]
  0x00000000197d6000 JavaThread "C1 CompilerThread2" daemon [_thread_blocked, id=12160, stack(0x0000000019af0000,0x0000000019bf0000)]
  0x00000000197d2000 JavaThread "C2 CompilerThread1" daemon [_thread_blocked, id=4804, stack(0x00000000199f0000,0x0000000019af0000)]
  0x00000000197d1800 JavaThread "C2 CompilerThread0" daemon [_thread_blocked, id=264, stack(0x00000000198f0000,0x00000000199f0000)]
  0x00000000173c6000 JavaThread "JDWP Command Reader" daemon [_thread_in_native, id=4448, stack(0x0000000018bf0000,0x0000000018cf0000)]
  0x00000000173c2800 JavaThread "JDWP Event Helper Thread" daemon [_thread_blocked, id=12252, stack(0x0000000018af0000,0x0000000018bf0000)]
  0x00000000173b3800 JavaThread "JDWP Transport Listener: dt_socket" daemon [_thread_blocked, id=76, stack(0x00000000189f0000,0x0000000018af0000)]
  0x00000000173a8000 JavaThread "Attach Listener" daemon [_thread_blocked, id=16052, stack(0x00000000188f0000,0x00000000189f0000)]
  0x00000000173a7000 JavaThread "Signal Dispatcher" daemon [_thread_blocked, id=14592, stack(0x00000000187f0000,0x00000000188f0000)]
  0x0000000017385000 JavaThread "Finalizer" daemon [_thread_blocked, id=13796, stack(0x00000000185f0000,0x00000000186f0000)]
  0x000000001735a000 JavaThread "Reference Handler" daemon [_thread_blocked, id=15076, stack(0x00000000184f0000,0x00000000185f0000)]
=>0x00000000024ea000 JavaThread "main" [_thread_in_native, id=2672, stack(0x00000000023e0000,0x00000000024e0000)]

Other Threads:
  0x0000000017358800 VMThread [stack: 0x00000000183f0000,0x00000000184f0000] [id=5940]
  0x00000000198ea800 WatcherThread [stack: 0x000000001acc0000,0x000000001adc0000] [id=8488]

VM state:not at safepoint (normal execution)

VM Mutex/Monitor currently owned by a thread: None

Heap:
 PSYoungGen      total 35328K, used 5698K [0x00000000d5980000, 0x00000000d8400000, 0x0000000100000000)
  eden space 28160K, 20% used [0x00000000d5980000,0x00000000d5f10868,0x00000000d7500000)
  from space 7168K, 0% used [0x00000000d7d00000,0x00000000d7d00000,0x00000000d8400000)
  to   space 7680K, 0% used [0x00000000d7500000,0x00000000d7500000,0x00000000d7c80000)
 ParOldGen       total 38400K, used 3879K [0x0000000080c00000, 0x0000000083180000, 0x00000000d5980000)
  object space 38400K, 10% used [0x0000000080c00000,0x0000000080fc9c78,0x0000000083180000)
 Metaspace       used 21198K, capacity 21294K, committed 21504K, reserved 1067008K
  class space    used 2967K, capacity 3001K, committed 3072K, reserved 1048576K

Card table byte_map: [0x0000000011ba0000,0x0000000011fa0000] byte_map_base: 0x000000001179a000

Marking Bits: (ParMarkBitMap*) 0x00000000767f2d00
 Begin Bits: [0x0000000012650000, 0x0000000014620000)
 End Bits:   [0x0000000014620000, 0x00000000165f0000)

Polling page: 0x0000000000620000

CodeCache: size=245760Kb used=5714Kb max_used=5714Kb free=240045Kb
 bounds [0x00000000027e0000, 0x0000000002d80000, 0x00000000117e0000]
 total_blobs=1929 nmethods=1278 adapters=571
 compilation: enabled

Compilation events (10 events):
Event: 5.942 Thread 0x00000000197d6000 1272   !   3       java.io.File::toURI (69 bytes)
Event: 5.943 Thread 0x00000000197d6000 nmethod 1272 0x0000000002d694d0 code [0x0000000002d69740, 0x0000000002d6a5f8]
Event: 5.943 Thread 0x00000000197d6000 1273       3       sun.nio.fs.WindowsPath::getFileSystem (5 bytes)
Event: 5.943 Thread 0x00000000197d6000 nmethod 1273 0x0000000002d61a90 code [0x0000000002d61be0, 0x0000000002d61dd0]
Event: 5.943 Thread 0x00000000197d6000 1275       3       sun.nio.fs.WindowsFileAttributes::fromFileAttributeData (104 bytes)
Event: 5.943 Thread 0x00000000197d6000 nmethod 1275 0x0000000002d61550 code [0x0000000002d616c0, 0x0000000002d61968]
Event: 5.943 Thread 0x00000000197d6000 1274       3       sun.nio.fs.WindowsFileSystem::getPath (101 bytes)
Event: 5.944 Thread 0x00000000197d6000 nmethod 1274 0x0000000002d6ae50 code [0x0000000002d6b0e0, 0x0000000002d6c438]
Event: 5.949 Thread 0x00000000197d6000 1276   !   3       sun.nio.fs.WindowsFileAttributes::get (236 bytes)
Event: 5.951 Thread 0x00000000197d6000 nmethod 1276 0x0000000002d6d150 code [0x0000000002d6d5e0, 0x0000000002d6f4b8]

GC Heap History (10 events):
Event: 5.027 GC heap before
{Heap before GC invocations=9 (full 0):
 PSYoungGen      total 37888K, used 33520K [0x00000000d5980000, 0x00000000d8600000, 0x0000000100000000)
  eden space 31232K, 100% used [0x00000000d5980000,0x00000000d7800000,0x00000000d7800000)
  from space 6656K, 34% used [0x00000000d7f80000,0x00000000d81bc188,0x00000000d8600000)
  to   space 7168K, 0% used [0x00000000d7800000,0x00000000d7800000,0x00000000d7f00000)
 ParOldGen       total 87552K, used 4276K [0x0000000080c00000, 0x0000000086180000, 0x00000000d5980000)
  object space 87552K, 4% used [0x0000000080c00000,0x000000008102d2b0,0x0000000086180000)
 Metaspace       used 19660K, capacity 19854K, committed 20096K, reserved 1067008K
  class space    used 2787K, capacity 2841K, committed 2944K, reserved 1048576K
Event: 5.028 GC heap after
Heap after GC invocations=9 (full 0):
 PSYoungGen      total 37888K, used 832K [0x00000000d5980000, 0x00000000d8680000, 0x0000000100000000)
  eden space 30720K, 0% used [0x00000000d5980000,0x00000000d5980000,0x00000000d7780000)
  from space 7168K, 11% used [0x00000000d7800000,0x00000000d78d0000,0x00000000d7f00000)
  to   space 7680K, 0% used [0x00000000d7f00000,0x00000000d7f00000,0x00000000d8680000)
 ParOldGen       total 87552K, used 4692K [0x0000000080c00000, 0x0000000086180000, 0x00000000d5980000)
  object space 87552K, 5% used [0x0000000080c00000,0x00000000810952c0,0x0000000086180000)
 Metaspace       used 19660K, capacity 19854K, committed 20096K, reserved 1067008K
  class space    used 2787K, capacity 2841K, committed 2944K, reserved 1048576K
}
Event: 5.323 GC heap before
{Heap before GC invocations=10 (full 0):
 PSYoungGen      total 37888K, used 31552K [0x00000000d5980000, 0x00000000d8680000, 0x0000000100000000)
  eden space 30720K, 100% used [0x00000000d5980000,0x00000000d7780000,0x00000000d7780000)
  from space 7168K, 11% used [0x00000000d7800000,0x00000000d78d0000,0x00000000d7f00000)
  to   space 7680K, 0% used [0x00000000d7f00000,0x00000000d7f00000,0x00000000d8680000)
 ParOldGen       total 87552K, used 4692K [0x0000000080c00000, 0x0000000086180000, 0x00000000d5980000)
  object space 87552K, 5% used [0x0000000080c00000,0x00000000810952c0,0x0000000086180000)
 Metaspace       used 20854K, capacity 21038K, committed 21248K, reserved 1067008K
  class space    used 2965K, capacity 3001K, committed 3072K, reserved 1048576K
Event: 5.325 GC heap after
Heap after GC invocations=10 (full 0):
 PSYoungGen      total 37376K, used 1024K [0x00000000d5980000, 0x00000000d8600000, 0x0000000100000000)
  eden space 30208K, 0% used [0x00000000d5980000,0x00000000d5980000,0x00000000d7700000)
  from space 7168K, 14% used [0x00000000d7f00000,0x00000000d8000000,0x00000000d8600000)
  to   space 7680K, 0% used [0x00000000d7700000,0x00000000d7700000,0x00000000d7e80000)
 ParOldGen       total 87552K, used 5276K [0x0000000080c00000, 0x0000000086180000, 0x00000000d5980000)
  object space 87552K, 6% used [0x0000000080c00000,0x0000000081127210,0x0000000086180000)
 Metaspace       used 20854K, capacity 21038K, committed 21248K, reserved 1067008K
  class space    used 2965K, capacity 3001K, committed 3072K, reserved 1048576K
}
Event: 5.538 GC heap before
{Heap before GC invocations=11 (full 0):
 PSYoungGen      total 37376K, used 31232K [0x00000000d5980000, 0x00000000d8600000, 0x0000000100000000)
  eden space 30208K, 100% used [0x00000000d5980000,0x00000000d7700000,0x00000000d7700000)
  from space 7168K, 14% used [0x00000000d7f00000,0x00000000d8000000,0x00000000d8600000)
  to   space 7680K, 0% used [0x00000000d7700000,0x00000000d7700000,0x00000000d7e80000)
 ParOldGen       total 87552K, used 5276K [0x0000000080c00000, 0x0000000086180000, 0x00000000d5980000)
  object space 87552K, 6% used [0x0000000080c00000,0x0000000081127210,0x0000000086180000)
 Metaspace       used 20877K, capacity 21038K, committed 21248K, reserved 1067008K
  class space    used 2965K, capacity 3001K, committed 3072K, reserved 1048576K
Event: 5.539 GC heap after
Heap after GC invocations=11 (full 0):
 PSYoungGen      total 30208K, used 96K [0x00000000d5980000, 0x00000000d8580000, 0x0000000100000000)
  eden space 29696K, 0% used [0x00000000d5980000,0x00000000d5980000,0x00000000d7680000)
  from space 512K, 18% used [0x00000000d7700000,0x00000000d7718000,0x00000000d7780000)
  to   space 7680K, 0% used [0x00000000d7e00000,0x00000000d7e00000,0x00000000d8580000)
 ParOldGen       total 87552K, used 5524K [0x0000000080c00000, 0x0000000086180000, 0x00000000d5980000)
  object space 87552K, 6% used [0x0000000080c00000,0x00000000811650b0,0x0000000086180000)
 Metaspace       used 20877K, capacity 21038K, committed 21248K, reserved 1067008K
  class space    used 2965K, capacity 3001K, committed 3072K, reserved 1048576K
}
Event: 5.716 GC heap before
{Heap before GC invocations=12 (full 0):
 PSYoungGen      total 30208K, used 29792K [0x00000000d5980000, 0x00000000d8580000, 0x0000000100000000)
  eden space 29696K, 100% used [0x00000000d5980000,0x00000000d7680000,0x00000000d7680000)
  from space 512K, 18% used [0x00000000d7700000,0x00000000d7718000,0x00000000d7780000)
  to   space 7680K, 0% used [0x00000000d7e00000,0x00000000d7e00000,0x00000000d8580000)
 ParOldGen       total 87552K, used 5524K [0x0000000080c00000, 0x0000000086180000, 0x00000000d5980000)
  object space 87552K, 6% used [0x0000000080c00000,0x00000000811650b0,0x0000000086180000)
 Metaspace       used 20889K, capacity 21038K, committed 21248K, reserved 1067008K
  class space    used 2965K, capacity 3001K, committed 3072K, reserved 1048576K
Event: 5.716 GC heap after
Heap after GC invocations=12 (full 0):
 PSYoungGen      total 36352K, used 96K [0x00000000d5980000, 0x00000000d8500000, 0x0000000100000000)
  eden space 29184K, 0% used [0x00000000d5980000,0x00000000d5980000,0x00000000d7600000)
  from space 7168K, 1% used [0x00000000d7e00000,0x00000000d7e18000,0x00000000d8500000)
  to   space 7680K, 0% used [0x00000000d7600000,0x00000000d7600000,0x00000000d7d80000)
 ParOldGen       total 87552K, used 5548K [0x0000000080c00000, 0x0000000086180000, 0x00000000d5980000)
  object space 87552K, 6% used [0x0000000080c00000,0x000000008116b0b0,0x0000000086180000)
 Metaspace       used 20889K, capacity 21038K, committed 21248K, reserved 1067008K
  class space    used 2965K, capacity 3001K, committed 3072K, reserved 1048576K
}
Event: 5.918 GC heap before
{Heap before GC invocations=13 (full 0):
 PSYoungGen      total 36352K, used 29280K [0x00000000d5980000, 0x00000000d8500000, 0x0000000100000000)
  eden space 29184K, 100% used [0x00000000d5980000,0x00000000d7600000,0x00000000d7600000)
  from space 7168K, 1% used [0x00000000d7e00000,0x00000000d7e18000,0x00000000d8500000)
  to   space 7680K, 0% used [0x00000000d7600000,0x00000000d7600000,0x00000000d7d80000)
 ParOldGen       total 87552K, used 5548K [0x0000000080c00000, 0x0000000086180000, 0x00000000d5980000)
  object space 87552K, 6% used [0x0000000080c00000,0x000000008116b0b0,0x0000000086180000)
 Metaspace       used 20899K, capacity 21038K, committed 21248K, reserved 1067008K
  class space    used 2966K, capacity 3001K, committed 3072K, reserved 1048576K
Event: 5.919 GC heap after
Heap after GC invocations=13 (full 0):
 PSYoungGen      total 29184K, used 160K [0x00000000d5980000, 0x00000000d8480000, 0x0000000100000000)
  eden space 28672K, 0% used [0x00000000d5980000,0x00000000d5980000,0x00000000d7580000)
  from space 512K, 31% used [0x00000000d7600000,0x00000000d7628000,0x00000000d7680000)
  to   space 7680K, 0% used [0x00000000d7d00000,0x00000000d7d00000,0x00000000d8480000)
 ParOldGen       total 87552K, used 5556K [0x0000000080c00000, 0x0000000086180000, 0x00000000d5980000)
  object space 87552K, 6% used [0x0000000080c00000,0x000000008116d0b0,0x0000000086180000)
 Metaspace       used 20899K, capacity 21038K, committed 21248K, reserved 1067008K
  class space    used 2966K, capacity 3001K, committed 3072K, reserved 1048576K
}

Deoptimization events (10 events):
Event: 3.156 Thread 0x00000000024ea000 Uncommon trap: reason=unstable_if action=reinterpret pc=0x0000000002b62e58 method=java.io.WinNTFileSystem.isLetter(C)Z @ 3
Event: 3.159 Thread 0x00000000024ea000 Uncommon trap: reason=unstable_if action=reinterpret pc=0x0000000002b7c3d0 method=java.lang.String.lastIndexOf([CII[CIII)I @ 118
Event: 3.565 Thread 0x00000000024ea000 Uncommon trap: reason=unstable_if action=reinterpret pc=0x0000000002bcc228 method=java.io.WinNTFileSystem.prefixLength(Ljava/lang/String;)I @ 42
Event: 3.570 Thread 0x00000000024ea000 Uncommon trap: reason=unstable_if action=reinterpret pc=0x0000000002a4b514 method=java.net.URL.<init>(Ljava/net/URL;Ljava/lang/String;Ljava/net/URLStreamHandler;)V @ 441
Event: 4.202 Thread 0x00000000024ea000 Uncommon trap: reason=unstable_if action=reinterpret pc=0x0000000002a5fc24 method=java.lang.String.indexOf([CII[CIII)I @ 3
Event: 4.385 Thread 0x00000000024ea000 Uncommon trap: reason=unstable_if action=reinterpret pc=0x00000000028f2674 method=sun.nio.cs.UTF_8$Encoder.encode([CII[B)I @ 33
Event: 4.726 Thread 0x000000001be80000 Uncommon trap: reason=unstable_if action=reinterpret pc=0x0000000002c4c738 method=java.lang.ThreadLocal.get()Ljava/lang/Object; @ 11
Event: 4.836 Thread 0x00000000024ea000 Uncommon trap: reason=unstable_if action=reinterpret pc=0x0000000002bab9c4 method=java.util.concurrent.ConcurrentHashMap.putVal(Ljava/lang/Object;Ljava/lang/Object;Z)Ljava/lang/Object; @ 181
Event: 4.912 Thread 0x000000001be80000 Uncommon trap: reason=unstable_if action=reinterpret pc=0x0000000002ae59d8 method=java.net.URI.match(CJJ)Z @ 19
Event: 4.912 Thread 0x000000001be80000 Uncommon trap: reason=unstable_if action=reinterpret pc=0x0000000002b4c5f4 method=java.net.URI.match(CJJ)Z @ 19

Classes redefined (0 events):
No events

Internal exceptions (10 events):
Event: 3.623 Thread 0x00000000024ea000 Exception <a 'sun/nio/fs/WindowsException'> (0x00000000d7103220) thrown at [C:\re\workspace\8-2-build-windows-amd64-cygwin\jdk8u181\11358\hotspot\src\share\vm\prims\jni.cpp, line 709]
Event: 3.624 Thread 0x00000000024ea000 Exception <a 'sun/nio/fs/WindowsException'> (0x00000000d71042f8) thrown at [C:\re\workspace\8-2-build-windows-amd64-cygwin\jdk8u181\11358\hotspot\src\share\vm\prims\jni.cpp, line 709]
Event: 3.624 Thread 0x00000000024ea000 Exception <a 'sun/nio/fs/WindowsException'> (0x00000000d71053a8) thrown at [C:\re\workspace\8-2-build-windows-amd64-cygwin\jdk8u181\11358\hotspot\src\share\vm\prims\jni.cpp, line 709]
Event: 3.624 Thread 0x00000000024ea000 Exception <a 'sun/nio/fs/WindowsException'> (0x00000000d7106570) thrown at [C:\re\workspace\8-2-build-windows-amd64-cygwin\jdk8u181\11358\hotspot\src\share\vm\prims\jni.cpp, line 709]
Event: 3.624 Thread 0x00000000024ea000 Exception <a 'sun/nio/fs/WindowsException'> (0x00000000d7107738) thrown at [C:\re\workspace\8-2-build-windows-amd64-cygwin\jdk8u181\11358\hotspot\src\share\vm\prims\jni.cpp, line 709]
Event: 3.654 Thread 0x00000000024ea000 Exception <a 'sun/nio/fs/WindowsException'> (0x00000000d72d9b30) thrown at [C:\re\workspace\8-2-build-windows-amd64-cygwin\jdk8u181\11358\hotspot\src\share\vm\prims\jni.cpp, line 709]
Event: 3.729 Thread 0x00000000024ea000 Exception <a 'sun/nio/fs/WindowsException'> (0x00000000d77cc670) thrown at [C:\re\workspace\8-2-build-windows-amd64-cygwin\jdk8u181\11358\hotspot\src\share\vm\prims\jni.cpp, line 709]
Event: 3.798 Thread 0x00000000024ea000 Exception <a 'sun/nio/fs/WindowsException'> (0x00000000d5cbedf8) thrown at [C:\re\workspace\8-2-build-windows-amd64-cygwin\jdk8u181\11358\hotspot\src\share\vm\prims\jni.cpp, line 709]
Event: 3.864 Thread 0x00000000024ea000 Exception <a 'sun/nio/fs/WindowsException'> (0x00000000d61b15c0) thrown at [C:\re\workspace\8-2-build-windows-amd64-cygwin\jdk8u181\11358\hotspot\src\share\vm\prims\jni.cpp, line 709]
Event: 4.726 Thread 0x000000001be80000 Implicit null exception at 0x0000000002c4c611 to 0x0000000002c4c71d

Events (10 events):
Event: 5.856 Thread 0x000000001be80000 DEOPT PACKING pc=0x0000000002d4b2e4 sp=0x0000000025d6e830
Event: 5.856 Thread 0x000000001be80000 DEOPT UNPACKING pc=0x0000000002827890 sp=0x0000000025d6e6a8 mode 1
Event: 5.864 Thread 0x000000001be80000 DEOPT PACKING pc=0x0000000002d4b2e4 sp=0x0000000025d6e830
Event: 5.864 Thread 0x000000001be80000 DEOPT UNPACKING pc=0x0000000002827890 sp=0x0000000025d6e6a8 mode 1
Event: 5.918 Executing VM operation: ParallelGCFailedAllocation
Event: 5.919 Executing VM operation: ParallelGCFailedAllocation done
Event: 5.970 Thread 0x000000001be80000 DEOPT PACKING pc=0x0000000002d4b2e4 sp=0x0000000025d6e830
Event: 5.970 Thread 0x000000001be80000 DEOPT UNPACKING pc=0x0000000002827890 sp=0x0000000025d6e6a8 mode 1
Event: 5.987 loading class org/bytedeco/javacpp/opencv_imgproc
Event: 5.987 loading class org/bytedeco/javacpp/opencv_imgproc done


Dynamic libraries:
0x00007ff6f1130000 - 0x00007ff6f1167000 	C:\Program Files\Java\jdk1.8.0_181\bin\java.exe
0x00007ffb87a60000 - 0x00007ffb87c41000 	C:\Windows\SYSTEM32\ntdll.dll
0x00007ffb87970000 - 0x00007ffb87a21000 	C:\Windows\System32\KERNEL32.DLL
0x00007ffb84120000 - 0x00007ffb84393000 	C:\Windows\System32\KERNELBASE.dll
0x00007ffb85080000 - 0x00007ffb85121000 	C:\Windows\System32\ADVAPI32.dll
0x00007ffb85df0000 - 0x00007ffb85e8e000 	C:\Windows\System32\msvcrt.dll
0x00007ffb852c0000 - 0x00007ffb8531b000 	C:\Windows\System32\sechost.dll
0x00007ffb85130000 - 0x00007ffb85254000 	C:\Windows\System32\RPCRT4.dll
0x00007ffb85490000 - 0x00007ffb85620000 	C:\Windows\System32\USER32.dll
0x00007ffb84d30000 - 0x00007ffb84d50000 	C:\Windows\System32\win32u.dll
0x00007ffb84ef0000 - 0x00007ffb84f18000 	C:\Windows\System32\GDI32.dll
0x00007ffb843a0000 - 0x00007ffb84532000 	C:\Windows\System32\gdi32full.dll
0x00007ffb84e50000 - 0x00007ffb84eef000 	C:\Windows\System32\msvcp_win.dll
0x00007ffb84020000 - 0x00007ffb84118000 	C:\Windows\System32\ucrtbase.dll
0x00007ffb74fa0000 - 0x00007ffb75209000 	C:\Windows\WinSxS\amd64_microsoft.windows.common-controls_6595b64144ccf1df_6.0.17134.706_none_fb43a2cb30647007\COMCTL32.dll
0x00007ffb86170000 - 0x00007ffb86492000 	C:\Windows\System32\combase.dll
0x00007ffb845a0000 - 0x00007ffb8461a000 	C:\Windows\System32\bcryptPrimitives.dll
0x00007ffb864a0000 - 0x00007ffb864cd000 	C:\Windows\System32\IMM32.DLL
0x0000000077c60000 - 0x0000000077d32000 	C:\Program Files\Java\jdk1.8.0_181\jre\bin\msvcr100.dll
0x0000000075fd0000 - 0x0000000076872000 	C:\Program Files\Java\jdk1.8.0_181\jre\bin\server\jvm.dll
0x00007ffb85f40000 - 0x00007ffb85f48000 	C:\Windows\System32\PSAPI.DLL
0x00007ffb7b2a0000 - 0x00007ffb7b2c3000 	C:\Windows\SYSTEM32\WINMM.dll
0x00007ffb7fdf0000 - 0x00007ffb7fdf9000 	C:\Windows\SYSTEM32\WSOCK32.dll
0x00007ffb85620000 - 0x00007ffb8568c000 	C:\Windows\System32\WS2_32.dll
0x00007ffb7fe50000 - 0x00007ffb7fe5a000 	C:\Windows\SYSTEM32\VERSION.dll
0x00007ffb7b270000 - 0x00007ffb7b29a000 	C:\Windows\SYSTEM32\WINMMBASE.dll
0x00007ffb84e00000 - 0x00007ffb84e49000 	C:\Windows\System32\cfgmgr32.dll
0x0000000050040000 - 0x000000005004f000 	C:\Program Files\Java\jdk1.8.0_181\jre\bin\verify.dll
0x0000000050010000 - 0x0000000050039000 	C:\Program Files\Java\jdk1.8.0_181\jre\bin\java.dll
0x0000000077ae0000 - 0x0000000077b15000 	C:\Program Files\Java\jdk1.8.0_181\jre\bin\jdwp.dll
0x0000000050000000 - 0x0000000050008000 	C:\Program Files\Java\jdk1.8.0_181\jre\bin\npt.dll
0x0000000077ab0000 - 0x0000000077ad3000 	C:\Program Files\Java\jdk1.8.0_181\jre\bin\instrument.dll
0x0000000077c40000 - 0x0000000077c56000 	C:\Program Files\Java\jdk1.8.0_181\jre\bin\zip.dll
0x00007ffb86530000 - 0x00007ffb87970000 	C:\Windows\System32\SHELL32.dll
0x00007ffb85e90000 - 0x00007ffb85f39000 	C:\Windows\System32\shcore.dll
0x00007ffb84620000 - 0x00007ffb84d2d000 	C:\Windows\System32\windows.storage.dll
0x00007ffb864d0000 - 0x00007ffb86521000 	C:\Windows\System32\shlwapi.dll
0x00007ffb83e00000 - 0x00007ffb83e11000 	C:\Windows\System32\kernel.appcore.dll
0x00007ffb83dc0000 - 0x00007ffb83ddf000 	C:\Windows\System32\profapi.dll
0x00007ffb83d70000 - 0x00007ffb83dbc000 	C:\Windows\System32\powrprof.dll
0x00007ffb83e20000 - 0x00007ffb83e2a000 	C:\Windows\System32\FLTLIB.DLL
0x0000000077aa0000 - 0x0000000077aa9000 	C:\Program Files\Java\jdk1.8.0_181\jre\bin\dt_socket.dll
0x00007ffb835f0000 - 0x00007ffb83656000 	C:\Windows\system32\mswsock.dll
0x0000000077c20000 - 0x0000000077c3a000 	C:\Program Files\Java\jdk1.8.0_181\jre\bin\net.dll
0x0000000077c00000 - 0x0000000077c11000 	C:\Program Files\Java\jdk1.8.0_181\jre\bin\nio.dll
0x0000000064940000 - 0x0000000064955000 	C:\Users\serpi\.javacpp\cache\mkl-dnn-0.16-1.4.3-windows-x86_64.jar\org\bytedeco\javacpp\windows-x86_64\libwinpthread-1.dll
0x0000000061440000 - 0x000000006145c000 	C:\Users\serpi\.javacpp\cache\mkl-dnn-0.16-1.4.3-windows-x86_64.jar\org\bytedeco\javacpp\windows-x86_64\libgcc_s_seh-1.dll
0x0000000063600000 - 0x000000006362f000 	C:\Users\serpi\.javacpp\cache\mkl-dnn-0.16-1.4.3-windows-x86_64.jar\org\bytedeco\javacpp\windows-x86_64\libgomp-1.dll
0x000000006fc40000 - 0x000000006fda6000 	C:\Users\serpi\.javacpp\cache\mkl-dnn-0.16-1.4.3-windows-x86_64.jar\org\bytedeco\javacpp\windows-x86_64\libstdc++-6.dll
0x00007ffb679f0000 - 0x00007ffb67adf000 	C:\Users\serpi\.javacpp\cache\mkl-dnn-0.16-1.4.3-windows-x86_64.jar\org\bytedeco\javacpp\windows-x86_64\msvcr120.dll
0x00007ffb562e0000 - 0x00007ffb564a9000 	C:\Users\serpi\.javacpp\cache\mkl-dnn-0.16-1.4.3-windows-x86_64.jar\org\bytedeco\javacpp\windows-x86_64\libiomp5md.dll
0x00007ffb1dbd0000 - 0x00007ffb2512a000 	C:\Users\serpi\.javacpp\cache\mkl-dnn-0.16-1.4.3-windows-x86_64.jar\org\bytedeco\javacpp\windows-x86_64\mklml.dll
0x0000000062100000 - 0x0000000062646000 	C:\Users\serpi\.javacpp\cache\mkl-dnn-0.16-1.4.3-windows-x86_64.jar\org\bytedeco\javacpp\windows-x86_64\libmkldnn.dll
0x0000000069480000 - 0x000000006a651000 	C:\Users\serpi\.javacpp\cache\nd4j-native-1.0.0-beta3-windows-x86_64.jar\org\nd4j\nativeblas\windows-x86_64\libnd4jcpu.dll
0x0000000066880000 - 0x0000000066e14000 	C:\Users\serpi\.javacpp\cache\nd4j-native-1.0.0-beta3-windows-x86_64.jar\org\nd4j\nativeblas\windows-x86_64\jnind4jcpu.dll
0x00007ffb16670000 - 0x00007ffb1dbca000 	C:\Users\serpi\.javacpp\cache\mkl-dnn-0.16-1.4.3-windows-x86_64.jar\org\bytedeco\javacpp\windows-x86_64\libopenblas_nolapack.dll
0x0000000071000000 - 0x000000007105c000 	C:\Users\serpi\.javacpp\cache\openblas-0.3.3-1.4.3-windows-x86_64.jar\org\bytedeco\javacpp\windows-x86_64\jniopenblas_nolapack.dll
0x00007ffb837a0000 - 0x00007ffb837b7000 	C:\Windows\SYSTEM32\CRYPTSP.dll
0x00007ffb831d0000 - 0x00007ffb83203000 	C:\Windows\system32\rsaenh.dll
0x00007ffb838d0000 - 0x00007ffb838f5000 	C:\Windows\SYSTEM32\bcrypt.dll
0x00007ffb83ca0000 - 0x00007ffb83cc8000 	C:\Windows\SYSTEM32\USERENV.dll
0x00007ffb837c0000 - 0x00007ffb837cb000 	C:\Windows\SYSTEM32\CRYPTBASE.dll
0x00007ffb83370000 - 0x00007ffb833a8000 	C:\Windows\SYSTEM32\IPHLPAPI.DLL
0x00007ffb85480000 - 0x00007ffb85488000 	C:\Windows\System32\NSI.dll
0x00007ffb7f8b0000 - 0x00007ffb7f8c6000 	C:\Windows\SYSTEM32\dhcpcsvc6.DLL
0x00007ffb7f770000 - 0x00007ffb7f78a000 	C:\Windows\SYSTEM32\dhcpcsvc.DLL
0x00000000022a0000 - 0x00000000022a3000 	C:\Users\serpi\.javacpp\cache\opencv-3.4.3-1.4.3-windows-x86_64.jar\org\bytedeco\javacpp\windows-x86_64\api-ms-win-crt-locale-l1-1-0.dll
0x00000000022b0000 - 0x00000000022b4000 	C:\Users\serpi\.javacpp\cache\opencv-3.4.3-1.4.3-windows-x86_64.jar\org\bytedeco\javacpp\windows-x86_64\api-ms-win-crt-string-l1-1-0.dll
0x00000000022c0000 - 0x00000000022c4000 	C:\Users\serpi\.javacpp\cache\opencv-3.4.3-1.4.3-windows-x86_64.jar\org\bytedeco\javacpp\windows-x86_64\api-ms-win-crt-stdio-l1-1-0.dll
0x00000000025e0000 - 0x00000000025e5000 	C:\Users\serpi\.javacpp\cache\opencv-3.4.3-1.4.3-windows-x86_64.jar\org\bytedeco\javacpp\windows-x86_64\api-ms-win-crt-math-l1-1-0.dll
0x00000000025f0000 - 0x00000000025f3000 	C:\Users\serpi\.javacpp\cache\opencv-3.4.3-1.4.3-windows-x86_64.jar\org\bytedeco\javacpp\windows-x86_64\api-ms-win-crt-heap-l1-1-0.dll
0x0000000002600000 - 0x0000000002604000 	C:\Users\serpi\.javacpp\cache\opencv-3.4.3-1.4.3-windows-x86_64.jar\org\bytedeco\javacpp\windows-x86_64\api-ms-win-crt-runtime-l1-1-0.dll
0x0000000002610000 - 0x0000000002614000 	C:\Users\serpi\.javacpp\cache\opencv-3.4.3-1.4.3-windows-x86_64.jar\org\bytedeco\javacpp\windows-x86_64\api-ms-win-crt-convert-l1-1-0.dll
0x0000000002620000 - 0x0000000002623000 	C:\Users\serpi\.javacpp\cache\opencv-3.4.3-1.4.3-windows-x86_64.jar\org\bytedeco\javacpp\windows-x86_64\api-ms-win-crt-environment-l1-1-0.dll
0x0000000002630000 - 0x0000000002633000 	C:\Users\serpi\.javacpp\cache\opencv-3.4.3-1.4.3-windows-x86_64.jar\org\bytedeco\javacpp\windows-x86_64\api-ms-win-crt-time-l1-1-0.dll
0x0000000002640000 - 0x0000000002643000 	C:\Users\serpi\.javacpp\cache\opencv-3.4.3-1.4.3-windows-x86_64.jar\org\bytedeco\javacpp\windows-x86_64\api-ms-win-crt-filesystem-l1-1-0.dll
0x0000000002650000 - 0x0000000002653000 	C:\Users\serpi\.javacpp\cache\opencv-3.4.3-1.4.3-windows-x86_64.jar\org\bytedeco\javacpp\windows-x86_64\api-ms-win-crt-utility-l1-1-0.dll
0x0000000002660000 - 0x0000000002665000 	C:\Users\serpi\.javacpp\cache\opencv-3.4.3-1.4.3-windows-x86_64.jar\org\bytedeco\javacpp\windows-x86_64\api-ms-win-crt-multibyte-l1-1-0.dll
0x00007ffb7d690000 - 0x00007ffb7d6a7000 	C:\Users\serpi\.javacpp\cache\opencv-3.4.3-1.4.3-windows-x86_64.jar\org\bytedeco\javacpp\windows-x86_64\vcruntime140.dll
0x00007ffb62ae0000 - 0x00007ffb62b7d000 	C:\Users\serpi\.javacpp\cache\opencv-3.4.3-1.4.3-windows-x86_64.jar\org\bytedeco\javacpp\windows-x86_64\msvcp140.dll
0x00007ffb76d30000 - 0x00007ffb76d81000 	C:\Users\serpi\.javacpp\cache\opencv-3.4.3-1.4.3-windows-x86_64.jar\org\bytedeco\javacpp\windows-x86_64\concrt140.dll
0x00007ffb7d660000 - 0x00007ffb7d68e000 	C:\Users\serpi\.javacpp\cache\opencv-3.4.3-1.4.3-windows-x86_64.jar\org\bytedeco\javacpp\windows-x86_64\vcomp140.dll
0x00007ffb55fd0000 - 0x00007ffb562d7000 	C:\Users\serpi\.javacpp\cache\opencv-3.4.3-1.4.3-windows-x86_64.jar\org\bytedeco\javacpp\windows-x86_64\opencv_core343.dll
0x00007ffb55bb0000 - 0x00007ffb55fcc000 	C:\Users\serpi\.javacpp\cache\opencv-3.4.3-1.4.3-windows-x86_64.jar\org\bytedeco\javacpp\windows-x86_64\opencv_imgproc343.dll
0x00007ffb55800000 - 0x00007ffb55baa000 	C:\Users\serpi\.javacpp\cache\opencv-3.4.3-1.4.3-windows-x86_64.jar\org\bytedeco\javacpp\windows-x86_64\jniopencv_core.dll
0x00007ffb7ef90000 - 0x00007ffb7f159000 	C:\Windows\SYSTEM32\dbghelp.dll

VM Arguments:
jvm_args: -agentlib:jdwp=transport=dt_socket,address=127.0.0.1:64611,suspend=y,server=n -javaagent:C:\Users\serpi\.IdeaIC2018.2\system\captureAgent\debugger-agent.jar=file:/C:/Users/serpi/AppData/Local/Temp/capture2.props -Dfile.encoding=UTF-8 
java_command: org.deeplearning4j.tetris.Tetris
java_class_path (initial): C:\Program Files\Java\jdk1.8.0_181\jre\lib\charsets.jar;C:\Program Files\Java\jdk1.8.0_181\jre\lib\deploy.jar;C:\Program Files\Java\jdk1.8.0_181\jre\lib\ext\access-bridge-64.jar;C:\Program Files\Java\jdk1.8.0_181\jre\lib\ext\cldrdata.jar;C:\Program Files\Java\jdk1.8.0_181\jre\lib\ext\dnsns.jar;C:\Program Files\Java\jdk1.8.0_181\jre\lib\ext\jaccess.jar;C:\Program Files\Java\jdk1.8.0_181\jre\lib\ext\jfxrt.jar;C:\Program Files\Java\jdk1.8.0_181\jre\lib\ext\localedata.jar;C:\Program Files\Java\jdk1.8.0_181\jre\lib\ext\nashorn.jar;C:\Program Files\Java\jdk1.8.0_181\jre\lib\ext\sunec.jar;C:\Program Files\Java\jdk1.8.0_181\jre\lib\ext\sunjce_provider.jar;C:\Program Files\Java\jdk1.8.0_181\jre\lib\ext\sunmscapi.jar;C:\Program Files\Java\jdk1.8.0_181\jre\lib\ext\sunpkcs11.jar;C:\Program Files\Java\jdk1.8.0_181\jre\lib\ext\zipfs.jar;C:\Program Files\Java\jdk1.8.0_181\jre\lib\javaws.jar;C:\Program Files\Java\jdk1.8.0_181\jre\lib\jce.jar;C:\Program Files\Java\jdk1.8.0_181\jre\lib\jfr.jar;C:\Program Files\Java\jdk1.8.0_181\jre\lib\jfxswt.jar;C:\Program Files\Java\jdk1.8.0_181\jre\lib\jsse.jar;C:\Program Files\Java\jdk1.8.0_181\jre\lib\management-agent.jar;C:\Program Files\Java\jdk1.8.0_181\jre\lib\plugin.jar;C:\Program Files\Java\jdk1.8.0_181\jre\lib\resources.jar;C:\Program Files\Java\jdk1.8.0_181\jre\lib\rt.jar;C:\Users\serpi\Documents\Java Projects\dl4j-quickstart\target\classes;C:\Users\serpi\.m2\repository\org\deeplearning4j\rl4j\1.0.0-beta2;C:\Users\serpi\.m2\repository\org\bytedeco\javacpp-presets\ale-platform\0.6.0-1.4.1\ale-platform-0.6.0-1.4.1.jar;C:\Users\serpi\.m2\repository\org\bytedeco\javacpp-presets\ale\0.6.0-1.4.1\ale-0.6.0-1.4.1.jar;C:\Users\serpi\.m2\repository\org\bytedeco\javacpp-presets\ale\0.6.0-1.4.1\ale-0.6.0-1.4.1-linux-x86.jar;C:\Users\serpi\.m2\repository\org\bytedeco\javacpp-presets\ale\0.6.0-1.4.1\ale-0.6.0-1.4.1-linux-x86_64.jar;C:\Users\serpi\.m2\repository\org\bytedeco\javacpp-presets\ale\0.6.0-1.4.1\ale-0.6.0-1.4.1-m
Launcher Type: SUN_STANDARD

Environment Variables:
JAVA_HOME=C:\Program Files\Java\jdk1.8.0_181
PATH=C:\Program Files\NVIDIA GPU Computing Toolkit\CUDA\v9.0\bin;C:\Program Files\NVIDIA GPU Computing Toolkit\CUDA\v9.0\libnvvp;C:\Program Files (x86)\Common Files\Oracle\Java\javapath;C:\Windows\system32;C:\Windows;C:\Windows\System32\Wbem;C:\Windows\System32\WindowsPowerShell\v1.0\;C:\Windows\System32\OpenSSH\;C:\Program Files\dotnet\;C:\Program Files\Microsoft SQL Server\130\Tools\Binn\;C:\Program Files\Git\cmd;C:\Program Files (x86)\NVIDIA Corporation\PhysX\Common;C:\Users\serpi\cuda;C:\Program Files\NVIDIA Corporation\NVIDIA NvDLISR;C:\Windows\System32\cmd.exe;C:\Program Files\PuTTY\;C:\Program Files\NVIDIA GPU Computing Toolkit\CUDA\v9.0\lib\x64;C:\Program Files (x86)\Maven\bin;C:\Program Files (x86)\Microsoft Visual Studio 14.0\Common7\Tools;C:\Users\serpi\AppData\Local\Microsoft\WindowsApps;C:\Users\serpi\cuda;C:\Program Files\heroku\bin;C:\Program Files\NVIDIA GPU Computing Toolkit\CUDA\v9.0\bin;C:\Users\serpi\AppData\Local\Programs\Python\Python35;C:\Users\serpi\AppData\Local\Programs\Python\Python35\Scripts;
USERNAME=serpi
OS=Windows_NT
PROCESSOR_IDENTIFIER=Intel64 Family 6 Model 58 Stepping 9, GenuineIntel



---------------  S Y S T E M  ---------------

OS: Windows 10.0 , 64 bit Build 17134 (10.0.17134.706)

CPU:total 4 (initial active 4) (4 cores per cpu, 1 threads per core) family 6 model 58 stepping 9, cmov, cx8, fxsr, mmx, sse, sse2, sse3, ssse3, sse4.1, sse4.2, popcnt, avx, aes, clmul, erms, tsc, tscinvbit, tscinv

Memory: 4k page, physical 8331436k(2183768k free), swap 15933612k(4561124k free)

vm_info: Java HotSpot(TM) 64-Bit Server VM (25.181-b13) for windows-amd64 JRE (1.8.0_181-b13), built on Jul  7 2018 04:01:33 by "java_re" with MS VC++ 10.0 (VS2010)

time: Wed Apr 17 18:08:28 2019
elapsed time: 6 seconds (0d 0h 0m 6s)

