#
# A fatal error has been detected by the Java Runtime Environment:
#
#  EXCEPTION_ACCESS_VIOLATION (0xc0000005) at pc=0x00007ffb436b9f50, pid=11272, tid=0x0000000000002500
#
# JRE version: Java(TM) SE Runtime Environment (8.0_181-b13) (build 1.8.0_181-b13)
# Java VM: Java HotSpot(TM) 64-Bit Server VM (25.181-b13 mixed mode windows-amd64 compressed oops)
# Problematic frame:
# C  [opencv_core343.dll+0x59f50]
#
# Failed to write core dump. Minidumps are not enabled by default on client versions of Windows
#
# If you would like to submit a bug report, please visit:
#   http://bugreport.java.com/bugreport/crash.jsp
# The crash happened outside the Java Virtual Machine in native code.
# See problematic frame for where to report the bug.
#

---------------  T H R E A D  ---------------

Current thread (0x000000001cf5c800):  JavaThread "Thread-7" [_thread_in_native, id=9472, stack(0x0000000029c20000,0x0000000029d20000)]

siginfo: ExceptionCode=0xc0000005, reading address 0x000000001e0df000

Registers:
RAX=0x0000000000000250, RBX=0x0000000029d1ec30, RCX=0x0000000000000258, RDX=0x0000000000000258
RSP=0x0000000029d1ebd0, RBP=0x0000000000000960, RSI=0x0000000000000258, RDI=0x000000001e0de9c0
R8 =0x0000000000000019, R9 =0x000000001e0df000, R10=0x000000000104f290, R11=0x000000000104f102
R12=0x0000000000000003, R13=0x0000000000000000, R14=0x00000000000000ff, R15=0x0000000029d1eef0
RIP=0x00007ffb436b9f50, EFLAGS=0x0000000000010202

Top of Stack: (sp=0x0000000029d1ebd0)
0x0000000029d1ebd0:   0000000000000000 0000000000000000
0x0000000029d1ebe0:   0000000000fdef10 00007ffb436bd36f
0x0000000029d1ebf0:   0000000029d1ed50 00000000ffffffff
0x0000000029d1ec00:   0000000000000000 00007ffb436bd310
0x0000000029d1ec10:   0000000029d1ec30 00000000437f0000
0x0000000029d1ec20:   ffffffff00000000 00000001000000c8
0x0000000029d1ec30:   0000000000000258 fffffffffffffffe
0x0000000029d1ec40:   0000000000fdef10 00007ffb436b0963
0x0000000029d1ec50:   0000000000000000 0000000029d1edc0
0x0000000029d1ec60:   0000000000000010 000000000000006b
0x0000000029d1ec70:   000000000104f100 0000000000000258
0x0000000029d1ec80:   0000000029d1ecc8 0000000029d1ece8
0x0000000029d1ec90:   0000000029d1ed00 0000000000000000
0x0000000029d1eca0:   0000000100000000 0000000100000258
0x0000000029d1ecb0:   000000001c109918 00000001000000c8
0x0000000029d1ecc0:   000000001cf5c800 0000000100000258 

Instructions: (pc=0x00007ffb436b9f50)
0x00007ffb436b9f30:   44 8d 40 08 4c 8b cf 49 c1 e8 03 4d 8d 53 fe 42
0x00007ffb436b9f40:   8d 14 c5 00 00 00 00 4a 8d 0c c5 00 00 00 00 90
0x00007ffb436b9f50:   41 0f 10 01 41 0f 10 49 10 49 83 c1 20 0f 59 c6
0x00007ffb436b9f60:   0f 59 ce 0f 58 c5 0f 58 cd 66 0f 5b d0 66 0f 5b 


Register to memory mapping:

RAX=0x0000000000000250 is an unknown value
RBX=0x0000000029d1ec30 is pointing into the stack for thread: 0x000000001cf5c800
RCX=0x0000000000000258 is an unknown value
RDX=0x0000000000000258 is an unknown value
RSP=0x0000000029d1ebd0 is pointing into the stack for thread: 0x000000001cf5c800
RBP=0x0000000000000960 is an unknown value
RSI=0x0000000000000258 is an unknown value
RDI=0x000000001e0de9c0 is an unknown value
R8 =0x0000000000000019 is an unknown value
R9 =0x000000001e0df000 is an unknown value
R10=0x000000000104f290 is an unknown value
R11=0x000000000104f102 is an unknown value
R12=0x0000000000000003 is an unknown value
R13=0x0000000000000000 is an unknown value
R14=0x00000000000000ff is an unknown value
R15=0x0000000029d1eef0 is pointing into the stack for thread: 0x000000001cf5c800


Stack: [0x0000000029c20000,0x0000000029d20000],  sp=0x0000000029d1ebd0,  free space=1018k
Native frames: (J=compiled Java code, j=interpreted, Vv=VM code, C=native code)
C  [opencv_core343.dll+0x59f50]
C  [opencv_core343.dll+0x5d36f]
C  [opencv_core343.dll+0x50963]
C  [jniopencv_core.dll+0x46f2f]
C  0x0000000003241df0

Java frames: (J=compiled Java code, j=interpreted, Vv=VM code)
j  org.bytedeco.javacpp.opencv_core$Mat.convertTo(Lorg/bytedeco/javacpp/opencv_core$Mat;IDD)V+0
j  org.deeplearning4j.rl4j.learning.HistoryProcessor.transform(Lorg/nd4j/linalg/api/ndarray/INDArray;)Lorg/nd4j/linalg/api/ndarray/INDArray;+83
j  org.deeplearning4j.rl4j.learning.HistoryProcessor.add(Lorg/nd4j/linalg/api/ndarray/INDArray;)V+2
j  org.deeplearning4j.rl4j.learning.Learning.initMdp(Lorg/deeplearning4j/rl4j/mdp/MDP;Lorg/deeplearning4j/rl4j/learning/IHistoryProcessor;)Lorg/deeplearning4j/rl4j/learning/Learning$InitMdp;+130
j  org.deeplearning4j.rl4j.learning.async.AsyncThread.run()V+52
v  ~StubRoutines::call_stub

---------------  P R O C E S S  ---------------

Java Threads: ( => current thread )
  0x000000001ce13800 JavaThread "Thread-11" [_thread_in_native, id=10008, stack(0x000000002dbd0000,0x000000002dcd0000)]
  0x000000001ce11000 JavaThread "Thread-10" [_thread_in_vm_trans, id=12664, stack(0x000000002d050000,0x000000002d150000)]
  0x000000001cf4c000 JavaThread "Thread-9" [_thread_blocked, id=15404, stack(0x000000002bfa0000,0x000000002c0a0000)]
  0x000000001cf5b800 JavaThread "Thread-8" [_thread_blocked, id=9864, stack(0x000000002aee0000,0x000000002afe0000)]
=>0x000000001cf5c800 JavaThread "Thread-7" [_thread_in_native, id=9472, stack(0x0000000029c20000,0x0000000029d20000)]
  0x000000001c6d7800 JavaThread "Thread-6" [_thread_blocked, id=8292, stack(0x0000000028b80000,0x0000000028c80000)]
  0x000000001b212800 JavaThread "Thread-5" [_thread_blocked, id=15484, stack(0x0000000027ab0000,0x0000000027bb0000)]
  0x000000001b20d800 JavaThread "Thread-4" [_thread_blocked, id=15532, stack(0x00000000267e0000,0x00000000268e0000)]
  0x000000001d046000 JavaThread "Thread-3" [_thread_in_Java, id=1444, stack(0x0000000025710000,0x0000000025810000)]
  0x000000001c0e3800 JavaThread "NativeRandomDeallocator thread 0" daemon [_thread_blocked, id=12796, stack(0x0000000023560000,0x0000000023660000)]
  0x000000001d08b000 JavaThread "JavaCPP Deallocator" daemon [_thread_blocked, id=11840, stack(0x000000001dee0000,0x000000001dfe0000)]
  0x000000001c447800 JavaThread "Workspace deallocator thread" daemon [_thread_blocked, id=15684, stack(0x000000001dde0000,0x000000001dee0000)]
  0x000000001a2c0800 JavaThread "Service Thread" daemon [_thread_blocked, id=12728, stack(0x000000001a630000,0x000000001a730000)]
  0x000000001a20f800 JavaThread "C1 CompilerThread2" daemon [_thread_blocked, id=11412, stack(0x000000001a530000,0x000000001a630000)]
  0x000000001a20d800 JavaThread "C2 CompilerThread1" daemon [_thread_blocked, id=6932, stack(0x000000001a430000,0x000000001a530000)]
  0x000000001a20a800 JavaThread "C2 CompilerThread0" daemon [_thread_blocked, id=10940, stack(0x000000001a330000,0x000000001a430000)]
  0x0000000017e06800 JavaThread "JDWP Command Reader" daemon [_thread_in_native, id=7988, stack(0x0000000019630000,0x0000000019730000)]
  0x0000000017e00000 JavaThread "JDWP Event Helper Thread" daemon [_thread_blocked, id=3888, stack(0x0000000019530000,0x0000000019630000)]
  0x0000000017df4800 JavaThread "JDWP Transport Listener: dt_socket" daemon [_thread_blocked, id=4828, stack(0x0000000019430000,0x0000000019530000)]
  0x0000000017de9800 JavaThread "Attach Listener" daemon [_thread_blocked, id=7376, stack(0x0000000019330000,0x0000000019430000)]
  0x0000000017de8000 JavaThread "Signal Dispatcher" daemon [_thread_blocked, id=7952, stack(0x0000000019230000,0x0000000019330000)]
  0x0000000017dbf800 JavaThread "Finalizer" daemon [_thread_blocked, id=1508, stack(0x0000000019030000,0x0000000019130000)]
  0x0000000017d9a000 JavaThread "Reference Handler" daemon [_thread_blocked, id=8748, stack(0x0000000018f30000,0x0000000019030000)]
  0x0000000002fba000 JavaThread "main" [_thread_blocked, id=6148, stack(0x0000000002eb0000,0x0000000002fb0000)]

Other Threads:
  0x0000000017d98800 VMThread [stack: 0x0000000018e30000,0x0000000018f30000] [id=6748]
  0x000000001a252000 WatcherThread [stack: 0x000000001b700000,0x000000001b800000] [id=9012]

VM state:not at safepoint (normal execution)

VM Mutex/Monitor currently owned by a thread: None

Heap:
 PSYoungGen      total 29184K, used 23182K [0x00000000d5980000, 0x00000000d8480000, 0x0000000100000000)
  eden space 28672K, 80% used [0x00000000d5980000,0x00000000d7003820,0x00000000d7580000)
  from space 512K, 25% used [0x00000000d7600000,0x00000000d7620000,0x00000000d7680000)
  to   space 7680K, 0% used [0x00000000d7d00000,0x00000000d7d00000,0x00000000d8480000)
 ParOldGen       total 38400K, used 3879K [0x0000000080c00000, 0x0000000083180000, 0x00000000d5980000)
  object space 38400K, 10% used [0x0000000080c00000,0x0000000080fc9e20,0x0000000083180000)
 Metaspace       used 21268K, capacity 21406K, committed 21760K, reserved 1069056K
  class space    used 2969K, capacity 3001K, committed 3072K, reserved 1048576K

Card table byte_map: [0x00000000125e0000,0x00000000129e0000] byte_map_base: 0x00000000121da000

Marking Bits: (ParMarkBitMap*) 0x00000000767f2d00
 Begin Bits: [0x0000000013090000, 0x0000000015060000)
 End Bits:   [0x0000000015060000, 0x0000000017030000)

Polling page: 0x0000000000f40000

CodeCache: size=245760Kb used=6445Kb max_used=6445Kb free=239314Kb
 bounds [0x0000000003220000, 0x0000000003870000, 0x0000000012220000]
 total_blobs=2013 nmethods=1362 adapters=571
 compilation: enabled

Compilation events (10 events):
Event: 6.073 Thread 0x000000001a20f800 1356       3       sun.nio.fs.WindowsPath::getFileSystem (5 bytes)
Event: 6.073 Thread 0x000000001a20f800 nmethod 1356 0x000000000384af90 code [0x000000000384b0e0, 0x000000000384b2d0]
Event: 6.073 Thread 0x000000001a20f800 1358       3       sun.nio.fs.WindowsFileAttributes::fromFileAttributeData (104 bytes)
Event: 6.073 Thread 0x000000001a20f800 nmethod 1358 0x0000000003855f10 code [0x0000000003856080, 0x0000000003856328]
Event: 6.073 Thread 0x000000001a20f800 1357       3       sun.nio.fs.WindowsFileSystem::getPath (101 bytes)
Event: 6.074 Thread 0x000000001a20f800 nmethod 1357 0x00000000038602d0 code [0x0000000003860560, 0x00000000038618b8]
Event: 6.078 Thread 0x000000001a20f800 1359   !   3       sun.nio.fs.WindowsFileAttributes::get (236 bytes)
Event: 6.080 Thread 0x000000001a20f800 nmethod 1359 0x00000000038625d0 code [0x0000000003862a60, 0x0000000003864938]
Event: 6.091 Thread 0x000000001a20f800 1360       3       sun.nio.fs.WindowsPath::getFileName (87 bytes)
Event: 6.091 Thread 0x000000001a20f800 nmethod 1360 0x00000000038666d0 code [0x00000000038668a0, 0x00000000038673b8]

GC Heap History (10 events):
Event: 5.406 GC heap before
{Heap before GC invocations=10 (full 0):
 PSYoungGen      total 37888K, used 31994K [0x00000000d5980000, 0x00000000d8680000, 0x0000000100000000)
  eden space 30720K, 100% used [0x00000000d5980000,0x00000000d7780000,0x00000000d7780000)
  from space 7168K, 17% used [0x00000000d7800000,0x00000000d793e890,0x00000000d7f00000)
  to   space 7680K, 0% used [0x00000000d7f00000,0x00000000d7f00000,0x00000000d8680000)
 ParOldGen       total 87552K, used 4492K [0x0000000080c00000, 0x0000000086180000, 0x00000000d5980000)
  object space 87552K, 5% used [0x0000000080c00000,0x0000000081063350,0x0000000086180000)
 Metaspace       used 20947K, capacity 21086K, committed 21248K, reserved 1067008K
  class space    used 2966K, capacity 3001K, committed 3072K, reserved 1048576K
Event: 5.408 GC heap after
Heap after GC invocations=10 (full 0):
 PSYoungGen      total 37376K, used 1088K [0x00000000d5980000, 0x00000000d8600000, 0x0000000100000000)
  eden space 30208K, 0% used [0x00000000d5980000,0x00000000d5980000,0x00000000d7700000)
  from space 7168K, 15% used [0x00000000d7f00000,0x00000000d8010000,0x00000000d8600000)
  to   space 7680K, 0% used [0x00000000d7700000,0x00000000d7700000,0x00000000d7e80000)
 ParOldGen       total 87552K, used 5220K [0x0000000080c00000, 0x0000000086180000, 0x00000000d5980000)
  object space 87552K, 5% used [0x0000000080c00000,0x0000000081119350,0x0000000086180000)
 Metaspace       used 20947K, capacity 21086K, committed 21248K, reserved 1067008K
  class space    used 2966K, capacity 3001K, committed 3072K, reserved 1048576K
}
Event: 5.623 GC heap before
{Heap before GC invocations=11 (full 0):
 PSYoungGen      total 37376K, used 30217K [0x00000000d5980000, 0x00000000d8600000, 0x0000000100000000)
  eden space 30208K, 96% used [0x00000000d5980000,0x00000000d75f2470,0x00000000d7700000)
  from space 7168K, 15% used [0x00000000d7f00000,0x00000000d8010000,0x00000000d8600000)
  to   space 7680K, 0% used [0x00000000d7700000,0x00000000d7700000,0x00000000d7e80000)
 ParOldGen       total 87552K, used 5220K [0x0000000080c00000, 0x0000000086180000, 0x00000000d5980000)
  object space 87552K, 5% used [0x0000000080c00000,0x0000000081119350,0x0000000086180000)
 Metaspace       used 20968K, capacity 21086K, committed 21248K, reserved 1067008K
  class space    used 2966K, capacity 3001K, committed 3072K, reserved 1048576K
Event: 5.624 GC heap after
Heap after GC invocations=11 (full 0):
 PSYoungGen      total 30208K, used 64K [0x00000000d5980000, 0x00000000d8580000, 0x0000000100000000)
  eden space 29696K, 0% used [0x00000000d5980000,0x00000000d5980000,0x00000000d7680000)
  from space 512K, 12% used [0x00000000d7700000,0x00000000d7710000,0x00000000d7780000)
  to   space 7680K, 0% used [0x00000000d7e00000,0x00000000d7e00000,0x00000000d8580000)
 ParOldGen       total 87552K, used 5508K [0x0000000080c00000, 0x0000000086180000, 0x00000000d5980000)
  object space 87552K, 6% used [0x0000000080c00000,0x0000000081161140,0x0000000086180000)
 Metaspace       used 20968K, capacity 21086K, committed 21248K, reserved 1067008K
  class space    used 2966K, capacity 3001K, committed 3072K, reserved 1048576K
}
Event: 5.624 GC heap before
{Heap before GC invocations=12 (full 1):
 PSYoungGen      total 30208K, used 64K [0x00000000d5980000, 0x00000000d8580000, 0x0000000100000000)
  eden space 29696K, 0% used [0x00000000d5980000,0x00000000d5980000,0x00000000d7680000)
  from space 512K, 12% used [0x00000000d7700000,0x00000000d7710000,0x00000000d7780000)
  to   space 7680K, 0% used [0x00000000d7e00000,0x00000000d7e00000,0x00000000d8580000)
 ParOldGen       total 87552K, used 5508K [0x0000000080c00000, 0x0000000086180000, 0x00000000d5980000)
  object space 87552K, 6% used [0x0000000080c00000,0x0000000081161140,0x0000000086180000)
 Metaspace       used 20968K, capacity 21086K, committed 21248K, reserved 1067008K
  class space    used 2966K, capacity 3001K, committed 3072K, reserved 1048576K
Event: 5.645 GC heap after
Heap after GC invocations=12 (full 1):
 PSYoungGen      total 30208K, used 0K [0x00000000d5980000, 0x00000000d8580000, 0x0000000100000000)
  eden space 29696K, 0% used [0x00000000d5980000,0x00000000d5980000,0x00000000d7680000)
  from space 512K, 0% used [0x00000000d7700000,0x00000000d7700000,0x00000000d7780000)
  to   space 7680K, 0% used [0x00000000d7e00000,0x00000000d7e00000,0x00000000d8580000)
 ParOldGen       total 38400K, used 3863K [0x0000000080c00000, 0x0000000083180000, 0x00000000d5980000)
  object space 38400K, 10% used [0x0000000080c00000,0x0000000080fc5e20,0x0000000083180000)
 Metaspace       used 20968K, capacity 21086K, committed 21248K, reserved 1067008K
  class space    used 2966K, capacity 3001K, committed 3072K, reserved 1048576K
}
Event: 5.822 GC heap before
{Heap before GC invocations=13 (full 1):
 PSYoungGen      total 30208K, used 29696K [0x00000000d5980000, 0x00000000d8580000, 0x0000000100000000)
  eden space 29696K, 100% used [0x00000000d5980000,0x00000000d7680000,0x00000000d7680000)
  from space 512K, 0% used [0x00000000d7700000,0x00000000d7700000,0x00000000d7780000)
  to   space 7680K, 0% used [0x00000000d7e00000,0x00000000d7e00000,0x00000000d8580000)
 ParOldGen       total 38400K, used 3863K [0x0000000080c00000, 0x0000000083180000, 0x00000000d5980000)
  object space 38400K, 10% used [0x0000000080c00000,0x0000000080fc5e20,0x0000000083180000)
 Metaspace       used 20977K, capacity 21150K, committed 21504K, reserved 1067008K
  class space    used 2966K, capacity 3001K, committed 3072K, reserved 1048576K
Event: 5.823 GC heap after
Heap after GC invocations=13 (full 1):
 PSYoungGen      total 36352K, used 96K [0x00000000d5980000, 0x00000000d8500000, 0x0000000100000000)
  eden space 29184K, 0% used [0x00000000d5980000,0x00000000d5980000,0x00000000d7600000)
  from space 7168K, 1% used [0x00000000d7e00000,0x00000000d7e18000,0x00000000d8500000)
  to   space 7680K, 0% used [0x00000000d7600000,0x00000000d7600000,0x00000000d7d80000)
 ParOldGen       total 38400K, used 3871K [0x0000000080c00000, 0x0000000083180000, 0x00000000d5980000)
  object space 38400K, 10% used [0x0000000080c00000,0x0000000080fc7e20,0x0000000083180000)
 Metaspace       used 20977K, capacity 21150K, committed 21504K, reserved 1067008K
  class space    used 2966K, capacity 3001K, committed 3072K, reserved 1048576K
}
Event: 6.017 GC heap before
{Heap before GC invocations=14 (full 1):
 PSYoungGen      total 36352K, used 29280K [0x00000000d5980000, 0x00000000d8500000, 0x0000000100000000)
  eden space 29184K, 100% used [0x00000000d5980000,0x00000000d7600000,0x00000000d7600000)
  from space 7168K, 1% used [0x00000000d7e00000,0x00000000d7e18000,0x00000000d8500000)
  to   space 7680K, 0% used [0x00000000d7600000,0x00000000d7600000,0x00000000d7d80000)
 ParOldGen       total 38400K, used 3871K [0x0000000080c00000, 0x0000000083180000, 0x00000000d5980000)
  object space 38400K, 10% used [0x0000000080c00000,0x0000000080fc7e20,0x0000000083180000)
 Metaspace       used 20982K, capacity 21150K, committed 21504K, reserved 1067008K
  class space    used 2967K, capacity 3001K, committed 3072K, reserved 1048576K
Event: 6.017 GC heap after
Heap after GC invocations=14 (full 1):
 PSYoungGen      total 29184K, used 128K [0x00000000d5980000, 0x00000000d8480000, 0x0000000100000000)
  eden space 28672K, 0% used [0x00000000d5980000,0x00000000d5980000,0x00000000d7580000)
  from space 512K, 25% used [0x00000000d7600000,0x00000000d7620000,0x00000000d7680000)
  to   space 7680K, 0% used [0x00000000d7d00000,0x00000000d7d00000,0x00000000d8480000)
 ParOldGen       total 38400K, used 3879K [0x0000000080c00000, 0x0000000083180000, 0x00000000d5980000)
  object space 38400K, 10% used [0x0000000080c00000,0x0000000080fc9e20,0x0000000083180000)
 Metaspace       used 20982K, capacity 21150K, committed 21504K, reserved 1067008K
  class space    used 2967K, capacity 3001K, committed 3072K, reserved 1048576K
}

Deoptimization events (10 events):
Event: 3.634 Thread 0x0000000002fba000 Uncommon trap: reason=unstable_if action=reinterpret pc=0x00000000035d8288 method=java.io.WinNTFileSystem.resolve(Ljava/lang/String;Ljava/lang/String;)Ljava/lang/String; @ 117
Event: 3.634 Thread 0x0000000002fba000 Uncommon trap: reason=unstable_if action=reinterpret pc=0x000000000362dfa8 method=java.io.WinNTFileSystem.prefixLength(Ljava/lang/String;)I @ 42
Event: 3.639 Thread 0x0000000002fba000 Uncommon trap: reason=unstable_if action=reinterpret pc=0x0000000003477ed4 method=java.net.URL.<init>(Ljava/net/URL;Ljava/lang/String;Ljava/net/URLStreamHandler;)V @ 441
Event: 4.263 Thread 0x0000000002fba000 Uncommon trap: reason=unstable_if action=reinterpret pc=0x00000000034914e4 method=java.lang.String.indexOf([CII[CIII)I @ 3
Event: 4.444 Thread 0x0000000002fba000 Uncommon trap: reason=unstable_if action=reinterpret pc=0x000000000333bb34 method=sun.nio.cs.UTF_8$Encoder.encode([CII[B)I @ 33
Event: 4.629 Thread 0x0000000002fba000 Uncommon trap: reason=unstable_if action=reinterpret pc=0x00000000036efc30 method=org.nd4j.linalg.indexing.IntervalIndex.init(JJ)V @ 60
Event: 4.797 Thread 0x000000001b20d800 Uncommon trap: reason=unstable_if action=reinterpret pc=0x00000000036c7cf8 method=java.lang.ThreadLocal.get()Ljava/lang/Object; @ 11
Event: 5.017 Thread 0x000000001b20d800 Uncommon trap: reason=unstable_if action=reinterpret pc=0x0000000003527198 method=java.net.URI.match(CJJ)Z @ 19
Event: 5.017 Thread 0x000000001b20d800 Uncommon trap: reason=unstable_if action=reinterpret pc=0x0000000003594134 method=java.net.URI.match(CJJ)Z @ 19
Event: 5.032 Thread 0x0000000002fba000 Uncommon trap: reason=unstable_if action=reinterpret pc=0x00000000035ff044 method=java.util.concurrent.ConcurrentHashMap.putVal(Ljava/lang/Object;Ljava/lang/Object;Z)Ljava/lang/Object; @ 181

Classes redefined (0 events):
No events

Internal exceptions (10 events):
Event: 3.693 Thread 0x0000000002fba000 Exception <a 'sun/nio/fs/WindowsException'> (0x00000000d7195740) thrown at [C:\re\workspace\8-2-build-windows-amd64-cygwin\jdk8u181\11358\hotspot\src\share\vm\prims\jni.cpp, line 709]
Event: 3.693 Thread 0x0000000002fba000 Exception <a 'sun/nio/fs/WindowsException'> (0x00000000d7196818) thrown at [C:\re\workspace\8-2-build-windows-amd64-cygwin\jdk8u181\11358\hotspot\src\share\vm\prims\jni.cpp, line 709]
Event: 3.694 Thread 0x0000000002fba000 Exception <a 'sun/nio/fs/WindowsException'> (0x00000000d71978c8) thrown at [C:\re\workspace\8-2-build-windows-amd64-cygwin\jdk8u181\11358\hotspot\src\share\vm\prims\jni.cpp, line 709]
Event: 3.694 Thread 0x0000000002fba000 Exception <a 'sun/nio/fs/WindowsException'> (0x00000000d7198a90) thrown at [C:\re\workspace\8-2-build-windows-amd64-cygwin\jdk8u181\11358\hotspot\src\share\vm\prims\jni.cpp, line 709]
Event: 3.694 Thread 0x0000000002fba000 Exception <a 'sun/nio/fs/WindowsException'> (0x00000000d7199c58) thrown at [C:\re\workspace\8-2-build-windows-amd64-cygwin\jdk8u181\11358\hotspot\src\share\vm\prims\jni.cpp, line 709]
Event: 3.723 Thread 0x0000000002fba000 Exception <a 'sun/nio/fs/WindowsException'> (0x00000000d736bf38) thrown at [C:\re\workspace\8-2-build-windows-amd64-cygwin\jdk8u181\11358\hotspot\src\share\vm\prims\jni.cpp, line 709]
Event: 3.794 Thread 0x0000000002fba000 Exception <a 'sun/nio/fs/WindowsException'> (0x00000000d785e9a0) thrown at [C:\re\workspace\8-2-build-windows-amd64-cygwin\jdk8u181\11358\hotspot\src\share\vm\prims\jni.cpp, line 709]
Event: 3.865 Thread 0x0000000002fba000 Exception <a 'sun/nio/fs/WindowsException'> (0x00000000d5d51218) thrown at [C:\re\workspace\8-2-build-windows-amd64-cygwin\jdk8u181\11358\hotspot\src\share\vm\prims\jni.cpp, line 709]
Event: 3.930 Thread 0x0000000002fba000 Exception <a 'sun/nio/fs/WindowsException'> (0x00000000d6243a88) thrown at [C:\re\workspace\8-2-build-windows-amd64-cygwin\jdk8u181\11358\hotspot\src\share\vm\prims\jni.cpp, line 709]
Event: 4.797 Thread 0x000000001b20d800 Implicit null exception at 0x00000000036c7bd1 to 0x00000000036c7cdd

Events (10 events):
Event: 5.986 Thread 0x000000001b20d800 DEOPT UNPACKING pc=0x0000000003267890 sp=0x00000000268de4b8 mode 1
Event: 5.993 Thread 0x000000001b20d800 DEOPT PACKING pc=0x0000000003848724 sp=0x00000000268de640
Event: 5.993 Thread 0x000000001b20d800 DEOPT UNPACKING pc=0x0000000003267890 sp=0x00000000268de4b8 mode 1
Event: 6.017 Executing VM operation: ParallelGCFailedAllocation
Event: 6.017 Executing VM operation: ParallelGCFailedAllocation done
Event: 6.098 Thread 0x000000001b20d800 DEOPT PACKING pc=0x0000000003848724 sp=0x00000000268de640
Event: 6.098 Thread 0x000000001b20d800 DEOPT UNPACKING pc=0x0000000003267890 sp=0x00000000268de4b8 mode 1
Event: 6.118 loading class org/bytedeco/javacpp/opencv_imgproc
Event: 6.118 loading class org/bytedeco/javacpp/opencv_imgproc done
Event: 6.118 Executing VM operation: RevokeBias


Dynamic libraries:
0x00007ff6f1130000 - 0x00007ff6f1167000 	C:\Program Files\Java\jdk1.8.0_181\bin\java.exe
0x00007ffb87a60000 - 0x00007ffb87c41000 	C:\Windows\SYSTEM32\ntdll.dll
0x00007ffb87970000 - 0x00007ffb87a21000 	C:\Windows\System32\KERNEL32.DLL
0x00007ffb84120000 - 0x00007ffb84393000 	C:\Windows\System32\KERNELBASE.dll
0x00007ffb85080000 - 0x00007ffb85121000 	C:\Windows\System32\ADVAPI32.dll
0x00007ffb85df0000 - 0x00007ffb85e8e000 	C:\Windows\System32\msvcrt.dll
0x00007ffb852c0000 - 0x00007ffb8531b000 	C:\Windows\System32\sechost.dll
0x00007ffb85130000 - 0x00007ffb85254000 	C:\Windows\System32\RPCRT4.dll
0x00007ffb85490000 - 0x00007ffb85620000 	C:\Windows\System32\USER32.dll
0x00007ffb84d30000 - 0x00007ffb84d50000 	C:\Windows\System32\win32u.dll
0x00007ffb84ef0000 - 0x00007ffb84f18000 	C:\Windows\System32\GDI32.dll
0x00007ffb843a0000 - 0x00007ffb84532000 	C:\Windows\System32\gdi32full.dll
0x00007ffb84e50000 - 0x00007ffb84eef000 	C:\Windows\System32\msvcp_win.dll
0x00007ffb84020000 - 0x00007ffb84118000 	C:\Windows\System32\ucrtbase.dll
0x00007ffb74fa0000 - 0x00007ffb75209000 	C:\Windows\WinSxS\amd64_microsoft.windows.common-controls_6595b64144ccf1df_6.0.17134.706_none_fb43a2cb30647007\COMCTL32.dll
0x00007ffb86170000 - 0x00007ffb86492000 	C:\Windows\System32\combase.dll
0x00007ffb845a0000 - 0x00007ffb8461a000 	C:\Windows\System32\bcryptPrimitives.dll
0x00007ffb864a0000 - 0x00007ffb864cd000 	C:\Windows\System32\IMM32.DLL
0x0000000077c60000 - 0x0000000077d32000 	C:\Program Files\Java\jdk1.8.0_181\jre\bin\msvcr100.dll
0x0000000075fd0000 - 0x0000000076872000 	C:\Program Files\Java\jdk1.8.0_181\jre\bin\server\jvm.dll
0x00007ffb85f40000 - 0x00007ffb85f48000 	C:\Windows\System32\PSAPI.DLL
0x00007ffb7fdf0000 - 0x00007ffb7fdf9000 	C:\Windows\SYSTEM32\WSOCK32.dll
0x00007ffb7fe50000 - 0x00007ffb7fe5a000 	C:\Windows\SYSTEM32\VERSION.dll
0x00007ffb85620000 - 0x00007ffb8568c000 	C:\Windows\System32\WS2_32.dll
0x00007ffb7b2a0000 - 0x00007ffb7b2c3000 	C:\Windows\SYSTEM32\WINMM.dll
0x00007ffb7b270000 - 0x00007ffb7b29a000 	C:\Windows\SYSTEM32\WINMMBASE.dll
0x00007ffb84e00000 - 0x00007ffb84e49000 	C:\Windows\System32\cfgmgr32.dll
0x0000000050040000 - 0x000000005004f000 	C:\Program Files\Java\jdk1.8.0_181\jre\bin\verify.dll
0x0000000050010000 - 0x0000000050039000 	C:\Program Files\Java\jdk1.8.0_181\jre\bin\java.dll
0x0000000077ae0000 - 0x0000000077b15000 	C:\Program Files\Java\jdk1.8.0_181\jre\bin\jdwp.dll
0x0000000050000000 - 0x0000000050008000 	C:\Program Files\Java\jdk1.8.0_181\jre\bin\npt.dll
0x0000000077ab0000 - 0x0000000077ad3000 	C:\Program Files\Java\jdk1.8.0_181\jre\bin\instrument.dll
0x0000000077c40000 - 0x0000000077c56000 	C:\Program Files\Java\jdk1.8.0_181\jre\bin\zip.dll
0x00007ffb86530000 - 0x00007ffb87970000 	C:\Windows\System32\SHELL32.dll
0x00007ffb85e90000 - 0x00007ffb85f39000 	C:\Windows\System32\shcore.dll
0x00007ffb84620000 - 0x00007ffb84d2d000 	C:\Windows\System32\windows.storage.dll
0x00007ffb864d0000 - 0x00007ffb86521000 	C:\Windows\System32\shlwapi.dll
0x00007ffb83e00000 - 0x00007ffb83e11000 	C:\Windows\System32\kernel.appcore.dll
0x00007ffb83dc0000 - 0x00007ffb83ddf000 	C:\Windows\System32\profapi.dll
0x00007ffb83d70000 - 0x00007ffb83dbc000 	C:\Windows\System32\powrprof.dll
0x00007ffb83e20000 - 0x00007ffb83e2a000 	C:\Windows\System32\FLTLIB.DLL
0x0000000077aa0000 - 0x0000000077aa9000 	C:\Program Files\Java\jdk1.8.0_181\jre\bin\dt_socket.dll
0x00007ffb835f0000 - 0x00007ffb83656000 	C:\Windows\system32\mswsock.dll
0x0000000077c20000 - 0x0000000077c3a000 	C:\Program Files\Java\jdk1.8.0_181\jre\bin\net.dll
0x0000000077c00000 - 0x0000000077c11000 	C:\Program Files\Java\jdk1.8.0_181\jre\bin\nio.dll
0x0000000064940000 - 0x0000000064955000 	C:\Users\serpi\.javacpp\cache\mkl-dnn-0.16-1.4.3-windows-x86_64.jar\org\bytedeco\javacpp\windows-x86_64\libwinpthread-1.dll
0x0000000061440000 - 0x000000006145c000 	C:\Users\serpi\.javacpp\cache\mkl-dnn-0.16-1.4.3-windows-x86_64.jar\org\bytedeco\javacpp\windows-x86_64\libgcc_s_seh-1.dll
0x0000000063600000 - 0x000000006362f000 	C:\Users\serpi\.javacpp\cache\mkl-dnn-0.16-1.4.3-windows-x86_64.jar\org\bytedeco\javacpp\windows-x86_64\libgomp-1.dll
0x000000006fc40000 - 0x000000006fda6000 	C:\Users\serpi\.javacpp\cache\mkl-dnn-0.16-1.4.3-windows-x86_64.jar\org\bytedeco\javacpp\windows-x86_64\libstdc++-6.dll
0x00007ffb67ba0000 - 0x00007ffb67c8f000 	C:\Users\serpi\.javacpp\cache\mkl-dnn-0.16-1.4.3-windows-x86_64.jar\org\bytedeco\javacpp\windows-x86_64\msvcr120.dll
0x00007ffb4b080000 - 0x00007ffb4b249000 	C:\Users\serpi\.javacpp\cache\mkl-dnn-0.16-1.4.3-windows-x86_64.jar\org\bytedeco\javacpp\windows-x86_64\libiomp5md.dll
0x00007ffb18e90000 - 0x00007ffb203ea000 	C:\Users\serpi\.javacpp\cache\mkl-dnn-0.16-1.4.3-windows-x86_64.jar\org\bytedeco\javacpp\windows-x86_64\mklml.dll
0x0000000062100000 - 0x0000000062646000 	C:\Users\serpi\.javacpp\cache\mkl-dnn-0.16-1.4.3-windows-x86_64.jar\org\bytedeco\javacpp\windows-x86_64\libmkldnn.dll
0x0000000069480000 - 0x000000006a651000 	C:\Users\serpi\.javacpp\cache\nd4j-native-1.0.0-beta3-windows-x86_64.jar\org\nd4j\nativeblas\windows-x86_64\libnd4jcpu.dll
0x0000000066880000 - 0x0000000066e14000 	C:\Users\serpi\.javacpp\cache\nd4j-native-1.0.0-beta3-windows-x86_64.jar\org\nd4j\nativeblas\windows-x86_64\jnind4jcpu.dll
0x00007ffb11930000 - 0x00007ffb18e8a000 	C:\Users\serpi\.javacpp\cache\mkl-dnn-0.16-1.4.3-windows-x86_64.jar\org\bytedeco\javacpp\windows-x86_64\libopenblas_nolapack.dll
0x0000000071000000 - 0x000000007105c000 	C:\Users\serpi\.javacpp\cache\openblas-0.3.3-1.4.3-windows-x86_64.jar\org\bytedeco\javacpp\windows-x86_64\jniopenblas_nolapack.dll
0x00007ffb837a0000 - 0x00007ffb837b7000 	C:\Windows\SYSTEM32\CRYPTSP.dll
0x00007ffb831d0000 - 0x00007ffb83203000 	C:\Windows\system32\rsaenh.dll
0x00007ffb838d0000 - 0x00007ffb838f5000 	C:\Windows\SYSTEM32\bcrypt.dll
0x00007ffb83ca0000 - 0x00007ffb83cc8000 	C:\Windows\SYSTEM32\USERENV.dll
0x00007ffb837c0000 - 0x00007ffb837cb000 	C:\Windows\SYSTEM32\CRYPTBASE.dll
0x00007ffb83370000 - 0x00007ffb833a8000 	C:\Windows\SYSTEM32\IPHLPAPI.DLL
0x00007ffb85480000 - 0x00007ffb85488000 	C:\Windows\System32\NSI.dll
0x00007ffb7f8b0000 - 0x00007ffb7f8c6000 	C:\Windows\SYSTEM32\dhcpcsvc6.DLL
0x00007ffb7f770000 - 0x00007ffb7f78a000 	C:\Windows\SYSTEM32\dhcpcsvc.DLL
0x00000000013e0000 - 0x00000000013e3000 	C:\Users\serpi\.javacpp\cache\opencv-3.4.3-1.4.3-windows-x86_64.jar\org\bytedeco\javacpp\windows-x86_64\api-ms-win-crt-locale-l1-1-0.dll
0x00000000013f0000 - 0x00000000013f4000 	C:\Users\serpi\.javacpp\cache\opencv-3.4.3-1.4.3-windows-x86_64.jar\org\bytedeco\javacpp\windows-x86_64\api-ms-win-crt-string-l1-1-0.dll
0x0000000001400000 - 0x0000000001404000 	C:\Users\serpi\.javacpp\cache\opencv-3.4.3-1.4.3-windows-x86_64.jar\org\bytedeco\javacpp\windows-x86_64\api-ms-win-crt-stdio-l1-1-0.dll
0x0000000001420000 - 0x0000000001425000 	C:\Users\serpi\.javacpp\cache\opencv-3.4.3-1.4.3-windows-x86_64.jar\org\bytedeco\javacpp\windows-x86_64\api-ms-win-crt-math-l1-1-0.dll
0x0000000001430000 - 0x0000000001433000 	C:\Users\serpi\.javacpp\cache\opencv-3.4.3-1.4.3-windows-x86_64.jar\org\bytedeco\javacpp\windows-x86_64\api-ms-win-crt-heap-l1-1-0.dll
0x0000000002cf0000 - 0x0000000002cf4000 	C:\Users\serpi\.javacpp\cache\opencv-3.4.3-1.4.3-windows-x86_64.jar\org\bytedeco\javacpp\windows-x86_64\api-ms-win-crt-runtime-l1-1-0.dll
0x0000000002d00000 - 0x0000000002d04000 	C:\Users\serpi\.javacpp\cache\opencv-3.4.3-1.4.3-windows-x86_64.jar\org\bytedeco\javacpp\windows-x86_64\api-ms-win-crt-convert-l1-1-0.dll
0x0000000002d10000 - 0x0000000002d13000 	C:\Users\serpi\.javacpp\cache\opencv-3.4.3-1.4.3-windows-x86_64.jar\org\bytedeco\javacpp\windows-x86_64\api-ms-win-crt-environment-l1-1-0.dll
0x0000000002d20000 - 0x0000000002d23000 	C:\Users\serpi\.javacpp\cache\opencv-3.4.3-1.4.3-windows-x86_64.jar\org\bytedeco\javacpp\windows-x86_64\api-ms-win-crt-time-l1-1-0.dll
0x0000000002d30000 - 0x0000000002d33000 	C:\Users\serpi\.javacpp\cache\opencv-3.4.3-1.4.3-windows-x86_64.jar\org\bytedeco\javacpp\windows-x86_64\api-ms-win-crt-filesystem-l1-1-0.dll
0x0000000002d40000 - 0x0000000002d43000 	C:\Users\serpi\.javacpp\cache\opencv-3.4.3-1.4.3-windows-x86_64.jar\org\bytedeco\javacpp\windows-x86_64\api-ms-win-crt-utility-l1-1-0.dll
0x0000000002d50000 - 0x0000000002d55000 	C:\Users\serpi\.javacpp\cache\opencv-3.4.3-1.4.3-windows-x86_64.jar\org\bytedeco\javacpp\windows-x86_64\api-ms-win-crt-multibyte-l1-1-0.dll
0x00007ffb76ff0000 - 0x00007ffb77007000 	C:\Users\serpi\.javacpp\cache\opencv-3.4.3-1.4.3-windows-x86_64.jar\org\bytedeco\javacpp\windows-x86_64\vcruntime140.dll
0x00007ffb67b00000 - 0x00007ffb67b9d000 	C:\Users\serpi\.javacpp\cache\opencv-3.4.3-1.4.3-windows-x86_64.jar\org\bytedeco\javacpp\windows-x86_64\msvcp140.dll
0x00007ffb75a50000 - 0x00007ffb75aa1000 	C:\Users\serpi\.javacpp\cache\opencv-3.4.3-1.4.3-windows-x86_64.jar\org\bytedeco\javacpp\windows-x86_64\concrt140.dll
0x00007ffb73410000 - 0x00007ffb7343e000 	C:\Users\serpi\.javacpp\cache\opencv-3.4.3-1.4.3-windows-x86_64.jar\org\bytedeco\javacpp\windows-x86_64\vcomp140.dll
0x00007ffb43660000 - 0x00007ffb43967000 	C:\Users\serpi\.javacpp\cache\opencv-3.4.3-1.4.3-windows-x86_64.jar\org\bytedeco\javacpp\windows-x86_64\opencv_core343.dll
0x00007ffb43240000 - 0x00007ffb4365c000 	C:\Users\serpi\.javacpp\cache\opencv-3.4.3-1.4.3-windows-x86_64.jar\org\bytedeco\javacpp\windows-x86_64\opencv_imgproc343.dll
0x00007ffb42e90000 - 0x00007ffb4323a000 	C:\Users\serpi\.javacpp\cache\opencv-3.4.3-1.4.3-windows-x86_64.jar\org\bytedeco\javacpp\windows-x86_64\jniopencv_core.dll
0x00007ffb7ef90000 - 0x00007ffb7f159000 	C:\Windows\SYSTEM32\dbghelp.dll

VM Arguments:
jvm_args: -agentlib:jdwp=transport=dt_socket,address=127.0.0.1:63828,suspend=y,server=n -javaagent:C:\Users\serpi\.IdeaIC2018.2\system\captureAgent\debugger-agent.jar=file:/C:/Users/serpi/AppData/Local/Temp/capture.props -Dfile.encoding=UTF-8 
java_command: org.deeplearning4j.tetris.Tetris
java_class_path (initial): C:\Program Files\Java\jdk1.8.0_181\jre\lib\charsets.jar;C:\Program Files\Java\jdk1.8.0_181\jre\lib\deploy.jar;C:\Program Files\Java\jdk1.8.0_181\jre\lib\ext\access-bridge-64.jar;C:\Program Files\Java\jdk1.8.0_181\jre\lib\ext\cldrdata.jar;C:\Program Files\Java\jdk1.8.0_181\jre\lib\ext\dnsns.jar;C:\Program Files\Java\jdk1.8.0_181\jre\lib\ext\jaccess.jar;C:\Program Files\Java\jdk1.8.0_181\jre\lib\ext\jfxrt.jar;C:\Program Files\Java\jdk1.8.0_181\jre\lib\ext\localedata.jar;C:\Program Files\Java\jdk1.8.0_181\jre\lib\ext\nashorn.jar;C:\Program Files\Java\jdk1.8.0_181\jre\lib\ext\sunec.jar;C:\Program Files\Java\jdk1.8.0_181\jre\lib\ext\sunjce_provider.jar;C:\Program Files\Java\jdk1.8.0_181\jre\lib\ext\sunmscapi.jar;C:\Program Files\Java\jdk1.8.0_181\jre\lib\ext\sunpkcs11.jar;C:\Program Files\Java\jdk1.8.0_181\jre\lib\ext\zipfs.jar;C:\Program Files\Java\jdk1.8.0_181\jre\lib\javaws.jar;C:\Program Files\Java\jdk1.8.0_181\jre\lib\jce.jar;C:\Program Files\Java\jdk1.8.0_181\jre\lib\jfr.jar;C:\Program Files\Java\jdk1.8.0_181\jre\lib\jfxswt.jar;C:\Program Files\Java\jdk1.8.0_181\jre\lib\jsse.jar;C:\Program Files\Java\jdk1.8.0_181\jre\lib\management-agent.jar;C:\Program Files\Java\jdk1.8.0_181\jre\lib\plugin.jar;C:\Program Files\Java\jdk1.8.0_181\jre\lib\resources.jar;C:\Program Files\Java\jdk1.8.0_181\jre\lib\rt.jar;C:\Users\serpi\Documents\Java Projects\dl4j-quickstart\target\classes;C:\Users\serpi\.m2\repository\org\deeplearning4j\rl4j\1.0.0-beta2;C:\Users\serpi\.m2\repository\org\bytedeco\javacpp-presets\ale-platform\0.6.0-1.4.1\ale-platform-0.6.0-1.4.1.jar;C:\Users\serpi\.m2\repository\org\bytedeco\javacpp-presets\ale\0.6.0-1.4.1\ale-0.6.0-1.4.1.jar;C:\Users\serpi\.m2\repository\org\bytedeco\javacpp-presets\ale\0.6.0-1.4.1\ale-0.6.0-1.4.1-linux-x86.jar;C:\Users\serpi\.m2\repository\org\bytedeco\javacpp-presets\ale\0.6.0-1.4.1\ale-0.6.0-1.4.1-linux-x86_64.jar;C:\Users\serpi\.m2\repository\org\bytedeco\javacpp-presets\ale\0.6.0-1.4.1\ale-0.6.0-1.4.1-m
Launcher Type: SUN_STANDARD

Environment Variables:
JAVA_HOME=C:\Program Files\Java\jdk1.8.0_181
PATH=C:\Program Files\NVIDIA GPU Computing Toolkit\CUDA\v9.0\bin;C:\Program Files\NVIDIA GPU Computing Toolkit\CUDA\v9.0\libnvvp;C:\Program Files (x86)\Common Files\Oracle\Java\javapath;C:\Windows\system32;C:\Windows;C:\Windows\System32\Wbem;C:\Windows\System32\WindowsPowerShell\v1.0\;C:\Windows\System32\OpenSSH\;C:\Program Files\dotnet\;C:\Program Files\Microsoft SQL Server\130\Tools\Binn\;C:\Program Files\Git\cmd;C:\Program Files (x86)\NVIDIA Corporation\PhysX\Common;C:\Users\serpi\cuda;C:\Program Files\NVIDIA Corporation\NVIDIA NvDLISR;C:\Windows\System32\cmd.exe;C:\Program Files\PuTTY\;C:\Program Files\NVIDIA GPU Computing Toolkit\CUDA\v9.0\lib\x64;C:\Program Files (x86)\Maven\bin;C:\Program Files (x86)\Microsoft Visual Studio 14.0\Common7\Tools;C:\Users\serpi\AppData\Local\Microsoft\WindowsApps;C:\Users\serpi\cuda;C:\Program Files\heroku\bin;C:\Program Files\NVIDIA GPU Computing Toolkit\CUDA\v9.0\bin;C:\Users\serpi\AppData\Local\Programs\Python\Python35;C:\Users\serpi\AppData\Local\Programs\Python\Python35\Scripts;
USERNAME=serpi
OS=Windows_NT
PROCESSOR_IDENTIFIER=Intel64 Family 6 Model 58 Stepping 9, GenuineIntel



---------------  S Y S T E M  ---------------

OS: Windows 10.0 , 64 bit Build 17134 (10.0.17134.706)

CPU:total 4 (initial active 4) (4 cores per cpu, 1 threads per core) family 6 model 58 stepping 9, cmov, cx8, fxsr, mmx, sse, sse2, sse3, ssse3, sse4.1, sse4.2, popcnt, avx, aes, clmul, erms, tsc, tscinvbit, tscinv

Memory: 4k page, physical 8331436k(2200080k free), swap 15933612k(4630024k free)

vm_info: Java HotSpot(TM) 64-Bit Server VM (25.181-b13) for windows-amd64 JRE (1.8.0_181-b13), built on Jul  7 2018 04:01:33 by "java_re" with MS VC++ 10.0 (VS2010)

time: Wed Apr 17 17:38:28 2019
elapsed time: 6 seconds (0d 0h 0m 6s)

