#
# A fatal error has been detected by the Java Runtime Environment:
#
#  EXCEPTION_ACCESS_VIOLATION (0xc0000005) at pc=0x00007ffb436b9f50, pid=7980, tid=0x00000000000019b0
#
# JRE version: Java(TM) SE Runtime Environment (8.0_181-b13) (build 1.8.0_181-b13)
# Java VM: Java HotSpot(TM) 64-Bit Server VM (25.181-b13 mixed mode windows-amd64 compressed oops)
# Problematic frame:
# C  [opencv_core343.dll+0x59f50]
#
# Failed to write core dump. Minidumps are not enabled by default on client versions of Windows
#
# If you would like to submit a bug report, please visit:
#   http://bugreport.java.com/bugreport/crash.jsp
# The crash happened outside the Java Virtual Machine in native code.
# See problematic frame for where to report the bug.
#

---------------  T H R E A D  ---------------

Current thread (0x000000001d628800):  JavaThread "Thread-8" [_thread_in_native, id=6576, stack(0x000000002a7c0000,0x000000002a8c0000)]

siginfo: ExceptionCode=0xc0000005, reading address 0x000000001dd3f000

Registers:
RAX=0x0000000000000250, RBX=0x000000002a8bee60, RCX=0x0000000000000258, RDX=0x0000000000000258
RSP=0x000000002a8bee00, RBP=0x0000000000000960, RSI=0x0000000000000258, RDI=0x000000001dd3e8e0
R8 =0x0000000000000012, R9 =0x000000001dd3f000, R10=0x0000000000ed1b88, R11=0x0000000000ed19c2
R12=0x0000000000000003, R13=0x0000000000000000, R14=0x00000000000000ff, R15=0x000000002a8bf120
RIP=0x00007ffb436b9f50, EFLAGS=0x0000000000010206

Top of Stack: (sp=0x000000002a8bee00)
0x000000002a8bee00:   0000000000000000 0000000000000000
0x000000002a8bee10:   0000000000ead9b0 00007ffb436bd36f
0x000000002a8bee20:   000000002a8bef80 00000000ffffffff
0x000000002a8bee30:   0000000000000000 00007ffb436bd310
0x000000002a8bee40:   000000002a8bee60 00000000437f0000
0x000000002a8bee50:   ffffffff00000000 00000001000000c8
0x000000002a8bee60:   0000000000000258 fffffffffffffffe
0x000000002a8bee70:   0000000000ead9b0 00007ffb436b0963
0x000000002a8bee80:   0000000000000000 000000002a8beff0
0x000000002a8bee90:   0000000000000010 000000000000006b
0x000000002a8beea0:   0000000000ed19c0 0000000000000258
0x000000002a8beeb0:   000000002a8beef8 000000002a8bef18
0x000000002a8beec0:   000000002a8bef00 0000000000000000
0x000000002a8beed0:   0000000100000000 0000000100000258
0x000000002a8beee0:   000000001a970548 00000001000000c8
0x000000002a8beef0:   000000001d628800 0000000100000258 

Instructions: (pc=0x00007ffb436b9f50)
0x00007ffb436b9f30:   44 8d 40 08 4c 8b cf 49 c1 e8 03 4d 8d 53 fe 42
0x00007ffb436b9f40:   8d 14 c5 00 00 00 00 4a 8d 0c c5 00 00 00 00 90
0x00007ffb436b9f50:   41 0f 10 01 41 0f 10 49 10 49 83 c1 20 0f 59 c6
0x00007ffb436b9f60:   0f 59 ce 0f 58 c5 0f 58 cd 66 0f 5b d0 66 0f 5b 


Register to memory mapping:

RAX=0x0000000000000250 is an unknown value
RBX=0x000000002a8bee60 is pointing into the stack for thread: 0x000000001d628800
RCX=0x0000000000000258 is an unknown value
RDX=0x0000000000000258 is an unknown value
RSP=0x000000002a8bee00 is pointing into the stack for thread: 0x000000001d628800
RBP=0x0000000000000960 is an unknown value
RSI=0x0000000000000258 is an unknown value
RDI=0x000000001dd3e8e0 is an unknown value
R8 =0x0000000000000012 is an unknown value
R9 =0x000000001dd3f000 is an unknown value
R10=0x0000000000ed1b88 is an unknown value
R11=0x0000000000ed19c2 is an unknown value
R12=0x0000000000000003 is an unknown value
R13=0x0000000000000000 is an unknown value
R14=0x00000000000000ff is an unknown value
R15=0x000000002a8bf120 is pointing into the stack for thread: 0x000000001d628800


Stack: [0x000000002a7c0000,0x000000002a8c0000],  sp=0x000000002a8bee00,  free space=1019k
Native frames: (J=compiled Java code, j=interpreted, Vv=VM code, C=native code)
C  [opencv_core343.dll+0x59f50]
C  [opencv_core343.dll+0x5d36f]
C  [opencv_core343.dll+0x50963]
C  [jniopencv_core.dll+0x46f2f]
C  0x0000000002f11df0

Java frames: (J=compiled Java code, j=interpreted, Vv=VM code)
j  org.bytedeco.javacpp.opencv_core$Mat.convertTo(Lorg/bytedeco/javacpp/opencv_core$Mat;IDD)V+0
j  org.deeplearning4j.rl4j.learning.HistoryProcessor.transform(Lorg/nd4j/linalg/api/ndarray/INDArray;)Lorg/nd4j/linalg/api/ndarray/INDArray;+83
j  org.deeplearning4j.rl4j.learning.HistoryProcessor.add(Lorg/nd4j/linalg/api/ndarray/INDArray;)V+2
j  org.deeplearning4j.rl4j.learning.Learning.initMdp(Lorg/deeplearning4j/rl4j/mdp/MDP;Lorg/deeplearning4j/rl4j/learning/IHistoryProcessor;)Lorg/deeplearning4j/rl4j/learning/Learning$InitMdp;+130
j  org.deeplearning4j.rl4j.learning.async.AsyncThread.run()V+52
v  ~StubRoutines::call_stub

---------------  P R O C E S S  ---------------

Java Threads: ( => current thread )
  0x000000001c2cd000 JavaThread "Thread-11" [_thread_blocked, id=5580, stack(0x000000002dc10000,0x000000002dd10000)]
  0x000000001c2cc000 JavaThread "Thread-10" [_thread_blocked, id=12824, stack(0x000000002cb60000,0x000000002cc60000)]
  0x000000001c47e800 JavaThread "Thread-9" [_thread_in_native, id=472, stack(0x000000002ba90000,0x000000002bb90000)]
=>0x000000001d628800 JavaThread "Thread-8" [_thread_in_native, id=6576, stack(0x000000002a7c0000,0x000000002a8c0000)]
  0x000000001caf8800 JavaThread "Thread-7" [_thread_blocked, id=12452, stack(0x00000000296f0000,0x00000000297f0000)]
  0x000000001cafa000 JavaThread "Thread-6" [_thread_in_native, id=768, stack(0x0000000028630000,0x0000000028730000)]
  0x000000001caf4800 JavaThread "Thread-5" [_thread_in_native, id=15328, stack(0x0000000027580000,0x0000000027680000)]
  0x000000001c255000 JavaThread "Thread-4" [_thread_blocked, id=12012, stack(0x00000000262c0000,0x00000000263c0000)]
  0x000000001c97a000 JavaThread "Thread-3" [_thread_in_Java, id=8000, stack(0x00000000251f0000,0x00000000252f0000)]
  0x000000001cce5800 JavaThread "NativeRandomDeallocator thread 0" daemon [_thread_blocked, id=4896, stack(0x00000000231a0000,0x00000000232a0000)]
  0x000000001bbd9800 JavaThread "JavaCPP Deallocator" daemon [_thread_blocked, id=644, stack(0x000000001d940000,0x000000001da40000)]
  0x000000001a97b800 JavaThread "Workspace deallocator thread" daemon [_thread_blocked, id=13780, stack(0x000000001c810000,0x000000001c910000)]
  0x0000000019fb8800 JavaThread "Service Thread" daemon [_thread_blocked, id=336, stack(0x000000001a320000,0x000000001a420000)]
  0x0000000019f00000 JavaThread "C1 CompilerThread2" daemon [_thread_blocked, id=11820, stack(0x000000001a220000,0x000000001a320000)]
  0x0000000019eff000 JavaThread "C2 CompilerThread1" daemon [_thread_blocked, id=8080, stack(0x000000001a120000,0x000000001a220000)]
  0x0000000019efe800 JavaThread "C2 CompilerThread0" daemon [_thread_blocked, id=11204, stack(0x000000001a020000,0x000000001a120000)]
  0x0000000017adc000 JavaThread "JDWP Command Reader" daemon [_thread_in_native, id=14868, stack(0x0000000019320000,0x0000000019420000)]
  0x0000000017ad8800 JavaThread "JDWP Event Helper Thread" daemon [_thread_blocked, id=8540, stack(0x0000000019220000,0x0000000019320000)]
  0x0000000017acd800 JavaThread "JDWP Transport Listener: dt_socket" daemon [_thread_blocked, id=1520, stack(0x0000000019120000,0x0000000019220000)]
  0x0000000017ab7800 JavaThread "Attach Listener" daemon [_thread_blocked, id=13796, stack(0x0000000019020000,0x0000000019120000)]
  0x0000000017ab6000 JavaThread "Signal Dispatcher" daemon [_thread_blocked, id=4664, stack(0x0000000018f20000,0x0000000019020000)]
  0x0000000017a8f800 JavaThread "Finalizer" daemon [_thread_blocked, id=12324, stack(0x0000000018d20000,0x0000000018e20000)]
  0x0000000017a6a000 JavaThread "Reference Handler" daemon [_thread_blocked, id=6120, stack(0x0000000018c20000,0x0000000018d20000)]
  0x0000000002c9a000 JavaThread "main" [_thread_blocked, id=2056, stack(0x0000000002b90000,0x0000000002c90000)]

Other Threads:
  0x0000000017a68800 VMThread [stack: 0x0000000018b20000,0x0000000018c20000] [id=3984]
  0x000000001a01b000 WatcherThread [stack: 0x000000001b3f0000,0x000000001b4f0000] [id=6328]

VM state:not at safepoint (normal execution)

VM Mutex/Monitor currently owned by a thread: None

Heap:
 PSYoungGen      total 29184K, used 25018K [0x00000000d5980000, 0x00000000d8480000, 0x0000000100000000)
  eden space 28672K, 86% used [0x00000000d5980000,0x00000000d71cea50,0x00000000d7580000)
  from space 512K, 25% used [0x00000000d7600000,0x00000000d7620000,0x00000000d7680000)
  to   space 7680K, 0% used [0x00000000d7d00000,0x00000000d7d00000,0x00000000d8480000)
 ParOldGen       total 38400K, used 3880K [0x0000000080c00000, 0x0000000083180000, 0x00000000d5980000)
  object space 38400K, 10% used [0x0000000080c00000,0x0000000080fca150,0x0000000083180000)
 Metaspace       used 21275K, capacity 21406K, committed 21760K, reserved 1069056K
  class space    used 2969K, capacity 3001K, committed 3072K, reserved 1048576K

Card table byte_map: [0x00000000122b0000,0x00000000126b0000] byte_map_base: 0x0000000011eaa000

Marking Bits: (ParMarkBitMap*) 0x00000000767f2d00
 Begin Bits: [0x0000000012d60000, 0x0000000014d30000)
 End Bits:   [0x0000000014d30000, 0x0000000016d00000)

Polling page: 0x00000000010d0000

CodeCache: size=245760Kb used=6295Kb max_used=6295Kb free=239464Kb
 bounds [0x0000000002ef0000, 0x0000000003520000, 0x0000000011ef0000]
 total_blobs=2033 nmethods=1382 adapters=571
 compilation: enabled

Compilation events (10 events):
Event: 6.033 Thread 0x0000000019f00000 1377   !   3       java.io.File::toURI (69 bytes)
Event: 6.034 Thread 0x0000000019f00000 nmethod 1377 0x000000000350c6d0 code [0x000000000350c940, 0x000000000350d7f8]
Event: 6.034 Thread 0x0000000019f00000 1378       3       sun.nio.fs.WindowsPath::getFileSystem (5 bytes)
Event: 6.034 Thread 0x0000000019f00000 nmethod 1378 0x0000000003504890 code [0x00000000035049e0, 0x0000000003504bd0]
Event: 6.034 Thread 0x0000000019f00000 1379       3       sun.nio.fs.WindowsFileAttributes::fromFileAttributeData (104 bytes)
Event: 6.034 Thread 0x0000000019f00000 nmethod 1379 0x0000000003504350 code [0x00000000035044c0, 0x0000000003504768]
Event: 6.039 Thread 0x0000000019f00000 1380   !   3       sun.nio.fs.WindowsFileAttributes::get (236 bytes)
Event: 6.041 Thread 0x0000000019f00000 nmethod 1380 0x000000000350e050 code [0x000000000350e4e0, 0x00000000035103b8]
Event: 6.051 Thread 0x0000000019f00000 1381       3       sun.nio.fs.WindowsPath::getFileName (87 bytes)
Event: 6.052 Thread 0x0000000019f00000 nmethod 1381 0x0000000003512150 code [0x0000000003512320, 0x0000000003512e38]

GC Heap History (10 events):
Event: 5.356 GC heap before
{Heap before GC invocations=10 (full 0):
 PSYoungGen      total 32256K, used 31962K [0x00000000d5980000, 0x00000000d8680000, 0x0000000100000000)
  eden space 30720K, 100% used [0x00000000d5980000,0x00000000d7780000,0x00000000d7780000)
  from space 1536K, 80% used [0x00000000d7800000,0x00000000d7936890,0x00000000d7980000)
  to   space 7680K, 0% used [0x00000000d7f00000,0x00000000d7f00000,0x00000000d8680000)
 ParOldGen       total 87552K, used 4598K [0x0000000080c00000, 0x0000000086180000, 0x00000000d5980000)
  object space 87552K, 5% used [0x0000000080c00000,0x000000008107d8f0,0x0000000086180000)
 Metaspace       used 20946K, capacity 21086K, committed 21248K, reserved 1067008K
  class space    used 2966K, capacity 3001K, committed 3072K, reserved 1048576K
Event: 5.357 GC heap after
Heap after GC invocations=10 (full 0):
 PSYoungGen      total 37376K, used 1056K [0x00000000d5980000, 0x00000000d8600000, 0x0000000100000000)
  eden space 30208K, 0% used [0x00000000d5980000,0x00000000d5980000,0x00000000d7700000)
  from space 7168K, 14% used [0x00000000d7f00000,0x00000000d8008000,0x00000000d8600000)
  to   space 7680K, 0% used [0x00000000d7700000,0x00000000d7700000,0x00000000d7e80000)
 ParOldGen       total 87552K, used 5326K [0x0000000080c00000, 0x0000000086180000, 0x00000000d5980000)
  object space 87552K, 6% used [0x0000000080c00000,0x00000000811338f0,0x0000000086180000)
 Metaspace       used 20946K, capacity 21086K, committed 21248K, reserved 1067008K
  class space    used 2966K, capacity 3001K, committed 3072K, reserved 1048576K
}
Event: 5.573 GC heap before
{Heap before GC invocations=11 (full 0):
 PSYoungGen      total 37376K, used 29841K [0x00000000d5980000, 0x00000000d8600000, 0x0000000100000000)
  eden space 30208K, 95% used [0x00000000d5980000,0x00000000d759c4d8,0x00000000d7700000)
  from space 7168K, 14% used [0x00000000d7f00000,0x00000000d8008000,0x00000000d8600000)
  to   space 7680K, 0% used [0x00000000d7700000,0x00000000d7700000,0x00000000d7e80000)
 ParOldGen       total 87552K, used 5326K [0x0000000080c00000, 0x0000000086180000, 0x00000000d5980000)
  object space 87552K, 6% used [0x0000000080c00000,0x00000000811338f0,0x0000000086180000)
 Metaspace       used 20969K, capacity 21086K, committed 21248K, reserved 1067008K
  class space    used 2966K, capacity 3001K, committed 3072K, reserved 1048576K
Event: 5.573 GC heap after
Heap after GC invocations=11 (full 0):
 PSYoungGen      total 30208K, used 32K [0x00000000d5980000, 0x00000000d8580000, 0x0000000100000000)
  eden space 29696K, 0% used [0x00000000d5980000,0x00000000d5980000,0x00000000d7680000)
  from space 512K, 6% used [0x00000000d7700000,0x00000000d7708000,0x00000000d7780000)
  to   space 7680K, 0% used [0x00000000d7e00000,0x00000000d7e00000,0x00000000d8580000)
 ParOldGen       total 87552K, used 5621K [0x0000000080c00000, 0x0000000086180000, 0x00000000d5980000)
  object space 87552K, 6% used [0x0000000080c00000,0x000000008117d6e0,0x0000000086180000)
 Metaspace       used 20969K, capacity 21086K, committed 21248K, reserved 1067008K
  class space    used 2966K, capacity 3001K, committed 3072K, reserved 1048576K
}
Event: 5.573 GC heap before
{Heap before GC invocations=12 (full 1):
 PSYoungGen      total 30208K, used 32K [0x00000000d5980000, 0x00000000d8580000, 0x0000000100000000)
  eden space 29696K, 0% used [0x00000000d5980000,0x00000000d5980000,0x00000000d7680000)
  from space 512K, 6% used [0x00000000d7700000,0x00000000d7708000,0x00000000d7780000)
  to   space 7680K, 0% used [0x00000000d7e00000,0x00000000d7e00000,0x00000000d8580000)
 ParOldGen       total 87552K, used 5621K [0x0000000080c00000, 0x0000000086180000, 0x00000000d5980000)
  object space 87552K, 6% used [0x0000000080c00000,0x000000008117d6e0,0x0000000086180000)
 Metaspace       used 20969K, capacity 21086K, committed 21248K, reserved 1067008K
  class space    used 2966K, capacity 3001K, committed 3072K, reserved 1048576K
Event: 5.594 GC heap after
Heap after GC invocations=12 (full 1):
 PSYoungGen      total 30208K, used 0K [0x00000000d5980000, 0x00000000d8580000, 0x0000000100000000)
  eden space 29696K, 0% used [0x00000000d5980000,0x00000000d5980000,0x00000000d7680000)
  from space 512K, 0% used [0x00000000d7700000,0x00000000d7700000,0x00000000d7780000)
  to   space 7680K, 0% used [0x00000000d7e00000,0x00000000d7e00000,0x00000000d8580000)
 ParOldGen       total 38400K, used 3864K [0x0000000080c00000, 0x0000000083180000, 0x00000000d5980000)
  object space 38400K, 10% used [0x0000000080c00000,0x0000000080fc6150,0x0000000083180000)
 Metaspace       used 20969K, capacity 21086K, committed 21248K, reserved 1067008K
  class space    used 2966K, capacity 3001K, committed 3072K, reserved 1048576K
}
Event: 5.772 GC heap before
{Heap before GC invocations=13 (full 1):
 PSYoungGen      total 30208K, used 29696K [0x00000000d5980000, 0x00000000d8580000, 0x0000000100000000)
  eden space 29696K, 100% used [0x00000000d5980000,0x00000000d7680000,0x00000000d7680000)
  from space 512K, 0% used [0x00000000d7700000,0x00000000d7700000,0x00000000d7780000)
  to   space 7680K, 0% used [0x00000000d7e00000,0x00000000d7e00000,0x00000000d8580000)
 ParOldGen       total 38400K, used 3864K [0x0000000080c00000, 0x0000000083180000, 0x00000000d5980000)
  object space 38400K, 10% used [0x0000000080c00000,0x0000000080fc6150,0x0000000083180000)
 Metaspace       used 20978K, capacity 21150K, committed 21504K, reserved 1067008K
  class space    used 2966K, capacity 3001K, committed 3072K, reserved 1048576K
Event: 5.773 GC heap after
Heap after GC invocations=13 (full 1):
 PSYoungGen      total 36352K, used 96K [0x00000000d5980000, 0x00000000d8500000, 0x0000000100000000)
  eden space 29184K, 0% used [0x00000000d5980000,0x00000000d5980000,0x00000000d7600000)
  from space 7168K, 1% used [0x00000000d7e00000,0x00000000d7e18000,0x00000000d8500000)
  to   space 7680K, 0% used [0x00000000d7600000,0x00000000d7600000,0x00000000d7d80000)
 ParOldGen       total 38400K, used 3872K [0x0000000080c00000, 0x0000000083180000, 0x00000000d5980000)
  object space 38400K, 10% used [0x0000000080c00000,0x0000000080fc8150,0x0000000083180000)
 Metaspace       used 20978K, capacity 21150K, committed 21504K, reserved 1067008K
  class space    used 2966K, capacity 3001K, committed 3072K, reserved 1048576K
}
Event: 5.974 GC heap before
{Heap before GC invocations=14 (full 1):
 PSYoungGen      total 36352K, used 29280K [0x00000000d5980000, 0x00000000d8500000, 0x0000000100000000)
  eden space 29184K, 100% used [0x00000000d5980000,0x00000000d7600000,0x00000000d7600000)
  from space 7168K, 1% used [0x00000000d7e00000,0x00000000d7e18000,0x00000000d8500000)
  to   space 7680K, 0% used [0x00000000d7600000,0x00000000d7600000,0x00000000d7d80000)
 ParOldGen       total 38400K, used 3872K [0x0000000080c00000, 0x0000000083180000, 0x00000000d5980000)
  object space 38400K, 10% used [0x0000000080c00000,0x0000000080fc8150,0x0000000083180000)
 Metaspace       used 20985K, capacity 21150K, committed 21504K, reserved 1067008K
  class space    used 2967K, capacity 3001K, committed 3072K, reserved 1048576K
Event: 5.975 GC heap after
Heap after GC invocations=14 (full 1):
 PSYoungGen      total 29184K, used 128K [0x00000000d5980000, 0x00000000d8480000, 0x0000000100000000)
  eden space 28672K, 0% used [0x00000000d5980000,0x00000000d5980000,0x00000000d7580000)
  from space 512K, 25% used [0x00000000d7600000,0x00000000d7620000,0x00000000d7680000)
  to   space 7680K, 0% used [0x00000000d7d00000,0x00000000d7d00000,0x00000000d8480000)
 ParOldGen       total 38400K, used 3880K [0x0000000080c00000, 0x0000000083180000, 0x00000000d5980000)
  object space 38400K, 10% used [0x0000000080c00000,0x0000000080fca150,0x0000000083180000)
 Metaspace       used 20985K, capacity 21150K, committed 21504K, reserved 1067008K
  class space    used 2967K, capacity 3001K, committed 3072K, reserved 1048576K
}

Deoptimization events (10 events):
Event: 3.425 Thread 0x0000000002c9a000 Uncommon trap: reason=unstable_if action=reinterpret pc=0x00000000032b0bc8 method=java.io.WinNTFileSystem.resolve(Ljava/lang/String;Ljava/lang/String;)Ljava/lang/String; @ 117
Event: 3.425 Thread 0x0000000002c9a000 Uncommon trap: reason=unstable_if action=reinterpret pc=0x00000000032f7368 method=java.io.WinNTFileSystem.prefixLength(Ljava/lang/String;)I @ 42
Event: 3.431 Thread 0x0000000002c9a000 Uncommon trap: reason=unstable_if action=reinterpret pc=0x0000000003150bd4 method=java.net.URL.<init>(Ljava/net/URL;Ljava/lang/String;Ljava/net/URLStreamHandler;)V @ 441
Event: 4.059 Thread 0x0000000002c9a000 Uncommon trap: reason=unstable_if action=reinterpret pc=0x0000000003162fa4 method=java.lang.String.indexOf([CII[CIII)I @ 3
Event: 4.256 Thread 0x0000000002c9a000 Uncommon trap: reason=unstable_if action=reinterpret pc=0x000000000300ab34 method=sun.nio.cs.UTF_8$Encoder.encode([CII[B)I @ 33
Event: 4.422 Thread 0x0000000002c9a000 Uncommon trap: reason=unstable_if action=reinterpret pc=0x0000000003394d30 method=org.nd4j.linalg.indexing.IntervalIndex.init(JJ)V @ 60
Event: 4.583 Thread 0x000000001c255000 Uncommon trap: reason=unstable_if action=reinterpret pc=0x0000000003381038 method=java.lang.ThreadLocal.get()Ljava/lang/Object; @ 11
Event: 4.811 Thread 0x000000001c255000 Uncommon trap: reason=unstable_if action=reinterpret pc=0x00000000031e53d8 method=java.net.URI.match(CJJ)Z @ 19
Event: 4.811 Thread 0x000000001c255000 Uncommon trap: reason=unstable_if action=reinterpret pc=0x00000000032582b4 method=java.net.URI.match(CJJ)Z @ 19
Event: 4.837 Thread 0x0000000002c9a000 Uncommon trap: reason=unstable_if action=reinterpret pc=0x00000000032ba884 method=java.util.concurrent.ConcurrentHashMap.putVal(Ljava/lang/Object;Ljava/lang/Object;Z)Ljava/lang/Object; @ 181

Classes redefined (0 events):
No events

Internal exceptions (10 events):
Event: 3.485 Thread 0x0000000002c9a000 Exception <a 'sun/nio/fs/WindowsException'> (0x00000000d7197cf0) thrown at [C:\re\workspace\8-2-build-windows-amd64-cygwin\jdk8u181\11358\hotspot\src\share\vm\prims\jni.cpp, line 709]
Event: 3.485 Thread 0x0000000002c9a000 Exception <a 'sun/nio/fs/WindowsException'> (0x00000000d7198dc8) thrown at [C:\re\workspace\8-2-build-windows-amd64-cygwin\jdk8u181\11358\hotspot\src\share\vm\prims\jni.cpp, line 709]
Event: 3.485 Thread 0x0000000002c9a000 Exception <a 'sun/nio/fs/WindowsException'> (0x00000000d7199e78) thrown at [C:\re\workspace\8-2-build-windows-amd64-cygwin\jdk8u181\11358\hotspot\src\share\vm\prims\jni.cpp, line 709]
Event: 3.485 Thread 0x0000000002c9a000 Exception <a 'sun/nio/fs/WindowsException'> (0x00000000d719b040) thrown at [C:\re\workspace\8-2-build-windows-amd64-cygwin\jdk8u181\11358\hotspot\src\share\vm\prims\jni.cpp, line 709]
Event: 3.485 Thread 0x0000000002c9a000 Exception <a 'sun/nio/fs/WindowsException'> (0x00000000d719c208) thrown at [C:\re\workspace\8-2-build-windows-amd64-cygwin\jdk8u181\11358\hotspot\src\share\vm\prims\jni.cpp, line 709]
Event: 3.515 Thread 0x0000000002c9a000 Exception <a 'sun/nio/fs/WindowsException'> (0x00000000d736e608) thrown at [C:\re\workspace\8-2-build-windows-amd64-cygwin\jdk8u181\11358\hotspot\src\share\vm\prims\jni.cpp, line 709]
Event: 3.587 Thread 0x0000000002c9a000 Exception <a 'sun/nio/fs/WindowsException'> (0x00000000d78610f0) thrown at [C:\re\workspace\8-2-build-windows-amd64-cygwin\jdk8u181\11358\hotspot\src\share\vm\prims\jni.cpp, line 709]
Event: 3.656 Thread 0x0000000002c9a000 Exception <a 'sun/nio/fs/WindowsException'> (0x00000000d5d53950) thrown at [C:\re\workspace\8-2-build-windows-amd64-cygwin\jdk8u181\11358\hotspot\src\share\vm\prims\jni.cpp, line 709]
Event: 3.721 Thread 0x0000000002c9a000 Exception <a 'sun/nio/fs/WindowsException'> (0x00000000d6246158) thrown at [C:\re\workspace\8-2-build-windows-amd64-cygwin\jdk8u181\11358\hotspot\src\share\vm\prims\jni.cpp, line 709]
Event: 4.583 Thread 0x000000001c255000 Implicit null exception at 0x0000000003380f11 to 0x000000000338101d

Events (10 events):
Event: 5.949 Thread 0x000000001c255000 DEOPT PACKING pc=0x00000000034ef524 sp=0x00000000263be4a0
Event: 5.949 Thread 0x000000001c255000 DEOPT UNPACKING pc=0x0000000002f37890 sp=0x00000000263be318 mode 1
Event: 5.974 Executing VM operation: ParallelGCFailedAllocation
Event: 5.975 Executing VM operation: ParallelGCFailedAllocation done
Event: 6.059 Thread 0x000000001c255000 DEOPT PACKING pc=0x00000000034ef524 sp=0x00000000263be4a0
Event: 6.059 Thread 0x000000001c255000 DEOPT UNPACKING pc=0x0000000002f37890 sp=0x00000000263be318 mode 1
Event: 6.084 loading class org/bytedeco/javacpp/opencv_imgproc
Event: 6.084 loading class org/bytedeco/javacpp/opencv_imgproc done
Event: 6.084 Executing VM operation: RevokeBias
Event: 6.084 Executing VM operation: RevokeBias done


Dynamic libraries:
0x00007ff6f1130000 - 0x00007ff6f1167000 	C:\Program Files\Java\jdk1.8.0_181\bin\java.exe
0x00007ffb87a60000 - 0x00007ffb87c41000 	C:\Windows\SYSTEM32\ntdll.dll
0x00007ffb87970000 - 0x00007ffb87a21000 	C:\Windows\System32\KERNEL32.DLL
0x00007ffb84120000 - 0x00007ffb84393000 	C:\Windows\System32\KERNELBASE.dll
0x00007ffb85080000 - 0x00007ffb85121000 	C:\Windows\System32\ADVAPI32.dll
0x00007ffb85df0000 - 0x00007ffb85e8e000 	C:\Windows\System32\msvcrt.dll
0x00007ffb852c0000 - 0x00007ffb8531b000 	C:\Windows\System32\sechost.dll
0x00007ffb85130000 - 0x00007ffb85254000 	C:\Windows\System32\RPCRT4.dll
0x00007ffb85490000 - 0x00007ffb85620000 	C:\Windows\System32\USER32.dll
0x00007ffb84d30000 - 0x00007ffb84d50000 	C:\Windows\System32\win32u.dll
0x00007ffb84ef0000 - 0x00007ffb84f18000 	C:\Windows\System32\GDI32.dll
0x00007ffb843a0000 - 0x00007ffb84532000 	C:\Windows\System32\gdi32full.dll
0x00007ffb84e50000 - 0x00007ffb84eef000 	C:\Windows\System32\msvcp_win.dll
0x00007ffb84020000 - 0x00007ffb84118000 	C:\Windows\System32\ucrtbase.dll
0x00007ffb74fa0000 - 0x00007ffb75209000 	C:\Windows\WinSxS\amd64_microsoft.windows.common-controls_6595b64144ccf1df_6.0.17134.706_none_fb43a2cb30647007\COMCTL32.dll
0x00007ffb86170000 - 0x00007ffb86492000 	C:\Windows\System32\combase.dll
0x00007ffb845a0000 - 0x00007ffb8461a000 	C:\Windows\System32\bcryptPrimitives.dll
0x00007ffb864a0000 - 0x00007ffb864cd000 	C:\Windows\System32\IMM32.DLL
0x0000000077c60000 - 0x0000000077d32000 	C:\Program Files\Java\jdk1.8.0_181\jre\bin\msvcr100.dll
0x0000000075fd0000 - 0x0000000076872000 	C:\Program Files\Java\jdk1.8.0_181\jre\bin\server\jvm.dll
0x00007ffb85f40000 - 0x00007ffb85f48000 	C:\Windows\System32\PSAPI.DLL
0x00007ffb7fdf0000 - 0x00007ffb7fdf9000 	C:\Windows\SYSTEM32\WSOCK32.dll
0x00007ffb85620000 - 0x00007ffb8568c000 	C:\Windows\System32\WS2_32.dll
0x00007ffb7b2a0000 - 0x00007ffb7b2c3000 	C:\Windows\SYSTEM32\WINMM.dll
0x00007ffb7fe50000 - 0x00007ffb7fe5a000 	C:\Windows\SYSTEM32\VERSION.dll
0x00007ffb7b270000 - 0x00007ffb7b29a000 	C:\Windows\SYSTEM32\WINMMBASE.dll
0x00007ffb84e00000 - 0x00007ffb84e49000 	C:\Windows\System32\cfgmgr32.dll
0x0000000050040000 - 0x000000005004f000 	C:\Program Files\Java\jdk1.8.0_181\jre\bin\verify.dll
0x0000000050010000 - 0x0000000050039000 	C:\Program Files\Java\jdk1.8.0_181\jre\bin\java.dll
0x0000000077ae0000 - 0x0000000077b15000 	C:\Program Files\Java\jdk1.8.0_181\jre\bin\jdwp.dll
0x0000000050000000 - 0x0000000050008000 	C:\Program Files\Java\jdk1.8.0_181\jre\bin\npt.dll
0x0000000077ab0000 - 0x0000000077ad3000 	C:\Program Files\Java\jdk1.8.0_181\jre\bin\instrument.dll
0x0000000077c40000 - 0x0000000077c56000 	C:\Program Files\Java\jdk1.8.0_181\jre\bin\zip.dll
0x00007ffb86530000 - 0x00007ffb87970000 	C:\Windows\System32\SHELL32.dll
0x00007ffb85e90000 - 0x00007ffb85f39000 	C:\Windows\System32\shcore.dll
0x00007ffb84620000 - 0x00007ffb84d2d000 	C:\Windows\System32\windows.storage.dll
0x00007ffb864d0000 - 0x00007ffb86521000 	C:\Windows\System32\shlwapi.dll
0x00007ffb83e00000 - 0x00007ffb83e11000 	C:\Windows\System32\kernel.appcore.dll
0x00007ffb83dc0000 - 0x00007ffb83ddf000 	C:\Windows\System32\profapi.dll
0x00007ffb83d70000 - 0x00007ffb83dbc000 	C:\Windows\System32\powrprof.dll
0x00007ffb83e20000 - 0x00007ffb83e2a000 	C:\Windows\System32\FLTLIB.DLL
0x0000000077aa0000 - 0x0000000077aa9000 	C:\Program Files\Java\jdk1.8.0_181\jre\bin\dt_socket.dll
0x00007ffb835f0000 - 0x00007ffb83656000 	C:\Windows\system32\mswsock.dll
0x0000000077c20000 - 0x0000000077c3a000 	C:\Program Files\Java\jdk1.8.0_181\jre\bin\net.dll
0x0000000077c00000 - 0x0000000077c11000 	C:\Program Files\Java\jdk1.8.0_181\jre\bin\nio.dll
0x0000000064940000 - 0x0000000064955000 	C:\Users\serpi\.javacpp\cache\mkl-dnn-0.16-1.4.3-windows-x86_64.jar\org\bytedeco\javacpp\windows-x86_64\libwinpthread-1.dll
0x0000000061440000 - 0x000000006145c000 	C:\Users\serpi\.javacpp\cache\mkl-dnn-0.16-1.4.3-windows-x86_64.jar\org\bytedeco\javacpp\windows-x86_64\libgcc_s_seh-1.dll
0x0000000063600000 - 0x000000006362f000 	C:\Users\serpi\.javacpp\cache\mkl-dnn-0.16-1.4.3-windows-x86_64.jar\org\bytedeco\javacpp\windows-x86_64\libgomp-1.dll
0x000000006fc40000 - 0x000000006fda6000 	C:\Users\serpi\.javacpp\cache\mkl-dnn-0.16-1.4.3-windows-x86_64.jar\org\bytedeco\javacpp\windows-x86_64\libstdc++-6.dll
0x00007ffb67ba0000 - 0x00007ffb67c8f000 	C:\Users\serpi\.javacpp\cache\mkl-dnn-0.16-1.4.3-windows-x86_64.jar\org\bytedeco\javacpp\windows-x86_64\msvcr120.dll
0x00007ffb4b080000 - 0x00007ffb4b249000 	C:\Users\serpi\.javacpp\cache\mkl-dnn-0.16-1.4.3-windows-x86_64.jar\org\bytedeco\javacpp\windows-x86_64\libiomp5md.dll
0x00007ffb18e90000 - 0x00007ffb203ea000 	C:\Users\serpi\.javacpp\cache\mkl-dnn-0.16-1.4.3-windows-x86_64.jar\org\bytedeco\javacpp\windows-x86_64\mklml.dll
0x0000000062100000 - 0x0000000062646000 	C:\Users\serpi\.javacpp\cache\mkl-dnn-0.16-1.4.3-windows-x86_64.jar\org\bytedeco\javacpp\windows-x86_64\libmkldnn.dll
0x0000000069480000 - 0x000000006a651000 	C:\Users\serpi\.javacpp\cache\nd4j-native-1.0.0-beta3-windows-x86_64.jar\org\nd4j\nativeblas\windows-x86_64\libnd4jcpu.dll
0x0000000066880000 - 0x0000000066e14000 	C:\Users\serpi\.javacpp\cache\nd4j-native-1.0.0-beta3-windows-x86_64.jar\org\nd4j\nativeblas\windows-x86_64\jnind4jcpu.dll
0x00007ffb11930000 - 0x00007ffb18e8a000 	C:\Users\serpi\.javacpp\cache\mkl-dnn-0.16-1.4.3-windows-x86_64.jar\org\bytedeco\javacpp\windows-x86_64\libopenblas_nolapack.dll
0x0000000071000000 - 0x000000007105c000 	C:\Users\serpi\.javacpp\cache\openblas-0.3.3-1.4.3-windows-x86_64.jar\org\bytedeco\javacpp\windows-x86_64\jniopenblas_nolapack.dll
0x00007ffb837a0000 - 0x00007ffb837b7000 	C:\Windows\SYSTEM32\CRYPTSP.dll
0x00007ffb831d0000 - 0x00007ffb83203000 	C:\Windows\system32\rsaenh.dll
0x00007ffb838d0000 - 0x00007ffb838f5000 	C:\Windows\SYSTEM32\bcrypt.dll
0x00007ffb83ca0000 - 0x00007ffb83cc8000 	C:\Windows\SYSTEM32\USERENV.dll
0x00007ffb837c0000 - 0x00007ffb837cb000 	C:\Windows\SYSTEM32\CRYPTBASE.dll
0x00007ffb83370000 - 0x00007ffb833a8000 	C:\Windows\SYSTEM32\IPHLPAPI.DLL
0x00007ffb85480000 - 0x00007ffb85488000 	C:\Windows\System32\NSI.dll
0x00007ffb7f8b0000 - 0x00007ffb7f8c6000 	C:\Windows\SYSTEM32\dhcpcsvc6.DLL
0x00007ffb7f770000 - 0x00007ffb7f78a000 	C:\Windows\SYSTEM32\dhcpcsvc.DLL
0x0000000002a50000 - 0x0000000002a53000 	C:\Users\serpi\.javacpp\cache\opencv-3.4.3-1.4.3-windows-x86_64.jar\org\bytedeco\javacpp\windows-x86_64\api-ms-win-crt-locale-l1-1-0.dll
0x0000000002a60000 - 0x0000000002a64000 	C:\Users\serpi\.javacpp\cache\opencv-3.4.3-1.4.3-windows-x86_64.jar\org\bytedeco\javacpp\windows-x86_64\api-ms-win-crt-string-l1-1-0.dll
0x0000000002a70000 - 0x0000000002a74000 	C:\Users\serpi\.javacpp\cache\opencv-3.4.3-1.4.3-windows-x86_64.jar\org\bytedeco\javacpp\windows-x86_64\api-ms-win-crt-stdio-l1-1-0.dll
0x0000000002e90000 - 0x0000000002e95000 	C:\Users\serpi\.javacpp\cache\opencv-3.4.3-1.4.3-windows-x86_64.jar\org\bytedeco\javacpp\windows-x86_64\api-ms-win-crt-math-l1-1-0.dll
0x0000000002ea0000 - 0x0000000002ea3000 	C:\Users\serpi\.javacpp\cache\opencv-3.4.3-1.4.3-windows-x86_64.jar\org\bytedeco\javacpp\windows-x86_64\api-ms-win-crt-heap-l1-1-0.dll
0x0000000002eb0000 - 0x0000000002eb4000 	C:\Users\serpi\.javacpp\cache\opencv-3.4.3-1.4.3-windows-x86_64.jar\org\bytedeco\javacpp\windows-x86_64\api-ms-win-crt-runtime-l1-1-0.dll
0x0000000002ec0000 - 0x0000000002ec4000 	C:\Users\serpi\.javacpp\cache\opencv-3.4.3-1.4.3-windows-x86_64.jar\org\bytedeco\javacpp\windows-x86_64\api-ms-win-crt-convert-l1-1-0.dll
0x0000000002ed0000 - 0x0000000002ed3000 	C:\Users\serpi\.javacpp\cache\opencv-3.4.3-1.4.3-windows-x86_64.jar\org\bytedeco\javacpp\windows-x86_64\api-ms-win-crt-environment-l1-1-0.dll
0x000000001c910000 - 0x000000001c913000 	C:\Users\serpi\.javacpp\cache\opencv-3.4.3-1.4.3-windows-x86_64.jar\org\bytedeco\javacpp\windows-x86_64\api-ms-win-crt-time-l1-1-0.dll
0x000000001c920000 - 0x000000001c923000 	C:\Users\serpi\.javacpp\cache\opencv-3.4.3-1.4.3-windows-x86_64.jar\org\bytedeco\javacpp\windows-x86_64\api-ms-win-crt-filesystem-l1-1-0.dll
0x000000001c930000 - 0x000000001c933000 	C:\Users\serpi\.javacpp\cache\opencv-3.4.3-1.4.3-windows-x86_64.jar\org\bytedeco\javacpp\windows-x86_64\api-ms-win-crt-utility-l1-1-0.dll
0x000000001c940000 - 0x000000001c945000 	C:\Users\serpi\.javacpp\cache\opencv-3.4.3-1.4.3-windows-x86_64.jar\org\bytedeco\javacpp\windows-x86_64\api-ms-win-crt-multibyte-l1-1-0.dll
0x00007ffb76ff0000 - 0x00007ffb77007000 	C:\Users\serpi\.javacpp\cache\opencv-3.4.3-1.4.3-windows-x86_64.jar\org\bytedeco\javacpp\windows-x86_64\vcruntime140.dll
0x00007ffb67b00000 - 0x00007ffb67b9d000 	C:\Users\serpi\.javacpp\cache\opencv-3.4.3-1.4.3-windows-x86_64.jar\org\bytedeco\javacpp\windows-x86_64\msvcp140.dll
0x00007ffb75a50000 - 0x00007ffb75aa1000 	C:\Users\serpi\.javacpp\cache\opencv-3.4.3-1.4.3-windows-x86_64.jar\org\bytedeco\javacpp\windows-x86_64\concrt140.dll
0x00007ffb73410000 - 0x00007ffb7343e000 	C:\Users\serpi\.javacpp\cache\opencv-3.4.3-1.4.3-windows-x86_64.jar\org\bytedeco\javacpp\windows-x86_64\vcomp140.dll
0x00007ffb43660000 - 0x00007ffb43967000 	C:\Users\serpi\.javacpp\cache\opencv-3.4.3-1.4.3-windows-x86_64.jar\org\bytedeco\javacpp\windows-x86_64\opencv_core343.dll
0x00007ffb43240000 - 0x00007ffb4365c000 	C:\Users\serpi\.javacpp\cache\opencv-3.4.3-1.4.3-windows-x86_64.jar\org\bytedeco\javacpp\windows-x86_64\opencv_imgproc343.dll
0x00007ffb42e90000 - 0x00007ffb4323a000 	C:\Users\serpi\.javacpp\cache\opencv-3.4.3-1.4.3-windows-x86_64.jar\org\bytedeco\javacpp\windows-x86_64\jniopencv_core.dll
0x00007ffb7ef90000 - 0x00007ffb7f159000 	C:\Windows\SYSTEM32\dbghelp.dll

VM Arguments:
jvm_args: -agentlib:jdwp=transport=dt_socket,address=127.0.0.1:63822,suspend=y,server=n -javaagent:C:\Users\serpi\.IdeaIC2018.2\system\captureAgent\debugger-agent.jar=file:/C:/Users/serpi/AppData/Local/Temp/capture.props -Dfile.encoding=UTF-8 
java_command: org.deeplearning4j.tetris.Tetris
java_class_path (initial): C:\Program Files\Java\jdk1.8.0_181\jre\lib\charsets.jar;C:\Program Files\Java\jdk1.8.0_181\jre\lib\deploy.jar;C:\Program Files\Java\jdk1.8.0_181\jre\lib\ext\access-bridge-64.jar;C:\Program Files\Java\jdk1.8.0_181\jre\lib\ext\cldrdata.jar;C:\Program Files\Java\jdk1.8.0_181\jre\lib\ext\dnsns.jar;C:\Program Files\Java\jdk1.8.0_181\jre\lib\ext\jaccess.jar;C:\Program Files\Java\jdk1.8.0_181\jre\lib\ext\jfxrt.jar;C:\Program Files\Java\jdk1.8.0_181\jre\lib\ext\localedata.jar;C:\Program Files\Java\jdk1.8.0_181\jre\lib\ext\nashorn.jar;C:\Program Files\Java\jdk1.8.0_181\jre\lib\ext\sunec.jar;C:\Program Files\Java\jdk1.8.0_181\jre\lib\ext\sunjce_provider.jar;C:\Program Files\Java\jdk1.8.0_181\jre\lib\ext\sunmscapi.jar;C:\Program Files\Java\jdk1.8.0_181\jre\lib\ext\sunpkcs11.jar;C:\Program Files\Java\jdk1.8.0_181\jre\lib\ext\zipfs.jar;C:\Program Files\Java\jdk1.8.0_181\jre\lib\javaws.jar;C:\Program Files\Java\jdk1.8.0_181\jre\lib\jce.jar;C:\Program Files\Java\jdk1.8.0_181\jre\lib\jfr.jar;C:\Program Files\Java\jdk1.8.0_181\jre\lib\jfxswt.jar;C:\Program Files\Java\jdk1.8.0_181\jre\lib\jsse.jar;C:\Program Files\Java\jdk1.8.0_181\jre\lib\management-agent.jar;C:\Program Files\Java\jdk1.8.0_181\jre\lib\plugin.jar;C:\Program Files\Java\jdk1.8.0_181\jre\lib\resources.jar;C:\Program Files\Java\jdk1.8.0_181\jre\lib\rt.jar;C:\Users\serpi\Documents\Java Projects\dl4j-quickstart\target\classes;C:\Users\serpi\.m2\repository\org\deeplearning4j\rl4j\1.0.0-beta2;C:\Users\serpi\.m2\repository\org\bytedeco\javacpp-presets\ale-platform\0.6.0-1.4.1\ale-platform-0.6.0-1.4.1.jar;C:\Users\serpi\.m2\repository\org\bytedeco\javacpp-presets\ale\0.6.0-1.4.1\ale-0.6.0-1.4.1.jar;C:\Users\serpi\.m2\repository\org\bytedeco\javacpp-presets\ale\0.6.0-1.4.1\ale-0.6.0-1.4.1-linux-x86.jar;C:\Users\serpi\.m2\repository\org\bytedeco\javacpp-presets\ale\0.6.0-1.4.1\ale-0.6.0-1.4.1-linux-x86_64.jar;C:\Users\serpi\.m2\repository\org\bytedeco\javacpp-presets\ale\0.6.0-1.4.1\ale-0.6.0-1.4.1-m
Launcher Type: SUN_STANDARD

Environment Variables:
JAVA_HOME=C:\Program Files\Java\jdk1.8.0_181
PATH=C:\Program Files\NVIDIA GPU Computing Toolkit\CUDA\v9.0\bin;C:\Program Files\NVIDIA GPU Computing Toolkit\CUDA\v9.0\libnvvp;C:\Program Files (x86)\Common Files\Oracle\Java\javapath;C:\Windows\system32;C:\Windows;C:\Windows\System32\Wbem;C:\Windows\System32\WindowsPowerShell\v1.0\;C:\Windows\System32\OpenSSH\;C:\Program Files\dotnet\;C:\Program Files\Microsoft SQL Server\130\Tools\Binn\;C:\Program Files\Git\cmd;C:\Program Files (x86)\NVIDIA Corporation\PhysX\Common;C:\Users\serpi\cuda;C:\Program Files\NVIDIA Corporation\NVIDIA NvDLISR;C:\Windows\System32\cmd.exe;C:\Program Files\PuTTY\;C:\Program Files\NVIDIA GPU Computing Toolkit\CUDA\v9.0\lib\x64;C:\Program Files (x86)\Maven\bin;C:\Program Files (x86)\Microsoft Visual Studio 14.0\Common7\Tools;C:\Users\serpi\AppData\Local\Microsoft\WindowsApps;C:\Users\serpi\cuda;C:\Program Files\heroku\bin;C:\Program Files\NVIDIA GPU Computing Toolkit\CUDA\v9.0\bin;C:\Users\serpi\AppData\Local\Programs\Python\Python35;C:\Users\serpi\AppData\Local\Programs\Python\Python35\Scripts;
USERNAME=serpi
OS=Windows_NT
PROCESSOR_IDENTIFIER=Intel64 Family 6 Model 58 Stepping 9, GenuineIntel



---------------  S Y S T E M  ---------------

OS: Windows 10.0 , 64 bit Build 17134 (10.0.17134.706)

CPU:total 4 (initial active 4) (4 cores per cpu, 1 threads per core) family 6 model 58 stepping 9, cmov, cx8, fxsr, mmx, sse, sse2, sse3, ssse3, sse4.1, sse4.2, popcnt, avx, aes, clmul, erms, tsc, tscinvbit, tscinv

Memory: 4k page, physical 8331436k(2267392k free), swap 15933612k(4637296k free)

vm_info: Java HotSpot(TM) 64-Bit Server VM (25.181-b13) for windows-amd64 JRE (1.8.0_181-b13), built on Jul  7 2018 04:01:33 by "java_re" with MS VC++ 10.0 (VS2010)

time: Wed Apr 17 17:38:08 2019
elapsed time: 6 seconds (0d 0h 0m 6s)

